\BOOKMARK [1][-]{section.1}{Basic Code Overview}{}% 1
\BOOKMARK [1][-]{section.2}{Outline of Code}{}% 2
\BOOKMARK [1][-]{section.3}{Detailed Code Overview}{}% 3
\BOOKMARK [2][-]{subsection.3.1}{Load Image}{section.3}% 4
\BOOKMARK [2][-]{subsection.3.2}{Crop image}{section.3}% 5
\BOOKMARK [2][-]{subsection.3.3}{emboss Filter}{section.3}% 6
\BOOKMARK [2][-]{subsection.3.4}{shift\137diff Filter}{section.3}% 7
\BOOKMARK [2][-]{subsection.3.5}{Mask Pixels Above Threshold}{section.3}% 8
\BOOKMARK [2][-]{subsection.3.6}{Calculate Positions of Pixels}{section.3}% 9
\BOOKMARK [1][-]{section.4}{Outline of Math}{}% 10
\BOOKMARK [2][-]{subsection.4.1}{emboss}{section.4}% 11
\BOOKMARK [2][-]{subsection.4.2}{shift\137diff}{section.4}% 12
\BOOKMARK [1][-]{section.5}{Using convol\(\)}{}% 13
\BOOKMARK [2][-]{subsection.5.1}{Outline of Math}{section.5}% 14
\BOOKMARK [1][-]{section.6}{More Images}{}% 15
\BOOKMARK [1][-]{section.7}{Exercises}{}% 16
\BOOKMARK [1][-]{section.8}{Parameters}{}% 17
\BOOKMARK [1][-]{section.9}{Dealing With Fiducials on Edge}{}% 18
\BOOKMARK [2][-]{subsection.9.1}{Images}{section.9}% 19
\BOOKMARK [1][-]{section.10}{Drawbacks}{}% 20
\BOOKMARK [1][-]{section.11}{How to Break Code}{}% 21
