This is pdfTeX, Version 3.1415926-2.5-1.40.14 (TeX Live 2013) (format=pdflatex 2013.8.23)  27 AUG 2013 15:43
entering extended mode
 \write18 enabled.
 %&-line parsing enabled.
**"/Users/jerensuzuki/Documents/suncentering/tex files copy/grainysun.tex"
(/Users/jerensuzuki/Documents/suncentering/tex files copy/grainysun.tex
LaTeX2e <2011/06/27>
Babel <3.9f> and hyphenation patterns for 78 languages loaded.
(/usr/local/texlive/2013/texmf-dist/tex/latex/nag/nag.sty
Package: nag 2011/11/25 0.7 warning about old commands (ulmi)
\c@nag@c=\count79
\c@nag@sins=\count80
Package nag Info: Loaded nag-l2tabu.cfg  on input line 552.

(/usr/local/texlive/2013/texmf-dist/tex/latex/nag/nag-l2tabu.cfg
File: nag-l2tabu.cfg 2010/05/17 v2.11 l2tabu rules for nag.sty (ulmi)
)
Package nag Info: Loaded nag-orthodox.cfg  on input line 552.

(/usr/local/texlive/2013/texmf-dist/tex/latex/nag/nag-orthodox.cfg
File: nag-orthodox.cfg 2006/04/19 v1.8 strict rules for nag.sty (ulmi)
))
(/usr/local/texlive/2013/texmf-dist/tex/latex/koma-script/scrartcl.cls
Document Class: scrartcl 2012/07/29 v3.11b KOMA-Script document class (article)

(/usr/local/texlive/2013/texmf-dist/tex/latex/koma-script/scrkbase.sty
Package: scrkbase 2012/07/29 v3.11b KOMA-Script package (KOMA-Script-dependent 
basics and keyval usage)

(/usr/local/texlive/2013/texmf-dist/tex/latex/koma-script/scrbase.sty
Package: scrbase 2012/07/29 v3.11b KOMA-Script package (KOMA-Script-independent
 basics and keyval usage)

(/usr/local/texlive/2013/texmf-dist/tex/latex/graphics/keyval.sty
Package: keyval 1999/03/16 v1.13 key=value parser (DPC)
\KV@toks@=\toks14
)
(/usr/local/texlive/2013/texmf-dist/tex/latex/koma-script/scrlfile.sty
Package: scrlfile 2012/06/15 v3.12 KOMA-Script package (loading files)

Package scrlfile, 2012/06/15 v3.12 KOMA-Script package (loading files)
                  Copyright (C) Markus Kohm

))) (/usr/local/texlive/2013/texmf-dist/tex/latex/koma-script/tocbasic.sty
Package: tocbasic 2012/04/04 v3.10b KOMA-Script package (handling toc-files)
)
Package tocbasic Info: omitting babel extension for `toc'
(tocbasic)             because of feature `nobabel' available
(tocbasic)             for `toc' on input line 115.
Package tocbasic Info: omitting babel extension for `lof'
(tocbasic)             because of feature `nobabel' available
(tocbasic)             for `lof' on input line 116.
Package tocbasic Info: omitting babel extension for `lot'
(tocbasic)             because of feature `nobabel' available
(tocbasic)             for `lot' on input line 117.
Package scrartcl Info: You've used obsolete option `10pt'.
(scrartcl)             \KOMAExecuteOptions{fontsize=10pt} will be
(scrartcl)             used instead.
(scrartcl)             You may simply replace `10pt'
(scrartcl)             by `fontsize=10pt'.
Class scrartcl Info: File `scrsize10pt.clo' used to setup font sizes on input l
ine 1267.

(/usr/local/texlive/2013/texmf-dist/tex/latex/koma-script/scrsize10pt.clo
File: scrsize10pt.clo 2012/07/29 v3.11b KOMA-Script font size class option (10p
t)
)
(/usr/local/texlive/2013/texmf-dist/tex/latex/koma-script/typearea.sty
Package: typearea 2012/07/29 v3.11b KOMA-Script package (type area)

Package typearea, 2012/07/29 v3.11b KOMA-Script package (type area)
                  Copyright (C) Frank Neukam, 1992-1994
                  Copyright (C) Markus Kohm, 1994-

\ta@bcor=\skip41
\ta@div=\count81
\ta@hblk=\skip42
\ta@vblk=\skip43
\ta@temp=\skip44
Package typearea Info: These are the values describing the layout:
(typearea)             DIV  = 8
(typearea)             BCOR = 0.0pt
(typearea)             \paperwidth      = 597.50793pt
(typearea)              \textwidth      = 373.44246pt
(typearea)              DIV departure   = -4%
(typearea)              \evensidemargin = 39.76274pt
(typearea)              \oddsidemargin  = 39.76274pt
(typearea)             \paperheight     = 845.04694pt
(typearea)              \textheight     = 538.0pt
(typearea)              \topmargin      = 0.36087pt
(typearea)              \headheight     = 15.0pt
(typearea)              \headsep        = 18.0pt
(typearea)              \topskip        = 10.0pt
(typearea)              \footskip       = 42.0pt
(typearea)              \baselineskip   = 12.0pt
(typearea)              on input line 1213.
)
\c@part=\count82
\c@section=\count83
\c@subsection=\count84
\c@subsubsection=\count85
\c@paragraph=\count86
\c@subparagraph=\count87
\abovecaptionskip=\skip45
\belowcaptionskip=\skip46
\c@pti@nb@sid@b@x=\box26
\c@figure=\count88
\c@table=\count89
\bibindent=\dimen102
) (/usr/local/texlive/2013/texmf-dist/tex/latex/base/fontenc.sty
Package: fontenc 2005/09/27 v1.99g Standard LaTeX package

(/usr/local/texlive/2013/texmf-dist/tex/latex/base/t1enc.def
File: t1enc.def 2005/09/27 v1.99g Standard LaTeX file
LaTeX Font Info:    Redeclaring font encoding T1 on input line 43.
))
(/usr/local/texlive/2013/texmf-dist/tex/latex/amsmath/amsmath.sty
Package: amsmath 2013/01/14 v2.14 AMS math features
\@mathmargin=\skip47

For additional information on amsmath, use the `?' option.
(/usr/local/texlive/2013/texmf-dist/tex/latex/amsmath/amstext.sty
Package: amstext 2000/06/29 v2.01

(/usr/local/texlive/2013/texmf-dist/tex/latex/amsmath/amsgen.sty
File: amsgen.sty 1999/11/30 v2.0
\@emptytoks=\toks15
\ex@=\dimen103
))
(/usr/local/texlive/2013/texmf-dist/tex/latex/amsmath/amsbsy.sty
Package: amsbsy 1999/11/29 v1.2d
\pmbraise@=\dimen104
)
(/usr/local/texlive/2013/texmf-dist/tex/latex/amsmath/amsopn.sty
Package: amsopn 1999/12/14 v2.01 operator names
)
\inf@bad=\count90
LaTeX Info: Redefining \frac on input line 210.
\uproot@=\count91
\leftroot@=\count92
LaTeX Info: Redefining \overline on input line 306.
\classnum@=\count93
\DOTSCASE@=\count94
LaTeX Info: Redefining \ldots on input line 378.
LaTeX Info: Redefining \dots on input line 381.
LaTeX Info: Redefining \cdots on input line 466.
\Mathstrutbox@=\box27
\strutbox@=\box28
\big@size=\dimen105
LaTeX Font Info:    Redeclaring font encoding OML on input line 566.
LaTeX Font Info:    Redeclaring font encoding OMS on input line 567.
\macc@depth=\count95
\c@MaxMatrixCols=\count96
\dotsspace@=\muskip10
\c@parentequation=\count97
\dspbrk@lvl=\count98
\tag@help=\toks16
\row@=\count99
\column@=\count100
\maxfields@=\count101
\andhelp@=\toks17
\eqnshift@=\dimen106
\alignsep@=\dimen107
\tagshift@=\dimen108
\tagwidth@=\dimen109
\totwidth@=\dimen110
\lineht@=\dimen111
\@envbody=\toks18
\multlinegap=\skip48
\multlinetaggap=\skip49
\mathdisplay@stack=\toks19
LaTeX Info: Redefining \[ on input line 2665.
LaTeX Info: Redefining \] on input line 2666.
)
(/usr/local/texlive/2013/texmf-dist/tex/latex/amsfonts/amsfonts.sty
Package: amsfonts 2013/01/14 v3.01 Basic AMSFonts support
\symAMSa=\mathgroup4
\symAMSb=\mathgroup5
LaTeX Font Info:    Overwriting math alphabet `\mathfrak' in version `bold'
(Font)                  U/euf/m/n --> U/euf/b/n on input line 106.
)
(/usr/local/texlive/2013/texmf-dist/tex/latex/amsfonts/amssymb.sty
Package: amssymb 2013/01/14 v3.01 AMS font symbols
)
(/usr/local/texlive/2013/texmf-dist/tex/latex/mh/mathtools.sty
Package: mathtools 2013/02/12 v1.13 mathematical typesetting tools

(/usr/local/texlive/2013/texmf-dist/tex/latex/tools/calc.sty
Package: calc 2007/08/22 v4.3 Infix arithmetic (KKT,FJ)
\calc@Acount=\count102
\calc@Bcount=\count103
\calc@Adimen=\dimen112
\calc@Bdimen=\dimen113
\calc@Askip=\skip50
\calc@Bskip=\skip51
LaTeX Info: Redefining \setlength on input line 76.
LaTeX Info: Redefining \addtolength on input line 77.
\calc@Ccount=\count104
\calc@Cskip=\skip52
)
(/usr/local/texlive/2013/texmf-dist/tex/latex/mh/mhsetup.sty
Package: mhsetup 2010/01/21 v1.2a programming setup (MH)
)
LaTeX Info: Thecontrolsequence`\['isalreadyrobust on input line 129.
LaTeX Info: Thecontrolsequence`\]'isalreadyrobust on input line 129.
\g_MT_multlinerow_int=\count105
\l_MT_multwidth_dim=\dimen114
\origjot=\skip53
\l_MT_shortvdotswithinadjustabove_dim=\dimen115
\l_MT_shortvdotswithinadjustbelow_dim=\dimen116
\l_MT_above_intertext_sep=\dimen117
\l_MT_below_intertext_sep=\dimen118
\l_MT_above_shortintertext_sep=\dimen119
\l_MT_below_shortintertext_sep=\dimen120
)
(/usr/local/texlive/2013/texmf-dist/tex/latex/graphics/color.sty
Package: color 2005/11/14 v1.0j Standard LaTeX Color (DPC)

(/usr/local/texlive/2013/texmf-dist/tex/latex/latexconfig/color.cfg
File: color.cfg 2007/01/18 v1.5 color configuration of teTeX/TeXLive
)
Package color Info: Driver file: pdftex.def on input line 130.

(/usr/local/texlive/2013/texmf-dist/tex/latex/pdftex-def/pdftex.def
File: pdftex.def 2011/05/27 v0.06d Graphics/color for pdfTeX

(/usr/local/texlive/2013/texmf-dist/tex/generic/oberdiek/infwarerr.sty
Package: infwarerr 2010/04/08 v1.3 Providing info/warning/error messages (HO)
)
(/usr/local/texlive/2013/texmf-dist/tex/generic/oberdiek/ltxcmds.sty
Package: ltxcmds 2011/11/09 v1.22 LaTeX kernel commands for general use (HO)
)
\Gread@gobject=\count106
))
(/usr/local/texlive/2013/texmf-dist/tex/latex/soul/soul.sty
Package: soul 2003/11/17 v2.4 letterspacing/underlining (mf)
\SOUL@word=\toks20
\SOUL@lasttoken=\toks21
\SOUL@cmds=\toks22
\SOUL@buffer=\toks23
\SOUL@token=\toks24
\SOUL@spaceskip=\skip54
\SOUL@ttwidth=\dimen121
\SOUL@uldp=\dimen122
\SOUL@ulht=\dimen123
)
(/usr/local/texlive/2013/texmf-dist/tex/latex/preprint/fullpage.sty
Package: fullpage 1999/02/23 1.1 (PWD)
\FP@margin=\skip55
)
(/usr/local/texlive/2013/texmf-dist/tex/latex/tools/enumerate.sty
Package: enumerate 1999/03/05 v3.00 enumerate extensions (DPC)
\@enLab=\toks25
)
(/usr/local/texlive/2013/texmf-dist/tex/latex/graphics/graphicx.sty
Package: graphicx 1999/02/16 v1.0f Enhanced LaTeX Graphics (DPC,SPQR)

(/usr/local/texlive/2013/texmf-dist/tex/latex/graphics/graphics.sty
Package: graphics 2009/02/05 v1.0o Standard LaTeX Graphics (DPC,SPQR)

(/usr/local/texlive/2013/texmf-dist/tex/latex/graphics/trig.sty
Package: trig 1999/03/16 v1.09 sin cos tan (DPC)
)
(/usr/local/texlive/2013/texmf-dist/tex/latex/latexconfig/graphics.cfg
File: graphics.cfg 2010/04/23 v1.9 graphics configuration of TeX Live
)
Package graphics Info: Driver file: pdftex.def on input line 91.
)
\Gin@req@height=\dimen124
\Gin@req@width=\dimen125
)
(/usr/local/texlive/2013/texmf-dist/tex/latex/hyperref/hyperref.sty
Package: hyperref 2012/11/06 v6.83m Hypertext links for LaTeX

(/usr/local/texlive/2013/texmf-dist/tex/generic/oberdiek/hobsub-hyperref.sty
Package: hobsub-hyperref 2012/05/28 v1.13 Bundle oberdiek, subset hyperref (HO)


(/usr/local/texlive/2013/texmf-dist/tex/generic/oberdiek/hobsub-generic.sty
Package: hobsub-generic 2012/05/28 v1.13 Bundle oberdiek, subset generic (HO)
Package: hobsub 2012/05/28 v1.13 Construct package bundles (HO)
Package hobsub Info: Skipping package `infwarerr' (already loaded).
Package hobsub Info: Skipping package `ltxcmds' (already loaded).
Package: ifluatex 2010/03/01 v1.3 Provides the ifluatex switch (HO)
Package ifluatex Info: LuaTeX not detected.
Package: ifvtex 2010/03/01 v1.5 Detect VTeX and its facilities (HO)
Package ifvtex Info: VTeX not detected.
Package: intcalc 2007/09/27 v1.1 Expandable calculations with integers (HO)
Package: ifpdf 2011/01/30 v2.3 Provides the ifpdf switch (HO)
Package ifpdf Info: pdfTeX in PDF mode is detected.
Package: etexcmds 2011/02/16 v1.5 Avoid name clashes with e-TeX commands (HO)
Package etexcmds Info: Could not find \expanded.
(etexcmds)             That can mean that you are not using pdfTeX 1.50 or
(etexcmds)             that some package has redefined \expanded.
(etexcmds)             In the latter case, load this package earlier.
Package: kvsetkeys 2012/04/25 v1.16 Key value parser (HO)
Package: kvdefinekeys 2011/04/07 v1.3 Define keys (HO)
Package: pdftexcmds 2011/11/29 v0.20 Utility functions of pdfTeX for LuaTeX (HO
)
Package pdftexcmds Info: LuaTeX not detected.
Package pdftexcmds Info: \pdf@primitive is available.
Package pdftexcmds Info: \pdf@ifprimitive is available.
Package pdftexcmds Info: \pdfdraftmode found.
Package: pdfescape 2011/11/25 v1.13 Implements pdfTeX's escape features (HO)
Package: bigintcalc 2012/04/08 v1.3 Expandable calculations on big integers (HO
)
Package: bitset 2011/01/30 v1.1 Handle bit-vector datatype (HO)
Package: uniquecounter 2011/01/30 v1.2 Provide unlimited unique counter (HO)
)
Package hobsub Info: Skipping package `hobsub' (already loaded).
Package: letltxmacro 2010/09/02 v1.4 Let assignment for LaTeX macros (HO)
Package: hopatch 2012/05/28 v1.2 Wrapper for package hooks (HO)
Package: xcolor-patch 2011/01/30 xcolor patch
Package: atveryend 2011/06/30 v1.8 Hooks at the very end of document (HO)
Package atveryend Info: \enddocument detected (standard20110627).
Package: atbegshi 2011/10/05 v1.16 At begin shipout hook (HO)
Package: refcount 2011/10/16 v3.4 Data extraction from label references (HO)
Package: hycolor 2011/01/30 v1.7 Color options for hyperref/bookmark (HO)
)
(/usr/local/texlive/2013/texmf-dist/tex/generic/ifxetex/ifxetex.sty
Package: ifxetex 2010/09/12 v0.6 Provides ifxetex conditional
)
(/usr/local/texlive/2013/texmf-dist/tex/latex/oberdiek/auxhook.sty
Package: auxhook 2011/03/04 v1.3 Hooks for auxiliary files (HO)
)
(/usr/local/texlive/2013/texmf-dist/tex/latex/oberdiek/kvoptions.sty
Package: kvoptions 2011/06/30 v3.11 Key value format for package options (HO)
)
\@linkdim=\dimen126
\Hy@linkcounter=\count107
\Hy@pagecounter=\count108

(/usr/local/texlive/2013/texmf-dist/tex/latex/hyperref/pd1enc.def
File: pd1enc.def 2012/11/06 v6.83m Hyperref: PDFDocEncoding definition (HO)
)
\Hy@SavedSpaceFactor=\count109

(/usr/local/texlive/2013/texmf-dist/tex/latex/latexconfig/hyperref.cfg
File: hyperref.cfg 2002/06/06 v1.2 hyperref configuration of TeXLive
)
Package hyperref Info: Option `colorlinks' set `true' on input line 4319.
Package hyperref Info: Hyper figures OFF on input line 4443.
Package hyperref Info: Link nesting OFF on input line 4448.
Package hyperref Info: Hyper index ON on input line 4451.
Package hyperref Info: Plain pages OFF on input line 4458.
Package hyperref Info: Backreferencing OFF on input line 4463.
Package hyperref Info: Implicit mode ON; LaTeX internals redefined.
Package hyperref Info: Bookmarks ON on input line 4688.
\c@Hy@tempcnt=\count110

(/usr/local/texlive/2013/texmf-dist/tex/latex/url/url.sty
\Urlmuskip=\muskip11
Package: url 2006/04/12  ver 3.3  Verb mode for urls, etc.
)
LaTeX Info: Redefining \url on input line 5041.
\XeTeXLinkMargin=\dimen127
\Fld@menulength=\count111
\Field@Width=\dimen128
\Fld@charsize=\dimen129
Package hyperref Info: Hyper figures OFF on input line 6295.
Package hyperref Info: Link nesting OFF on input line 6300.
Package hyperref Info: Hyper index ON on input line 6303.
Package hyperref Info: backreferencing OFF on input line 6310.
Package hyperref Info: Link coloring ON on input line 6313.
Package hyperref Info: Link coloring with OCG OFF on input line 6320.
Package hyperref Info: PDF/A mode OFF on input line 6325.
LaTeX Info: Redefining \ref on input line 6365.
LaTeX Info: Redefining \pageref on input line 6369.
\Hy@abspage=\count112
\c@Item=\count113
\c@Hfootnote=\count114
)

Package hyperref Message: Driver (autodetected): hpdftex.

(/usr/local/texlive/2013/texmf-dist/tex/latex/hyperref/hpdftex.def
File: hpdftex.def 2012/11/06 v6.83m Hyperref driver for pdfTeX
\Fld@listcount=\count115
\c@bookmark@seq@number=\count116

(/usr/local/texlive/2013/texmf-dist/tex/latex/oberdiek/rerunfilecheck.sty
Package: rerunfilecheck 2011/04/15 v1.7 Rerun checks for auxiliary files (HO)
Package uniquecounter Info: New unique counter `rerunfilecheck' on input line 2
82.
)
\Hy@SectionHShift=\skip56
)
(/usr/local/texlive/2013/texmf-dist/tex/latex/caption/caption.sty
Package: caption 2013/05/02 v3.3-89 Customizing captions (AR)

(/usr/local/texlive/2013/texmf-dist/tex/latex/caption/caption3.sty
Package: caption3 2013/05/02 v1.6-88 caption3 kernel (AR)
Package caption3 Info: TeX engine: e-TeX on input line 57.
\captionmargin=\dimen130
\captionmargin@=\dimen131
\captionwidth=\dimen132
\caption@tempdima=\dimen133
\caption@indent=\dimen134
\caption@parindent=\dimen135
\caption@hangindent=\dimen136
)
Package caption Info: KOMA-Script document class.
\c@ContinuedFloat=\count117
Package caption Info: hyperref package is loaded.
)
(/usr/local/texlive/2013/texmf-dist/tex/latex/caption/subcaption.sty
Package: subcaption 2013/02/03 v1.1-62 Sub-captions (AR)
\c@subfigure=\count118
\c@subtable=\count119
)
(/usr/local/texlive/2013/../texmf-local/tex/latex/deluxetable/deluxetable.sty
Package: deluxetable 
\pt@box=\box29
\pt@width=\dimen137
\pt@line=\count120
\pt@column=\count121
\pt@nlines=\count122
\pt@ncol=\count123
\pt@page=\count124
\pt@tmpcapwidth=\dimen138
)
(/usr/local/texlive/2013/texmf-dist/tex/latex/tools/verbatim.sty
Package: verbatim 2003/08/22 v1.5q LaTeX2e package for verbatim enhancements
\every@verbatim=\toks26
\verbatim@line=\toks27
\verbatim@in@stream=\read1
)
(/usr/local/texlive/2013/texmf-dist/tex/latex/fancyvrb/fancyvrb.sty
Package: fancyvrb 2008/02/07

Style option: `fancyvrb' v2.7a, with DG/SPQR fixes, and firstline=lastline fix 
<2008/02/07> (tvz)
\FV@CodeLineNo=\count125
\FV@InFile=\read2
\FV@TabBox=\box30
\c@FancyVerbLine=\count126
\FV@StepNumber=\count127
\FV@OutFile=\write3
)
(/usr/local/texlive/2013/texmf-dist/tex/latex/listings/listings.sty
\lst@mode=\count128
\lst@gtempboxa=\box31
\lst@token=\toks28
\lst@length=\count129
\lst@currlwidth=\dimen139
\lst@column=\count130
\lst@pos=\count131
\lst@lostspace=\dimen140
\lst@width=\dimen141
\lst@newlines=\count132
\lst@lineno=\count133
\lst@maxwidth=\dimen142

(/usr/local/texlive/2013/texmf-dist/tex/latex/listings/lstmisc.sty
File: lstmisc.sty 2013/08/05 1.5a (Carsten Heinz)
\c@lstnumber=\count134
\lst@skipnumbers=\count135
\lst@framebox=\box32
)
(/usr/local/texlive/2013/texmf-dist/tex/latex/listings/listings.cfg
File: listings.cfg 2013/08/05 1.5a listings configuration
))
Package: listings 2013/08/05 1.5a (Carsten Heinz)

(/usr/local/texlive/2013/texmf-dist/tex/latex/acronym/acronym.sty
Package: acronym 2012/10/29 v1.38 Support for acronyms (Tobias Oetiker)

(/usr/local/texlive/2013/texmf-dist/tex/latex/bigfoot/suffix.sty
Package: suffix 2006/07/15 1.5 Variant command support
)
(/usr/local/texlive/2013/texmf-dist/tex/generic/xstring/xstring.sty
(/usr/local/texlive/2013/texmf-dist/tex/generic/xstring/xstring.tex
\@xs@message=\write4
\integerpart=\count136
\decimalpart=\count137
)
Package: xstring 2013/07/29  v1.7b  String manipulations (C Tellechea)
)
\AC@clearlist=\toks29
)
(/usr/local/texlive/2013/texmf-dist/tex/latex/amscls/amsthm.sty
Package: amsthm 2004/08/06 v2.20
\thm@style=\toks30
\thm@bodyfont=\toks31
\thm@headfont=\toks32
\thm@notefont=\toks33
\thm@headpunct=\toks34
\thm@preskip=\skip57
\thm@postskip=\skip58
\thm@headsep=\skip59
\dth@everypar=\toks35
)
(/usr/local/texlive/2013/texmf-dist/tex/latex/microtype/microtype.sty
Package: microtype 2013/05/23 v2.5a Micro-typographical refinements (RS)
\MT@toks=\toks36
\MT@count=\count138
LaTeX Info: Redefining \textls on input line 766.
\MT@outer@kern=\dimen143
LaTeX Info: Redefining \textmicrotypecontext on input line 1285.
\MT@listname@count=\count139

(/usr/local/texlive/2013/texmf-dist/tex/latex/microtype/microtype-pdftex.def
File: microtype-pdftex.def 2013/05/23 v2.5a Definitions specific to pdftex (RS)

LaTeX Info: Redefining \lsstyle on input line 915.
LaTeX Info: Redefining \lslig on input line 915.
\MT@outer@space=\skip60
)
Package microtype Info: Loading configuration file microtype.cfg.

(/usr/local/texlive/2013/texmf-dist/tex/latex/microtype/microtype.cfg
File: microtype.cfg 2013/05/23 v2.5a microtype main configuration file (RS)
))
(/usr/local/texlive/2013/texmf-dist/tex/latex/listings/lstlang1.sty
File: lstlang1.sty 2013/08/05 1.5a listings language file
)
(/usr/local/texlive/2013/texmf-dist/tex/latex/listings/lstlang1.sty
File: lstlang1.sty 2013/08/05 1.5a listings language file
)
(/usr/local/texlive/2013/texmf-dist/tex/latex/listings/lstmisc.sty
File: lstmisc.sty 2013/08/05 1.5a (Carsten Heinz)
)
(./grainysun.aux

LaTeX Warning: Label `ccpos' multiply defined.


LaTeX Warning: Label `ccpos' multiply defined.


LaTeX Warning: Label `cpos' multiply defined.

)
\openout1 = `grainysun.aux'.

LaTeX Font Info:    Checking defaults for OML/cmm/m/it on input line 50.
LaTeX Font Info:    ... okay on input line 50.
LaTeX Font Info:    Checking defaults for T1/cmr/m/n on input line 50.
LaTeX Font Info:    ... okay on input line 50.
LaTeX Font Info:    Checking defaults for OT1/cmr/m/n on input line 50.
LaTeX Font Info:    ... okay on input line 50.
LaTeX Font Info:    Checking defaults for OMS/cmsy/m/n on input line 50.
LaTeX Font Info:    ... okay on input line 50.
LaTeX Font Info:    Checking defaults for OMX/cmex/m/n on input line 50.
LaTeX Font Info:    ... okay on input line 50.
LaTeX Font Info:    Checking defaults for U/cmr/m/n on input line 50.
LaTeX Font Info:    ... okay on input line 50.
LaTeX Font Info:    Checking defaults for PD1/pdf/m/n on input line 50.
LaTeX Font Info:    ... okay on input line 50.
Package nag Info: Command \frontmatter not defined, skipping amendment on input
 line 50.
Package nag Info: Command \mainmatter not defined, skipping amendment on input 
line 50.
Package nag Info: Command \backmatter not defined, skipping amendment on input 
line 50.
Package nag Info: Command \RaggedLeft not defined, skipping amendment on input 
line 50.
Package nag Info: Command \RaggedRight not defined, skipping amendment on input
 line 50.
 (/usr/local/texlive/2013/texmf-dist/tex/context/base/supp-pdf.mkii
[Loading MPS to PDF converter (version 2006.09.02).]
\scratchcounter=\count140
\scratchdimen=\dimen144
\scratchbox=\box33
\nofMPsegments=\count141
\nofMParguments=\count142
\everyMPshowfont=\toks37
\MPscratchCnt=\count143
\MPscratchDim=\dimen145
\MPnumerator=\count144
\makeMPintoPDFobject=\count145
\everyMPtoPDFconversion=\toks38
) (/usr/local/texlive/2013/texmf-dist/tex/latex/oberdiek/epstopdf-base.sty
Package: epstopdf-base 2010/02/09 v2.5 Base part for package epstopdf

(/usr/local/texlive/2013/texmf-dist/tex/latex/oberdiek/grfext.sty
Package: grfext 2010/08/19 v1.1 Manage graphics extensions (HO)
)
Package grfext Info: Graphics extension search list:
(grfext)             [.png,.pdf,.jpg,.mps,.jpeg,.jbig2,.jb2,.PNG,.PDF,.JPG,.JPE
G,.JBIG2,.JB2,.eps]
(grfext)             \AppendGraphicsExtensions on input line 452.

(/usr/local/texlive/2013/texmf-dist/tex/latex/latexconfig/epstopdf-sys.cfg
File: epstopdf-sys.cfg 2010/07/13 v1.3 Configuration of (r)epstopdf for TeX Liv
e
))
\AtBeginShipoutBox=\box34
Package hyperref Info: Link coloring ON on input line 50.

(/usr/local/texlive/2013/texmf-dist/tex/latex/hyperref/nameref.sty
Package: nameref 2012/10/27 v2.43 Cross-referencing by name of section

(/usr/local/texlive/2013/texmf-dist/tex/generic/oberdiek/gettitlestring.sty
Package: gettitlestring 2010/12/03 v1.4 Cleanup title references (HO)
)
\c@section@level=\count146
)
LaTeX Info: Redefining \ref on input line 50.
LaTeX Info: Redefining \pageref on input line 50.
LaTeX Info: Redefining \nameref on input line 50.

(./grainysun.out) (./grainysun.out)
\@outlinefile=\write5
\openout5 = `grainysun.out'.

Package caption Info: Begin \AtBeginDocument code.
Package caption Info: listings package is loaded.
Package caption Info: End \AtBeginDocument code.
\c@lstlisting=\count147
LaTeX Info: Redefining \microtypecontext on input line 50.
Package microtype Info: Generating PDF output.
Package microtype Info: Character protrusion enabled (level 2),
(microtype)             factor: 1100.
Package microtype Info: Using default protrusion set `alltext'.
Package microtype Info: Automatic font expansion enabled (level 2),
(microtype)             stretch: 10, shrink: 10, step: 1, non-selected.
Package microtype Info: Using default expansion set `basictext'.
Package microtype Info: Tracking enabled.
Package microtype Info: Using default tracking set `smallcaps'.
Package microtype Info: Adjustment of interword spacing enabled.
Package microtype Info: Using default spacing set `basictext'.
Package microtype Info: Adjustment of character kerning enabled.
Package microtype Info: Using default kerning set `alltext'.

(/usr/local/texlive/2013/texmf-dist/tex/latex/microtype/mt-cmr.cfg
File: mt-cmr.cfg 2013/05/19 v2.2 microtype config. file: Computer Modern Roman 
(RS)
)

Package microtype Warning: \nonfrenchspacing is active. Adjustment of
(microtype)                interword spacing will disable it. You might want
(microtype)                to add `\microtypecontext{spacing=nonfrench}'
(microtype)                to your preamble.

Package nag Info: Command \hc@caption not defined, skipping amendment on input 
line 50.
Package nag Info: Command \topcaption not defined, skipping amendment on input 
line 50.
LaTeX Font Info:    Try loading font information for T1+cmss on input line 53.
(/usr/local/texlive/2013/texmf-dist/tex/latex/base/t1cmss.fd
File: t1cmss.fd 1999/05/25 v2.5h Standard LaTeX font definitions
)
Package microtype Info: Loading generic settings for font family
(microtype)             `cmss' (encoding: T1).
(microtype)             For optimal results, create family-specific settings.
(microtype)             See the microtype manual for details.
LaTeX Font Info:    Try loading font information for U+msa on input line 53.

(/usr/local/texlive/2013/texmf-dist/tex/latex/amsfonts/umsa.fd
File: umsa.fd 2013/01/14 v3.01 AMS symbols A
)
(/usr/local/texlive/2013/texmf-dist/tex/latex/microtype/mt-msa.cfg
File: mt-msa.cfg 2006/02/04 v1.1 microtype config. file: AMS symbols (a) (RS)
)
LaTeX Font Info:    Try loading font information for U+msb on input line 53.

(/usr/local/texlive/2013/texmf-dist/tex/latex/amsfonts/umsb.fd
File: umsb.fd 2013/01/14 v3.01 AMS symbols B
)
(/usr/local/texlive/2013/texmf-dist/tex/latex/microtype/mt-msb.cfg
File: mt-msb.cfg 2005/06/01 v1.0 microtype config. file: AMS symbols (b) (RS)
)
Package tocbasic Info: character protrusion at toc deactivated on input line 54
.

(./grainysun.toc)
\tf@toc=\write6
\openout6 = `grainysun.toc'.

 [1


{/usr/local/texlive/2013/texmf-var/fonts/map/pdftex/updmap/pdftex.map}]
Underfull \hbox (badness 10000) in paragraph at lines 59--60

 []

Package epstopdf Info: Source file: <../plots_tables_images/grainysun.eps>
(epstopdf)                    date: 2013-05-29 11:33:43
(epstopdf)                    size: 464135 bytes
(epstopdf)             Output file: <../plots_tables_images/grainysun-eps-conve
rted-to.pdf>
(epstopdf)                    date: 2013-05-29 11:35:11
(epstopdf)                    size: 101878 bytes
(epstopdf)             Command: <epstopdf --outfile=../plots_tables_images/grai
nysun-eps-converted-to.pdf ../plots_tables_images/grainysun.eps>
(epstopdf)             \includegraphics on input line 63.
Package epstopdf Info: Output file is already uptodate.

<../plots_tables_images/grainysun-eps-converted-to.pdf, id=50, 552.0625pt x 338
.26375pt>
File: ../plots_tables_images/grainysun-eps-converted-to.pdf Graphic file (type 
pdf)
 <use ../plots_tables_images/grainysun-eps-converted-to.pdf>
Package pdftex.def Info: ../plots_tables_images/grainysun-eps-converted-to.pdf 
used on input line 63.
(pdftex.def)             Requested size: 407.6684pt x 249.80026pt.
LaTeX Font Info:    Try loading font information for T1+cmtt on input line 72.

(/usr/local/texlive/2013/texmf-dist/tex/latex/base/t1cmtt.fd
File: t1cmtt.fd 1999/05/25 v2.5h Standard LaTeX font definitions
)
Package microtype Info: Loading generic settings for font family
(microtype)             `cmtt' (encoding: T1).
(microtype)             For optimal results, create family-specific settings.
(microtype)             See the microtype manual for details.


Package nag Warning: `center' environment in table.
(nag)                Maybe you want \centering instead on input line 85.


Package nag Warning: `center' environment in table.
(nag)                Maybe you want \centering instead on input line 85.

Table 1 has been set to width 317.79262pt

Package nag Warning: `center' environment in table.
(nag)                Maybe you want \centering instead on input line 150.

Package epstopdf Info: Source file: <../plots_tables_images/alpha_flow.eps>
(epstopdf)                    date: 2013-05-29 11:48:41
(epstopdf)                    size: 1488091 bytes
(epstopdf)             Output file: <../plots_tables_images/alpha_flow-eps-conv
erted-to.pdf>
(epstopdf)                    date: 2013-05-29 11:48:48
(epstopdf)                    size: 121468 bytes
(epstopdf)             Command: <epstopdf --outfile=../plots_tables_images/alph
a_flow-eps-converted-to.pdf ../plots_tables_images/alpha_flow.eps>
(epstopdf)             \includegraphics on input line 159.
Package epstopdf Info: Output file is already uptodate.

<../plots_tables_images/alpha_flow-eps-converted-to.pdf, id=52, 504.88625pt x 6
68.4975pt>
File: ../plots_tables_images/alpha_flow-eps-converted-to.pdf Graphic file (type
 pdf)
 <use ../plots_tables_images/alpha_flow-eps-converted-to.pdf>
Package pdftex.def Info: ../plots_tables_images/alpha_flow-eps-converted-to.pdf
 used on input line 159.
(pdftex.def)             Requested size: 407.6684pt x 539.77654pt.

[1

 <../plots_tables_images/grainysun-eps-converted-to.pdf>] [2] [3 <../plots_tabl
es_images/alpha_flow-eps-converted-to.pdf>]
LaTeX Font Info:    Try loading font information for OMS+cmss on input line 191
.
LaTeX Font Info:    No file OMScmss.fd. on input line 191.


LaTeX Font Warning: Font shape `OMS/cmss/m/n' undefined
(Font)              using `OMS/cmsy/m/n' instead
(Font)              for symbol `textasteriskcentered' on input line 191.

[4

]
Package epstopdf Info: Source file: <../plots_tables_images/myfid.eps>
(epstopdf)                    date: 2013-05-29 15:01:06
(epstopdf)                    size: 77213 bytes
(epstopdf)             Output file: <../plots_tables_images/myfid-eps-converted
-to.pdf>
(epstopdf)                    date: 2013-05-29 15:03:30
(epstopdf)                    size: 12032 bytes
(epstopdf)             Command: <epstopdf --outfile=../plots_tables_images/myfi
d-eps-converted-to.pdf ../plots_tables_images/myfid.eps>
(epstopdf)             \includegraphics on input line 252.
Package epstopdf Info: Output file is already uptodate.

<../plots_tables_images/myfid-eps-converted-to.pdf, id=172, 552.0625pt x 338.26
375pt>
File: ../plots_tables_images/myfid-eps-converted-to.pdf Graphic file (type pdf)

 <use ../plots_tables_images/myfid-eps-converted-to.pdf>
Package pdftex.def Info: ../plots_tables_images/myfid-eps-converted-to.pdf used
 on input line 252.
(pdftex.def)             Requested size: 264.98508pt x 162.3699pt.

Overfull \hbox (61.15088pt too wide) in paragraph at lines 252--253
 [][] 
 []

Package epstopdf Info: Source file: <../plots_tables_images/albfid.eps>
(epstopdf)                    date: 2013-05-29 15:01:49
(epstopdf)                    size: 77213 bytes
(epstopdf)             Output file: <../plots_tables_images/albfid-eps-converte
d-to.pdf>
(epstopdf)                    date: 2013-05-29 15:03:31
(epstopdf)                    size: 12078 bytes
(epstopdf)             Command: <epstopdf --outfile=../plots_tables_images/albf
id-eps-converted-to.pdf ../plots_tables_images/albfid.eps>
(epstopdf)             \includegraphics on input line 258.
Package epstopdf Info: Output file is already uptodate.

<../plots_tables_images/albfid-eps-converted-to.pdf, id=173, 552.0625pt x 338.2
6375pt>
File: ../plots_tables_images/albfid-eps-converted-to.pdf Graphic file (type pdf
)
 <use ../plots_tables_images/albfid-eps-converted-to.pdf>
Package pdftex.def Info: ../plots_tables_images/albfid-eps-converted-to.pdf use
d on input line 258.
(pdftex.def)             Requested size: 264.98508pt x 162.3699pt.

Overfull \hbox (61.15088pt too wide) in paragraph at lines 258--259
 [][] 
 []


Package nag Warning: `center' environment in table.
(nag)                Maybe you want \centering instead on input line 276.


Package nag Warning: `center' environment in table.
(nag)                Maybe you want \centering instead on input line 276.

Table 2 has been set to width 252.67104pt

Package nag Warning: `center' environment in table.
(nag)                Maybe you want \centering instead on input line 286.


Underfull \hbox (badness 10000) in paragraph at lines 294--295

 []

Package epstopdf Info: Source file: <../plots_tables_images/cutofftestside.eps>

(epstopdf)                    date: 2013-05-30 15:56:02
(epstopdf)                    size: 473879 bytes
(epstopdf)             Output file: <../plots_tables_images/cutofftestside-eps-
converted-to.pdf>
(epstopdf)                    date: 2013-05-30 16:01:05
(epstopdf)                    size: 134315 bytes
(epstopdf)             Command: <epstopdf --outfile=../plots_tables_images/cuto
fftestside-eps-converted-to.pdf ../plots_tables_images/cutofftestside.eps>
(epstopdf)             \includegraphics on input line 299.
Package epstopdf Info: Output file is already uptodate.

<../plots_tables_images/cutofftestside-eps-converted-to.pdf, id=177, 433.62pt x
 578.16pt>
File: ../plots_tables_images/cutofftestside-eps-converted-to.pdf Graphic file (
type pdf)
 <use ../plots_tables_images/cutofftestside-eps-converted-to.pdf>
Package pdftex.def Info: ../plots_tables_images/cutofftestside-eps-converted-to
.pdf used on input line 299.
(pdftex.def)             Requested size: 407.6684pt x 543.58516pt.
Package epstopdf Info: Source file: <../plots_tables_images/cutofftestcorner.ep
s>
(epstopdf)                    date: 2013-05-30 15:56:02
(epstopdf)                    size: 340234 bytes
(epstopdf)             Output file: <../plots_tables_images/cutofftestcorner-ep
s-converted-to.pdf>
(epstopdf)                    date: 2013-05-30 16:01:05
(epstopdf)                    size: 102642 bytes
(epstopdf)             Command: <epstopdf --outfile=../plots_tables_images/cuto
fftestcorner-eps-converted-to.pdf ../plots_tables_images/cutofftestcorner.eps>
(epstopdf)             \includegraphics on input line 305.
Package epstopdf Info: Output file is already uptodate.

<../plots_tables_images/cutofftestcorner-eps-converted-to.pdf, id=178, 433.62pt
 x 578.16pt>
File: ../plots_tables_images/cutofftestcorner-eps-converted-to.pdf Graphic file
 (type pdf)

<use ../plots_tables_images/cutofftestcorner-eps-converted-to.pdf>
Package pdftex.def Info: ../plots_tables_images/cutofftestcorner-eps-converted-
to.pdf used on input line 305.
(pdftex.def)             Requested size: 407.6684pt x 543.58516pt.


Package nag Warning: `center' environment in table.
(nag)                Maybe you want \centering instead on input line 319.


Package nag Warning: `center' environment in table.
(nag)                Maybe you want \centering instead on input line 319.

Table 3 has been set to width 290.40643pt

Package nag Warning: `center' environment in table.
(nag)                Maybe you want \centering instead on input line 331.


Package nag Warning: `center' environment in table.
(nag)                Maybe you want \centering instead on input line 342.


Package nag Warning: `center' environment in table.
(nag)                Maybe you want \centering instead on input line 342.

Table 4 has been set to width 290.40643pt

Package nag Warning: `center' environment in table.
(nag)                Maybe you want \centering instead on input line 354.

Package epstopdf Info: Source file: <../plots_tables_images/side5col.eps>
(epstopdf)                    date: 2013-05-30 16:40:11
(epstopdf)                    size: 366709 bytes
(epstopdf)             Output file: <../plots_tables_images/side5col-eps-conver
ted-to.pdf>
(epstopdf)                    date: 2013-05-30 16:40:52
(epstopdf)                    size: 104540 bytes
(epstopdf)             Command: <epstopdf --outfile=../plots_tables_images/side
5col-eps-converted-to.pdf ../plots_tables_images/side5col.eps>
(epstopdf)             \includegraphics on input line 358.
Package epstopdf Info: Output file is already uptodate.

<../plots_tables_images/side5col-eps-converted-to.pdf, id=181, 433.62pt x 289.0
8pt>
File: ../plots_tables_images/side5col-eps-converted-to.pdf Graphic file (type p
df)
 <use ../plots_tables_images/side5col-eps-converted-to.pdf>
Package pdftex.def Info: ../plots_tables_images/side5col-eps-converted-to.pdf u
sed on input line 358.
(pdftex.def)             Requested size: 407.6684pt x 271.79257pt.
Package epstopdf Info: Source file: <../plots_tables_images/diag5col.eps>
(epstopdf)                    date: 2013-05-30 16:40:11
(epstopdf)                    size: 297737 bytes
(epstopdf)             Output file: <../plots_tables_images/diag5col-eps-conver
ted-to.pdf>
(epstopdf)                    date: 2013-05-30 16:40:52
(epstopdf)                    size: 91193 bytes
(epstopdf)             Command: <epstopdf --outfile=../plots_tables_images/diag
5col-eps-converted-to.pdf ../plots_tables_images/diag5col.eps>
(epstopdf)             \includegraphics on input line 364.
Package epstopdf Info: Output file is already uptodate.

<../plots_tables_images/diag5col-eps-converted-to.pdf, id=182, 433.62pt x 289.0
8pt>
File: ../plots_tables_images/diag5col-eps-converted-to.pdf Graphic file (type p
df)
 <use ../plots_tables_images/diag5col-eps-converted-to.pdf>
Package pdftex.def Info: ../plots_tables_images/diag5col-eps-converted-to.pdf u
sed on input line 364.
(pdftex.def)             Requested size: 407.6684pt x 271.79257pt.


Package nag Warning: `center' environment in table.
(nag)                Maybe you want \centering instead on input line 380.


Package nag Warning: `center' environment in table.
(nag)                Maybe you want \centering instead on input line 380.

Table 5 has been set to width 493.1388pt

Package nag Warning: `center' environment in table.
(nag)                Maybe you want \centering instead on input line 389.


Overfull \hbox (40.17084pt too wide) in paragraph at lines 380--389
 [][][] 
 []


Package nag Warning: `center' environment in table.
(nag)                Maybe you want \centering instead on input line 404.


Package nag Warning: `center' environment in table.
(nag)                Maybe you want \centering instead on input line 404.

Table 6 has been set to width 493.1388pt

Package nag Warning: `center' environment in table.
(nag)                Maybe you want \centering instead on input line 413.


Overfull \hbox (40.17084pt too wide) in paragraph at lines 404--413
 [][][] 
 []


Underfull \hbox (badness 10000) in paragraph at lines 419--420

 []

[5

 <../plots_tables_images/myfid-eps-converted-to.pdf> <../plots_tables_images/al
bfid-eps-converted-to.pdf>] [6]
Package epstopdf Info: Source file: <../plots_tables_images/cutcorner.eps>
(epstopdf)                    date: 2013-05-31 13:52:09
(epstopdf)                    size: 1474800 bytes
(epstopdf)             Output file: <../plots_tables_images/cutcorner-eps-conve
rted-to.pdf>
(epstopdf)                    date: 2013-05-31 13:53:22
(epstopdf)                    size: 13201 bytes
(epstopdf)             Command: <epstopdf --outfile=../plots_tables_images/cutc
orner-eps-converted-to.pdf ../plots_tables_images/cutcorner.eps>
(epstopdf)             \includegraphics on input line 436.
Package epstopdf Info: Output file is already uptodate.

<../plots_tables_images/cutcorner-eps-converted-to.pdf, id=217, 552.0625pt x 33
8.26375pt>
File: ../plots_tables_images/cutcorner-eps-converted-to.pdf Graphic file (type 
pdf)
 <use ../plots_tables_images/cutcorner-eps-converted-to.pdf>
Package pdftex.def Info: ../plots_tables_images/cutcorner-eps-converted-to.pdf 
used on input line 436.
(pdftex.def)             Requested size: 264.98508pt x 162.3699pt.

Overfull \hbox (61.15088pt too wide) in paragraph at lines 436--437
 [][] 
 []

Package epstopdf Info: Source file: <../plots_tables_images/cutcornerwborder.ep
s>
(epstopdf)                    date: 2013-05-31 13:52:09
(epstopdf)                    size: 1368703 bytes
(epstopdf)             Output file: <../plots_tables_images/cutcornerwborder-ep
s-converted-to.pdf>
(epstopdf)                    date: 2013-05-31 13:53:22
(epstopdf)                    size: 14468 bytes
(epstopdf)             Command: <epstopdf --outfile=../plots_tables_images/cutc
ornerwborder-eps-converted-to.pdf ../plots_tables_images/cutcornerwborder.eps>
(epstopdf)             \includegraphics on input line 443.
Package epstopdf Info: Output file is already uptodate.

<../plots_tables_images/cutcornerwborder-eps-converted-to.pdf, id=218, 552.0625
pt x 338.26375pt>
File: ../plots_tables_images/cutcornerwborder-eps-converted-to.pdf Graphic file
 (type pdf)

<use ../plots_tables_images/cutcornerwborder-eps-converted-to.pdf>
Package pdftex.def Info: ../plots_tables_images/cutcornerwborder-eps-converted-
to.pdf used on input line 443.
(pdftex.def)             Requested size: 264.98508pt x 162.3699pt.

Overfull \hbox (61.15088pt too wide) in paragraph at lines 443--444
 [][] 
 []

[7 <../plots_tables_images/cutofftestside-eps-converted-to.pdf>]

Package nag Warning: `center' environment in table.
(nag)                Maybe you want \centering instead on input line 462.


Package nag Warning: `center' environment in table.
(nag)                Maybe you want \centering instead on input line 462.

Table 7 has been set to width 144.8998pt

Package nag Warning: `center' environment in table.
(nag)                Maybe you want \centering instead on input line 467.


Package nag Warning: 21 complaints in total.

Package atveryend Info: Empty hook `BeforeClearDocument' on input line 472.
[8 <../plots_tables_images/cutofftestcorner-eps-converted-to.pdf>] [9 <../plots
_tables_images/side5col-eps-converted-to.pdf> <../plots_tables_images/diag5col-
eps-converted-to.pdf>] [10 <../plots_tables_images/cutcorner-eps-converted-to.p
df> <../plots_tables_images/cutcornerwborder-eps-converted-to.pdf>]
Package atveryend Info: Empty hook `AfterLastShipout' on input line 472.

(./grainysun.aux)
Package atveryend Info: Executing hook `AtVeryEndDocument' on input line 472.
Package atveryend Info: Executing hook `AtEndAfterFileList' on input line 472.
Package rerunfilecheck Info: File `grainysun.out' has not changed.
(rerunfilecheck)             Checksum: C392530C0517AA1906EAF9019F5265BA;378.


LaTeX Font Warning: Some font shapes were not available, defaults substituted.


LaTeX Warning: There were multiply-defined labels.

Package atveryend Info: Empty hook `AtVeryVeryEnd' on input line 472.
 ) 
Here is how much of TeX's memory you used:
 13846 strings out of 493311
 219180 string characters out of 6137850
 544314 words of memory out of 5000000
 16931 multiletter control sequences out of 15000+600000
 22760 words of font info for 79 fonts, out of 8000000 for 9000
 957 hyphenation exceptions out of 8191
 40i,13n,58p,474b,1272s stack positions out of 5000i,500n,10000p,200000b,80000s
{/usr/local/texlive/2013/texmf-dist/fonts/enc/dvips/cm-super/cm-super-t1.enc}
</usr/local/texlive/2013/texmf-dist/fonts/type1/public/amsfonts/cm/cmmi7.pfb></
usr/local/texlive/2013/texmf-dist/fonts/type1/public/amsfonts/cm/cmsy7.pfb></us
r/local/texlive/2013/texmf-dist/fonts/type1/public/amsfonts/cm/cmsy8.pfb></usr/
local/texlive/2013/texmf-dist/fonts/type1/public/cm-super/sfrm0500.pfb></usr/lo
cal/texlive/2013/texmf-dist/fonts/type1/public/cm-super/sfrm0700.pfb></usr/loca
l/texlive/2013/texmf-dist/fonts/type1/public/cm-super/sfrm0800.pfb></usr/local/
texlive/2013/texmf-dist/fonts/type1/public/cm-super/sfrm0900.pfb></usr/local/te
xlive/2013/texmf-dist/fonts/type1/public/cm-super/sfrm1000.pfb></usr/local/texl
ive/2013/texmf-dist/fonts/type1/public/cm-super/sfrm1440.pfb></usr/local/texliv
e/2013/texmf-dist/fonts/type1/public/cm-super/sfsi0800.pfb></usr/local/texlive/
2013/texmf-dist/fonts/type1/public/cm-super/sfss0800.pfb></usr/local/texlive/20
13/texmf-dist/fonts/type1/public/cm-super/sfsx0800.pfb></usr/local/texlive/2013
/texmf-dist/fonts/type1/public/cm-super/sfsx1000.pfb></usr/local/texlive/2013/t
exmf-dist/fonts/type1/public/cm-super/sfsx1440.pfb></usr/local/texlive/2013/tex
mf-dist/fonts/type1/public/cm-super/sfsx2074.pfb></usr/local/texlive/2013/texmf
-dist/fonts/type1/public/cm-super/sfti1000.pfb></usr/local/texlive/2013/texmf-d
ist/fonts/type1/public/cm-super/sftt1000.pfb>
Output written on grainysun.pdf (11 pages, 983790 bytes).
PDF statistics:
 364 PDF objects out of 1000 (max. 8388607)
 270 compressed objects within 3 object streams
 102 named destinations out of 1000 (max. 500000)
 24683 words of extra memory for PDF output out of 24883 (max. 10000000)

