This is pdfTeX, Version 3.1415926-2.5-1.40.14 (TeX Live 2013) (format=pdflatex 2013.8.23)  27 AUG 2013 15:43
entering extended mode
 \write18 enabled.
 %&-line parsing enabled.
**"/Users/jerensuzuki/Documents/suncentering/tex files copy/multisuncentroid.te
x"
(/Users/jerensuzuki/Documents/suncentering/tex files copy/multisuncentroid.tex
LaTeX2e <2011/06/27>
Babel <3.9f> and hyphenation patterns for 78 languages loaded.
(/usr/local/texlive/2013/texmf-dist/tex/latex/nag/nag.sty
Package: nag 2011/11/25 0.7 warning about old commands (ulmi)
\c@nag@c=\count79
\c@nag@sins=\count80
Package nag Info: Loaded nag-l2tabu.cfg  on input line 552.

(/usr/local/texlive/2013/texmf-dist/tex/latex/nag/nag-l2tabu.cfg
File: nag-l2tabu.cfg 2010/05/17 v2.11 l2tabu rules for nag.sty (ulmi)
)
Package nag Info: Loaded nag-orthodox.cfg  on input line 552.

(/usr/local/texlive/2013/texmf-dist/tex/latex/nag/nag-orthodox.cfg
File: nag-orthodox.cfg 2006/04/19 v1.8 strict rules for nag.sty (ulmi)
))
(/usr/local/texlive/2013/texmf-dist/tex/latex/koma-script/scrartcl.cls
Document Class: scrartcl 2012/07/29 v3.11b KOMA-Script document class (article)

(/usr/local/texlive/2013/texmf-dist/tex/latex/koma-script/scrkbase.sty
Package: scrkbase 2012/07/29 v3.11b KOMA-Script package (KOMA-Script-dependent 
basics and keyval usage)

(/usr/local/texlive/2013/texmf-dist/tex/latex/koma-script/scrbase.sty
Package: scrbase 2012/07/29 v3.11b KOMA-Script package (KOMA-Script-independent
 basics and keyval usage)

(/usr/local/texlive/2013/texmf-dist/tex/latex/graphics/keyval.sty
Package: keyval 1999/03/16 v1.13 key=value parser (DPC)
\KV@toks@=\toks14
)
(/usr/local/texlive/2013/texmf-dist/tex/latex/koma-script/scrlfile.sty
Package: scrlfile 2012/06/15 v3.12 KOMA-Script package (loading files)

Package scrlfile, 2012/06/15 v3.12 KOMA-Script package (loading files)
                  Copyright (C) Markus Kohm

))) (/usr/local/texlive/2013/texmf-dist/tex/latex/koma-script/tocbasic.sty
Package: tocbasic 2012/04/04 v3.10b KOMA-Script package (handling toc-files)
)
Package tocbasic Info: omitting babel extension for `toc'
(tocbasic)             because of feature `nobabel' available
(tocbasic)             for `toc' on input line 115.
Package tocbasic Info: omitting babel extension for `lof'
(tocbasic)             because of feature `nobabel' available
(tocbasic)             for `lof' on input line 116.
Package tocbasic Info: omitting babel extension for `lot'
(tocbasic)             because of feature `nobabel' available
(tocbasic)             for `lot' on input line 117.
Package scrartcl Info: You've used obsolete option `10pt'.
(scrartcl)             \KOMAExecuteOptions{fontsize=10pt} will be
(scrartcl)             used instead.
(scrartcl)             You may simply replace `10pt'
(scrartcl)             by `fontsize=10pt'.
Class scrartcl Info: File `scrsize10pt.clo' used to setup font sizes on input l
ine 1267.

(/usr/local/texlive/2013/texmf-dist/tex/latex/koma-script/scrsize10pt.clo
File: scrsize10pt.clo 2012/07/29 v3.11b KOMA-Script font size class option (10p
t)
)
(/usr/local/texlive/2013/texmf-dist/tex/latex/koma-script/typearea.sty
Package: typearea 2012/07/29 v3.11b KOMA-Script package (type area)

Package typearea, 2012/07/29 v3.11b KOMA-Script package (type area)
                  Copyright (C) Frank Neukam, 1992-1994
                  Copyright (C) Markus Kohm, 1994-

\ta@bcor=\skip41
\ta@div=\count81
\ta@hblk=\skip42
\ta@vblk=\skip43
\ta@temp=\skip44
Package typearea Info: These are the values describing the layout:
(typearea)             DIV  = 8
(typearea)             BCOR = 0.0pt
(typearea)             \paperwidth      = 597.50793pt
(typearea)              \textwidth      = 373.44246pt
(typearea)              DIV departure   = -4%
(typearea)              \evensidemargin = 39.76274pt
(typearea)              \oddsidemargin  = 39.76274pt
(typearea)             \paperheight     = 845.04694pt
(typearea)              \textheight     = 538.0pt
(typearea)              \topmargin      = 0.36087pt
(typearea)              \headheight     = 15.0pt
(typearea)              \headsep        = 18.0pt
(typearea)              \topskip        = 10.0pt
(typearea)              \footskip       = 42.0pt
(typearea)              \baselineskip   = 12.0pt
(typearea)              on input line 1213.
)
\c@part=\count82
\c@section=\count83
\c@subsection=\count84
\c@subsubsection=\count85
\c@paragraph=\count86
\c@subparagraph=\count87
\abovecaptionskip=\skip45
\belowcaptionskip=\skip46
\c@pti@nb@sid@b@x=\box26
\c@figure=\count88
\c@table=\count89
\bibindent=\dimen102
) (/usr/local/texlive/2013/texmf-dist/tex/latex/base/fontenc.sty
Package: fontenc 2005/09/27 v1.99g Standard LaTeX package

(/usr/local/texlive/2013/texmf-dist/tex/latex/base/t1enc.def
File: t1enc.def 2005/09/27 v1.99g Standard LaTeX file
LaTeX Font Info:    Redeclaring font encoding T1 on input line 43.
))
(/usr/local/texlive/2013/texmf-dist/tex/latex/amsmath/amsmath.sty
Package: amsmath 2013/01/14 v2.14 AMS math features
\@mathmargin=\skip47

For additional information on amsmath, use the `?' option.
(/usr/local/texlive/2013/texmf-dist/tex/latex/amsmath/amstext.sty
Package: amstext 2000/06/29 v2.01

(/usr/local/texlive/2013/texmf-dist/tex/latex/amsmath/amsgen.sty
File: amsgen.sty 1999/11/30 v2.0
\@emptytoks=\toks15
\ex@=\dimen103
))
(/usr/local/texlive/2013/texmf-dist/tex/latex/amsmath/amsbsy.sty
Package: amsbsy 1999/11/29 v1.2d
\pmbraise@=\dimen104
)
(/usr/local/texlive/2013/texmf-dist/tex/latex/amsmath/amsopn.sty
Package: amsopn 1999/12/14 v2.01 operator names
)
\inf@bad=\count90
LaTeX Info: Redefining \frac on input line 210.
\uproot@=\count91
\leftroot@=\count92
LaTeX Info: Redefining \overline on input line 306.
\classnum@=\count93
\DOTSCASE@=\count94
LaTeX Info: Redefining \ldots on input line 378.
LaTeX Info: Redefining \dots on input line 381.
LaTeX Info: Redefining \cdots on input line 466.
\Mathstrutbox@=\box27
\strutbox@=\box28
\big@size=\dimen105
LaTeX Font Info:    Redeclaring font encoding OML on input line 566.
LaTeX Font Info:    Redeclaring font encoding OMS on input line 567.
\macc@depth=\count95
\c@MaxMatrixCols=\count96
\dotsspace@=\muskip10
\c@parentequation=\count97
\dspbrk@lvl=\count98
\tag@help=\toks16
\row@=\count99
\column@=\count100
\maxfields@=\count101
\andhelp@=\toks17
\eqnshift@=\dimen106
\alignsep@=\dimen107
\tagshift@=\dimen108
\tagwidth@=\dimen109
\totwidth@=\dimen110
\lineht@=\dimen111
\@envbody=\toks18
\multlinegap=\skip48
\multlinetaggap=\skip49
\mathdisplay@stack=\toks19
LaTeX Info: Redefining \[ on input line 2665.
LaTeX Info: Redefining \] on input line 2666.
)
(/usr/local/texlive/2013/texmf-dist/tex/latex/amsfonts/amsfonts.sty
Package: amsfonts 2013/01/14 v3.01 Basic AMSFonts support
\symAMSa=\mathgroup4
\symAMSb=\mathgroup5
LaTeX Font Info:    Overwriting math alphabet `\mathfrak' in version `bold'
(Font)                  U/euf/m/n --> U/euf/b/n on input line 106.
)
(/usr/local/texlive/2013/texmf-dist/tex/latex/amsfonts/amssymb.sty
Package: amssymb 2013/01/14 v3.01 AMS font symbols
)
(/usr/local/texlive/2013/texmf-dist/tex/latex/mh/mathtools.sty
Package: mathtools 2013/02/12 v1.13 mathematical typesetting tools

(/usr/local/texlive/2013/texmf-dist/tex/latex/tools/calc.sty
Package: calc 2007/08/22 v4.3 Infix arithmetic (KKT,FJ)
\calc@Acount=\count102
\calc@Bcount=\count103
\calc@Adimen=\dimen112
\calc@Bdimen=\dimen113
\calc@Askip=\skip50
\calc@Bskip=\skip51
LaTeX Info: Redefining \setlength on input line 76.
LaTeX Info: Redefining \addtolength on input line 77.
\calc@Ccount=\count104
\calc@Cskip=\skip52
)
(/usr/local/texlive/2013/texmf-dist/tex/latex/mh/mhsetup.sty
Package: mhsetup 2010/01/21 v1.2a programming setup (MH)
)
LaTeX Info: Thecontrolsequence`\['isalreadyrobust on input line 129.
LaTeX Info: Thecontrolsequence`\]'isalreadyrobust on input line 129.
\g_MT_multlinerow_int=\count105
\l_MT_multwidth_dim=\dimen114
\origjot=\skip53
\l_MT_shortvdotswithinadjustabove_dim=\dimen115
\l_MT_shortvdotswithinadjustbelow_dim=\dimen116
\l_MT_above_intertext_sep=\dimen117
\l_MT_below_intertext_sep=\dimen118
\l_MT_above_shortintertext_sep=\dimen119
\l_MT_below_shortintertext_sep=\dimen120
)
(/usr/local/texlive/2013/texmf-dist/tex/latex/graphics/color.sty
Package: color 2005/11/14 v1.0j Standard LaTeX Color (DPC)

(/usr/local/texlive/2013/texmf-dist/tex/latex/latexconfig/color.cfg
File: color.cfg 2007/01/18 v1.5 color configuration of teTeX/TeXLive
)
Package color Info: Driver file: pdftex.def on input line 130.

(/usr/local/texlive/2013/texmf-dist/tex/latex/pdftex-def/pdftex.def
File: pdftex.def 2011/05/27 v0.06d Graphics/color for pdfTeX

(/usr/local/texlive/2013/texmf-dist/tex/generic/oberdiek/infwarerr.sty
Package: infwarerr 2010/04/08 v1.3 Providing info/warning/error messages (HO)
)
(/usr/local/texlive/2013/texmf-dist/tex/generic/oberdiek/ltxcmds.sty
Package: ltxcmds 2011/11/09 v1.22 LaTeX kernel commands for general use (HO)
)
\Gread@gobject=\count106
))
(/usr/local/texlive/2013/texmf-dist/tex/latex/soul/soul.sty
Package: soul 2003/11/17 v2.4 letterspacing/underlining (mf)
\SOUL@word=\toks20
\SOUL@lasttoken=\toks21
\SOUL@cmds=\toks22
\SOUL@buffer=\toks23
\SOUL@token=\toks24
\SOUL@spaceskip=\skip54
\SOUL@ttwidth=\dimen121
\SOUL@uldp=\dimen122
\SOUL@ulht=\dimen123
)
(/usr/local/texlive/2013/texmf-dist/tex/latex/preprint/fullpage.sty
Package: fullpage 1999/02/23 1.1 (PWD)
\FP@margin=\skip55
)
(/usr/local/texlive/2013/texmf-dist/tex/latex/tools/enumerate.sty
Package: enumerate 1999/03/05 v3.00 enumerate extensions (DPC)
\@enLab=\toks25
)
(/usr/local/texlive/2013/texmf-dist/tex/latex/graphics/graphicx.sty
Package: graphicx 1999/02/16 v1.0f Enhanced LaTeX Graphics (DPC,SPQR)

(/usr/local/texlive/2013/texmf-dist/tex/latex/graphics/graphics.sty
Package: graphics 2009/02/05 v1.0o Standard LaTeX Graphics (DPC,SPQR)

(/usr/local/texlive/2013/texmf-dist/tex/latex/graphics/trig.sty
Package: trig 1999/03/16 v1.09 sin cos tan (DPC)
)
(/usr/local/texlive/2013/texmf-dist/tex/latex/latexconfig/graphics.cfg
File: graphics.cfg 2010/04/23 v1.9 graphics configuration of TeX Live
)
Package graphics Info: Driver file: pdftex.def on input line 91.
)
\Gin@req@height=\dimen124
\Gin@req@width=\dimen125
)
(/usr/local/texlive/2013/texmf-dist/tex/latex/hyperref/hyperref.sty
Package: hyperref 2012/11/06 v6.83m Hypertext links for LaTeX

(/usr/local/texlive/2013/texmf-dist/tex/generic/oberdiek/hobsub-hyperref.sty
Package: hobsub-hyperref 2012/05/28 v1.13 Bundle oberdiek, subset hyperref (HO)


(/usr/local/texlive/2013/texmf-dist/tex/generic/oberdiek/hobsub-generic.sty
Package: hobsub-generic 2012/05/28 v1.13 Bundle oberdiek, subset generic (HO)
Package: hobsub 2012/05/28 v1.13 Construct package bundles (HO)
Package hobsub Info: Skipping package `infwarerr' (already loaded).
Package hobsub Info: Skipping package `ltxcmds' (already loaded).
Package: ifluatex 2010/03/01 v1.3 Provides the ifluatex switch (HO)
Package ifluatex Info: LuaTeX not detected.
Package: ifvtex 2010/03/01 v1.5 Detect VTeX and its facilities (HO)
Package ifvtex Info: VTeX not detected.
Package: intcalc 2007/09/27 v1.1 Expandable calculations with integers (HO)
Package: ifpdf 2011/01/30 v2.3 Provides the ifpdf switch (HO)
Package ifpdf Info: pdfTeX in PDF mode is detected.
Package: etexcmds 2011/02/16 v1.5 Avoid name clashes with e-TeX commands (HO)
Package etexcmds Info: Could not find \expanded.
(etexcmds)             That can mean that you are not using pdfTeX 1.50 or
(etexcmds)             that some package has redefined \expanded.
(etexcmds)             In the latter case, load this package earlier.
Package: kvsetkeys 2012/04/25 v1.16 Key value parser (HO)
Package: kvdefinekeys 2011/04/07 v1.3 Define keys (HO)
Package: pdftexcmds 2011/11/29 v0.20 Utility functions of pdfTeX for LuaTeX (HO
)
Package pdftexcmds Info: LuaTeX not detected.
Package pdftexcmds Info: \pdf@primitive is available.
Package pdftexcmds Info: \pdf@ifprimitive is available.
Package pdftexcmds Info: \pdfdraftmode found.
Package: pdfescape 2011/11/25 v1.13 Implements pdfTeX's escape features (HO)
Package: bigintcalc 2012/04/08 v1.3 Expandable calculations on big integers (HO
)
Package: bitset 2011/01/30 v1.1 Handle bit-vector datatype (HO)
Package: uniquecounter 2011/01/30 v1.2 Provide unlimited unique counter (HO)
)
Package hobsub Info: Skipping package `hobsub' (already loaded).
Package: letltxmacro 2010/09/02 v1.4 Let assignment for LaTeX macros (HO)
Package: hopatch 2012/05/28 v1.2 Wrapper for package hooks (HO)
Package: xcolor-patch 2011/01/30 xcolor patch
Package: atveryend 2011/06/30 v1.8 Hooks at the very end of document (HO)
Package atveryend Info: \enddocument detected (standard20110627).
Package: atbegshi 2011/10/05 v1.16 At begin shipout hook (HO)
Package: refcount 2011/10/16 v3.4 Data extraction from label references (HO)
Package: hycolor 2011/01/30 v1.7 Color options for hyperref/bookmark (HO)
)
(/usr/local/texlive/2013/texmf-dist/tex/generic/ifxetex/ifxetex.sty
Package: ifxetex 2010/09/12 v0.6 Provides ifxetex conditional
)
(/usr/local/texlive/2013/texmf-dist/tex/latex/oberdiek/auxhook.sty
Package: auxhook 2011/03/04 v1.3 Hooks for auxiliary files (HO)
)
(/usr/local/texlive/2013/texmf-dist/tex/latex/oberdiek/kvoptions.sty
Package: kvoptions 2011/06/30 v3.11 Key value format for package options (HO)
)
\@linkdim=\dimen126
\Hy@linkcounter=\count107
\Hy@pagecounter=\count108

(/usr/local/texlive/2013/texmf-dist/tex/latex/hyperref/pd1enc.def
File: pd1enc.def 2012/11/06 v6.83m Hyperref: PDFDocEncoding definition (HO)
)
\Hy@SavedSpaceFactor=\count109

(/usr/local/texlive/2013/texmf-dist/tex/latex/latexconfig/hyperref.cfg
File: hyperref.cfg 2002/06/06 v1.2 hyperref configuration of TeXLive
)
Package hyperref Info: Option `colorlinks' set `true' on input line 4319.
Package hyperref Info: Hyper figures OFF on input line 4443.
Package hyperref Info: Link nesting OFF on input line 4448.
Package hyperref Info: Hyper index ON on input line 4451.
Package hyperref Info: Plain pages OFF on input line 4458.
Package hyperref Info: Backreferencing OFF on input line 4463.
Package hyperref Info: Implicit mode ON; LaTeX internals redefined.
Package hyperref Info: Bookmarks ON on input line 4688.
\c@Hy@tempcnt=\count110

(/usr/local/texlive/2013/texmf-dist/tex/latex/url/url.sty
\Urlmuskip=\muskip11
Package: url 2006/04/12  ver 3.3  Verb mode for urls, etc.
)
LaTeX Info: Redefining \url on input line 5041.
\XeTeXLinkMargin=\dimen127
\Fld@menulength=\count111
\Field@Width=\dimen128
\Fld@charsize=\dimen129
Package hyperref Info: Hyper figures OFF on input line 6295.
Package hyperref Info: Link nesting OFF on input line 6300.
Package hyperref Info: Hyper index ON on input line 6303.
Package hyperref Info: backreferencing OFF on input line 6310.
Package hyperref Info: Link coloring ON on input line 6313.
Package hyperref Info: Link coloring with OCG OFF on input line 6320.
Package hyperref Info: PDF/A mode OFF on input line 6325.
LaTeX Info: Redefining \ref on input line 6365.
LaTeX Info: Redefining \pageref on input line 6369.
\Hy@abspage=\count112
\c@Item=\count113
\c@Hfootnote=\count114
)

Package hyperref Message: Driver (autodetected): hpdftex.

(/usr/local/texlive/2013/texmf-dist/tex/latex/hyperref/hpdftex.def
File: hpdftex.def 2012/11/06 v6.83m Hyperref driver for pdfTeX
\Fld@listcount=\count115
\c@bookmark@seq@number=\count116

(/usr/local/texlive/2013/texmf-dist/tex/latex/oberdiek/rerunfilecheck.sty
Package: rerunfilecheck 2011/04/15 v1.7 Rerun checks for auxiliary files (HO)
Package uniquecounter Info: New unique counter `rerunfilecheck' on input line 2
82.
)
\Hy@SectionHShift=\skip56
)
(/usr/local/texlive/2013/texmf-dist/tex/latex/caption/caption.sty
Package: caption 2013/05/02 v3.3-89 Customizing captions (AR)

(/usr/local/texlive/2013/texmf-dist/tex/latex/caption/caption3.sty
Package: caption3 2013/05/02 v1.6-88 caption3 kernel (AR)
Package caption3 Info: TeX engine: e-TeX on input line 57.
\captionmargin=\dimen130
\captionmargin@=\dimen131
\captionwidth=\dimen132
\caption@tempdima=\dimen133
\caption@indent=\dimen134
\caption@parindent=\dimen135
\caption@hangindent=\dimen136
)
Package caption Info: KOMA-Script document class.
\c@ContinuedFloat=\count117
Package caption Info: hyperref package is loaded.
)
(/usr/local/texlive/2013/texmf-dist/tex/latex/caption/subcaption.sty
Package: subcaption 2013/02/03 v1.1-62 Sub-captions (AR)
\c@subfigure=\count118
\c@subtable=\count119
)
(/usr/local/texlive/2013/../texmf-local/tex/latex/deluxetable/deluxetable.sty
Package: deluxetable 
\pt@box=\box29
\pt@width=\dimen137
\pt@line=\count120
\pt@column=\count121
\pt@nlines=\count122
\pt@ncol=\count123
\pt@page=\count124
\pt@tmpcapwidth=\dimen138
)
(/usr/local/texlive/2013/texmf-dist/tex/latex/microtype/microtype.sty
Package: microtype 2013/05/23 v2.5a Micro-typographical refinements (RS)
\MT@toks=\toks26
\MT@count=\count125
LaTeX Info: Redefining \textls on input line 766.
\MT@outer@kern=\dimen139
LaTeX Info: Redefining \textmicrotypecontext on input line 1285.
\MT@listname@count=\count126

(/usr/local/texlive/2013/texmf-dist/tex/latex/microtype/microtype-pdftex.def
File: microtype-pdftex.def 2013/05/23 v2.5a Definitions specific to pdftex (RS)

LaTeX Info: Redefining \lsstyle on input line 915.
LaTeX Info: Redefining \lslig on input line 915.
\MT@outer@space=\skip57
)
Package microtype Info: Loading configuration file microtype.cfg.

(/usr/local/texlive/2013/texmf-dist/tex/latex/microtype/microtype.cfg
File: microtype.cfg 2013/05/23 v2.5a microtype main configuration file (RS)
))
(./multisuncentroid.aux)
\openout1 = `multisuncentroid.aux'.

LaTeX Font Info:    Checking defaults for OML/cmm/m/it on input line 24.
LaTeX Font Info:    ... okay on input line 24.
LaTeX Font Info:    Checking defaults for T1/cmr/m/n on input line 24.
LaTeX Font Info:    ... okay on input line 24.
LaTeX Font Info:    Checking defaults for OT1/cmr/m/n on input line 24.
LaTeX Font Info:    ... okay on input line 24.
LaTeX Font Info:    Checking defaults for OMS/cmsy/m/n on input line 24.
LaTeX Font Info:    ... okay on input line 24.
LaTeX Font Info:    Checking defaults for OMX/cmex/m/n on input line 24.
LaTeX Font Info:    ... okay on input line 24.
LaTeX Font Info:    Checking defaults for U/cmr/m/n on input line 24.
LaTeX Font Info:    ... okay on input line 24.
LaTeX Font Info:    Checking defaults for PD1/pdf/m/n on input line 24.
LaTeX Font Info:    ... okay on input line 24.
Package nag Info: Command \frontmatter not defined, skipping amendment on input
 line 24.
Package nag Info: Command \mainmatter not defined, skipping amendment on input 
line 24.
Package nag Info: Command \backmatter not defined, skipping amendment on input 
line 24.
Package nag Info: Command \RaggedLeft not defined, skipping amendment on input 
line 24.
Package nag Info: Command \RaggedRight not defined, skipping amendment on input
 line 24.

(/usr/local/texlive/2013/texmf-dist/tex/context/base/supp-pdf.mkii
[Loading MPS to PDF converter (version 2006.09.02).]
\scratchcounter=\count127
\scratchdimen=\dimen140
\scratchbox=\box30
\nofMPsegments=\count128
\nofMParguments=\count129
\everyMPshowfont=\toks27
\MPscratchCnt=\count130
\MPscratchDim=\dimen141
\MPnumerator=\count131
\makeMPintoPDFobject=\count132
\everyMPtoPDFconversion=\toks28
) (/usr/local/texlive/2013/texmf-dist/tex/latex/oberdiek/epstopdf-base.sty
Package: epstopdf-base 2010/02/09 v2.5 Base part for package epstopdf

(/usr/local/texlive/2013/texmf-dist/tex/latex/oberdiek/grfext.sty
Package: grfext 2010/08/19 v1.1 Manage graphics extensions (HO)
)
Package grfext Info: Graphics extension search list:
(grfext)             [.png,.pdf,.jpg,.mps,.jpeg,.jbig2,.jb2,.PNG,.PDF,.JPG,.JPE
G,.JBIG2,.JB2,.eps]
(grfext)             \AppendGraphicsExtensions on input line 452.

(/usr/local/texlive/2013/texmf-dist/tex/latex/latexconfig/epstopdf-sys.cfg
File: epstopdf-sys.cfg 2010/07/13 v1.3 Configuration of (r)epstopdf for TeX Liv
e
))
\AtBeginShipoutBox=\box31
Package hyperref Info: Link coloring ON on input line 24.

(/usr/local/texlive/2013/texmf-dist/tex/latex/hyperref/nameref.sty
Package: nameref 2012/10/27 v2.43 Cross-referencing by name of section

(/usr/local/texlive/2013/texmf-dist/tex/generic/oberdiek/gettitlestring.sty
Package: gettitlestring 2010/12/03 v1.4 Cleanup title references (HO)
)
\c@section@level=\count133
)
LaTeX Info: Redefining \ref on input line 24.
LaTeX Info: Redefining \pageref on input line 24.
LaTeX Info: Redefining \nameref on input line 24.

(./multisuncentroid.out) (./multisuncentroid.out)
\@outlinefile=\write3
\openout3 = `multisuncentroid.out'.

Package caption Info: Begin \AtBeginDocument code.
Package caption Info: End \AtBeginDocument code.
LaTeX Info: Redefining \microtypecontext on input line 24.
Package microtype Info: Generating PDF output.
Package microtype Info: Character protrusion enabled (level 2),
(microtype)             factor: 1100.
Package microtype Info: Using default protrusion set `alltext'.
Package microtype Info: Automatic font expansion enabled (level 2),
(microtype)             stretch: 10, shrink: 10, step: 1, non-selected.
Package microtype Info: Using default expansion set `basictext'.
Package microtype Info: Tracking enabled.
Package microtype Info: Using default tracking set `smallcaps'.
Package microtype Info: Adjustment of interword spacing enabled.
Package microtype Info: Using default spacing set `basictext'.
Package microtype Info: Adjustment of character kerning enabled.
Package microtype Info: Using default kerning set `alltext'.

(/usr/local/texlive/2013/texmf-dist/tex/latex/microtype/mt-cmr.cfg
File: mt-cmr.cfg 2013/05/19 v2.2 microtype config. file: Computer Modern Roman 
(RS)
)

Package microtype Warning: \nonfrenchspacing is active. Adjustment of
(microtype)                interword spacing will disable it. You might want
(microtype)                to add `\microtypecontext{spacing=nonfrench}'
(microtype)                to your preamble.

Package nag Info: Command \hc@caption not defined, skipping amendment on input 
line 24.
Package nag Info: Command \topcaption not defined, skipping amendment on input 
line 24.
LaTeX Font Info:    Try loading font information for T1+cmss on input line 27.
(/usr/local/texlive/2013/texmf-dist/tex/latex/base/t1cmss.fd
File: t1cmss.fd 1999/05/25 v2.5h Standard LaTeX font definitions
)
Package microtype Info: Loading generic settings for font family
(microtype)             `cmss' (encoding: T1).
(microtype)             For optimal results, create family-specific settings.
(microtype)             See the microtype manual for details.
LaTeX Font Info:    Try loading font information for U+msa on input line 27.

(/usr/local/texlive/2013/texmf-dist/tex/latex/amsfonts/umsa.fd
File: umsa.fd 2013/01/14 v3.01 AMS symbols A
)
(/usr/local/texlive/2013/texmf-dist/tex/latex/microtype/mt-msa.cfg
File: mt-msa.cfg 2006/02/04 v1.1 microtype config. file: AMS symbols (a) (RS)
)
LaTeX Font Info:    Try loading font information for U+msb on input line 27.

(/usr/local/texlive/2013/texmf-dist/tex/latex/amsfonts/umsb.fd
File: umsb.fd 2013/01/14 v3.01 AMS symbols B
)
(/usr/local/texlive/2013/texmf-dist/tex/latex/microtype/mt-msb.cfg
File: mt-msb.cfg 2005/06/01 v1.0 microtype config. file: AMS symbols (b) (RS)
)
Package tocbasic Info: character protrusion at toc deactivated on input line 28
.

(./multisuncentroid.toc)
\tf@toc=\write4
\openout4 = `multisuncentroid.toc'.

 [1


{/usr/local/texlive/2013/texmf-var/fonts/map/pdftex/updmap/pdftex.map}]
LaTeX Font Info:    Try loading font information for T1+cmtt on input line 34.

(/usr/local/texlive/2013/texmf-dist/tex/latex/base/t1cmtt.fd
File: t1cmtt.fd 1999/05/25 v2.5h Standard LaTeX font definitions
)
Package microtype Info: Loading generic settings for font family
(microtype)             `cmtt' (encoding: T1).
(microtype)             For optimal results, create family-specific settings.
(microtype)             See the microtype manual for details.
LaTeX Font Info:    Try loading font information for OMS+cmr on input line 37.

(/usr/local/texlive/2013/texmf-dist/tex/latex/base/omscmr.fd
File: omscmr.fd 1999/05/25 v2.5h Standard LaTeX font definitions
)
LaTeX Font Info:    Font shape `OMS/cmr/m/n' in size <10> not available
(Font)              Font shape `OMS/cmsy/m/n' tried instead on input line 37.

Underfull \hbox (badness 10000) in paragraph at lines 53--54

 []


Package nag Warning: `center' environment in table.
(nag)                Maybe you want \centering instead on input line 66.


Package nag Warning: `center' environment in table.
(nag)                Maybe you want \centering instead on input line 66.

Table 1 has been set to width 501.33101pt

Package nag Warning: `center' environment in table.
(nag)                Maybe you want \centering instead on input line 124.


Overfull \hbox (48.36305pt too wide) in paragraph at lines 66--124
 [][][][] 
 []

[1

]
Underfull \hbox (badness 10000) in paragraph at lines 160--161

 []

Package epstopdf Info: Source file: <../plots_tables_images/firstsmoothonly.eps
>
(epstopdf)                    date: 2013-05-10 11:42:00
(epstopdf)                    size: 98840 bytes
(epstopdf)             Output file: <../plots_tables_images/firstsmoothonly-eps
-converted-to.pdf>
(epstopdf)                    date: 2013-05-10 12:01:38
(epstopdf)                    size: 38370 bytes
(epstopdf)             Command: <epstopdf --outfile=../plots_tables_images/firs
tsmoothonly-eps-converted-to.pdf ../plots_tables_images/firstsmoothonly.eps>
(epstopdf)             \includegraphics on input line 167.
Package epstopdf Info: Output file is already uptodate.

<../plots_tables_images/firstsmoothonly-eps-converted-to.pdf, id=46, 552.0625pt
 x 338.26375pt>
File: ../plots_tables_images/firstsmoothonly-eps-converted-to.pdf Graphic file 
(type pdf)

<use ../plots_tables_images/firstsmoothonly-eps-converted-to.pdf>
Package pdftex.def Info: ../plots_tables_images/firstsmoothonly-eps-converted-t
o.pdf used on input line 167.
(pdftex.def)             Requested size: 221.95677pt x 135.9999pt.
Package epstopdf Info: Source file: <../plots_tables_images/nowrap.eps>
(epstopdf)                    date: 2013-05-10 11:42:00
(epstopdf)                    size: 92977 bytes
(epstopdf)             Output file: <../plots_tables_images/nowrap-eps-converte
d-to.pdf>
(epstopdf)                    date: 2013-05-10 12:01:38
(epstopdf)                    size: 16100 bytes
(epstopdf)             Command: <epstopdf --outfile=../plots_tables_images/nowr
ap-eps-converted-to.pdf ../plots_tables_images/nowrap.eps>
(epstopdf)             \includegraphics on input line 172.
Package epstopdf Info: Output file is already uptodate.

<../plots_tables_images/nowrap-eps-converted-to.pdf, id=47, 552.0625pt x 338.26
375pt>
File: ../plots_tables_images/nowrap-eps-converted-to.pdf Graphic file (type pdf
)
 <use ../plots_tables_images/nowrap-eps-converted-to.pdf>
Package pdftex.def Info: ../plots_tables_images/nowrap-eps-converted-to.pdf use
d on input line 172.
(pdftex.def)             Requested size: 221.95677pt x 135.9999pt.
Package epstopdf Info: Source file: <../plots_tables_images/justsmooth.eps>
(epstopdf)                    date: 2013-05-10 11:42:00
(epstopdf)                    size: 92745 bytes
(epstopdf)             Output file: <../plots_tables_images/justsmooth-eps-conv
erted-to.pdf>
(epstopdf)                    date: 2013-05-10 12:01:38
(epstopdf)                    size: 18014 bytes
(epstopdf)             Command: <epstopdf --outfile=../plots_tables_images/just
smooth-eps-converted-to.pdf ../plots_tables_images/justsmooth.eps>
(epstopdf)             \includegraphics on input line 178.
Package epstopdf Info: Output file is already uptodate.

<../plots_tables_images/justsmooth-eps-converted-to.pdf, id=48, 552.0625pt x 33
8.26375pt>
File: ../plots_tables_images/justsmooth-eps-converted-to.pdf Graphic file (type
 pdf)
 <use ../plots_tables_images/justsmooth-eps-converted-to.pdf>
Package pdftex.def Info: ../plots_tables_images/justsmooth-eps-converted-to.pdf
 used on input line 178.
(pdftex.def)             Requested size: 221.95677pt x 135.9999pt.
Package epstopdf Info: Source file: <../plots_tables_images/doubletssmooth.eps>

(epstopdf)                    date: 2013-05-10 11:42:00
(epstopdf)                    size: 92749 bytes
(epstopdf)             Output file: <../plots_tables_images/doubletssmooth-eps-
converted-to.pdf>
(epstopdf)                    date: 2013-05-10 12:01:39
(epstopdf)                    size: 18143 bytes
(epstopdf)             Command: <epstopdf --outfile=../plots_tables_images/doub
letssmooth-eps-converted-to.pdf ../plots_tables_images/doubletssmooth.eps>
(epstopdf)             \includegraphics on input line 183.
Package epstopdf Info: Output file is already uptodate.

<../plots_tables_images/doubletssmooth-eps-converted-to.pdf, id=49, 552.0625pt 
x 338.26375pt>
File: ../plots_tables_images/doubletssmooth-eps-converted-to.pdf Graphic file (
type pdf)

<use ../plots_tables_images/doubletssmooth-eps-converted-to.pdf>
Package pdftex.def Info: ../plots_tables_images/doubletssmooth-eps-converted-to
.pdf used on input line 183.
(pdftex.def)             Requested size: 221.95677pt x 135.9999pt.
Package epstopdf Info: Source file: <../plots_tables_images/sm_firstsmoothonly.
eps>
(epstopdf)                    date: 2013-05-10 12:12:54
(epstopdf)                    size: 94771 bytes
(epstopdf)             Output file: <../plots_tables_images/sm_firstsmoothonly-
eps-converted-to.pdf>
(epstopdf)                    date: 2013-05-10 12:14:43
(epstopdf)                    size: 9461 bytes
(epstopdf)             Command: <epstopdf --outfile=../plots_tables_images/sm_f
irstsmoothonly-eps-converted-to.pdf ../plots_tables_images/sm_firstsmoothonly.e
ps>
(epstopdf)             \includegraphics on input line 191.
Package epstopdf Info: Output file is already uptodate.

<../plots_tables_images/sm_firstsmoothonly-eps-converted-to.pdf, id=50, 552.062
5pt x 338.26375pt>
File: ../plots_tables_images/sm_firstsmoothonly-eps-converted-to.pdf Graphic fi
le (type pdf)

<use ../plots_tables_images/sm_firstsmoothonly-eps-converted-to.pdf>
Package pdftex.def Info: ../plots_tables_images/sm_firstsmoothonly-eps-converte
d-to.pdf used on input line 191.
(pdftex.def)             Requested size: 221.95677pt x 135.9999pt.
Package epstopdf Info: Source file: <../plots_tables_images/sm_nowrap.eps>
(epstopdf)                    date: 2013-05-10 12:12:54
(epstopdf)                    size: 92873 bytes
(epstopdf)             Output file: <../plots_tables_images/sm_nowrap-eps-conve
rted-to.pdf>
(epstopdf)                    date: 2013-05-10 12:14:43
(epstopdf)                    size: 11936 bytes
(epstopdf)             Command: <epstopdf --outfile=../plots_tables_images/sm_n
owrap-eps-converted-to.pdf ../plots_tables_images/sm_nowrap.eps>
(epstopdf)             \includegraphics on input line 196.
Package epstopdf Info: Output file is already uptodate.

<../plots_tables_images/sm_nowrap-eps-converted-to.pdf, id=51, 552.0625pt x 338
.26375pt>
File: ../plots_tables_images/sm_nowrap-eps-converted-to.pdf Graphic file (type 
pdf)
 <use ../plots_tables_images/sm_nowrap-eps-converted-to.pdf>
Package pdftex.def Info: ../plots_tables_images/sm_nowrap-eps-converted-to.pdf 
used on input line 196.
(pdftex.def)             Requested size: 221.95677pt x 135.9999pt.
Package epstopdf Info: Source file: <../plots_tables_images/sm_justsmooth.eps>
(epstopdf)                    date: 2013-05-10 12:12:54
(epstopdf)                    size: 92857 bytes
(epstopdf)             Output file: <../plots_tables_images/sm_justsmooth-eps-c
onverted-to.pdf>
(epstopdf)                    date: 2013-05-10 12:14:43
(epstopdf)                    size: 11922 bytes
(epstopdf)             Command: <epstopdf --outfile=../plots_tables_images/sm_j
ustsmooth-eps-converted-to.pdf ../plots_tables_images/sm_justsmooth.eps>
(epstopdf)             \includegraphics on input line 202.
Package epstopdf Info: Output file is already uptodate.

<../plots_tables_images/sm_justsmooth-eps-converted-to.pdf, id=52, 552.0625pt x
 338.26375pt>
File: ../plots_tables_images/sm_justsmooth-eps-converted-to.pdf Graphic file (t
ype pdf)
 <use ../plots_tables_images/sm_justsmooth-eps-converted-to.pdf>
Package pdftex.def Info: ../plots_tables_images/sm_justsmooth-eps-converted-to.
pdf used on input line 202.
(pdftex.def)             Requested size: 221.95677pt x 135.9999pt.
Package epstopdf Info: Source file: <../plots_tables_images/sm_doubletssmooth.e
ps>
(epstopdf)                    date: 2013-05-10 12:12:54
(epstopdf)                    size: 92857 bytes
(epstopdf)             Output file: <../plots_tables_images/sm_doubletssmooth-e
ps-converted-to.pdf>
(epstopdf)                    date: 2013-05-10 12:14:43
(epstopdf)                    size: 11922 bytes
(epstopdf)             Command: <epstopdf --outfile=../plots_tables_images/sm_d
oubletssmooth-eps-converted-to.pdf ../plots_tables_images/sm_doubletssmooth.eps
>
(epstopdf)             \includegraphics on input line 208.
Package epstopdf Info: Output file is already uptodate.

<../plots_tables_images/sm_doubletssmooth-eps-converted-to.pdf, id=53, 552.0625
pt x 338.26375pt>
File: ../plots_tables_images/sm_doubletssmooth-eps-converted-to.pdf Graphic fil
e (type pdf)

<use ../plots_tables_images/sm_doubletssmooth-eps-converted-to.pdf>
Package pdftex.def Info: ../plots_tables_images/sm_doubletssmooth-eps-converted
-to.pdf used on input line 208.
(pdftex.def)             Requested size: 221.95677pt x 135.9999pt.


Package nag Warning: `center' environment in figure.
(nag)                Maybe you want \centering instead on input line 214.


LaTeX Warning: Float too large for page by 22.59857pt on input line 215.


LaTeX Warning: `!h' float specifier changed to `!ht'.


Underfull \hbox (badness 10000) in paragraph at lines 217--218

 []


Underfull \hbox (badness 10000) in paragraph at lines 219--220

 []


Underfull \hbox (badness 10000) in paragraph at lines 221--222

 []

[2]
Underfull \hbox (badness 10000) in paragraph at lines 223--224

 []

<../plots_tables_images/beta_flowchart.pdf, id=79, 540.0175pt x 663.47874pt>
File: ../plots_tables_images/beta_flowchart.pdf Graphic file (type pdf)

<use ../plots_tables_images/beta_flowchart.pdf>
Package pdftex.def Info: ../plots_tables_images/beta_flowchart.pdf used on inpu
t line 230.
(pdftex.def)             Requested size: 407.6684pt x 500.87784pt.


Package nag Warning: figure with no \caption on input line 231.


Package nag Warning: 5 complaints in total.

Package atveryend Info: Empty hook `BeforeClearDocument' on input line 241.
[3] [4 <../plots_tables_images/firstsmoothonly-eps-converted-to.pdf> <../plots_
tables_images/nowrap-eps-converted-to.pdf> <../plots_tables_images/justsmooth-e
ps-converted-to.pdf> <../plots_tables_images/doubletssmooth-eps-converted-to.pd
f> <../plots_tables_images/sm_firstsmoothonly-eps-converted-to.pdf> <../plots_t
ables_images/sm_nowrap-eps-converted-to.pdf> <../plots_tables_images/sm_justsmo
oth-eps-converted-to.pdf> <../plots_tables_images/sm_doubletssmooth-eps-convert
ed-to.pdf>] [5 <../plots_tables_images/beta_flowchart.pdf>]
Package atveryend Info: Empty hook `AfterLastShipout' on input line 241.

(./multisuncentroid.aux)
Package atveryend Info: Executing hook `AtVeryEndDocument' on input line 241.
Package atveryend Info: Executing hook `AtEndAfterFileList' on input line 241.
Package rerunfilecheck Info: File `multisuncentroid.out' has not changed.
(rerunfilecheck)             Checksum: 7A16F16E386310C4898D902C4CF8A22C;196.
Package atveryend Info: Empty hook `AtVeryVeryEnd' on input line 241.
 ) 
Here is how much of TeX's memory you used:
 11361 strings out of 493311
 182622 string characters out of 6137850
 331097 words of memory out of 5000000
 14575 multiletter control sequences out of 15000+600000
 15697 words of font info for 59 fonts, out of 8000000 for 9000
 957 hyphenation exceptions out of 8191
 40i,9n,46p,722b,741s stack positions out of 5000i,500n,10000p,200000b,80000s
{/usr/local/texlive/2013/texmf-dist/fonts/enc/dvips/cm-super/cm-super-t1.enc}
</usr/local/texlive/2013/texmf-dist/fonts/type1/public/amsfonts/cm/cmsy10.pfb><
/usr/local/texlive/2013/texmf-dist/fonts/type1/public/cm-super/sfrm0700.pfb></u
sr/local/texlive/2013/texmf-dist/fonts/type1/public/cm-super/sfrm0900.pfb></usr
/local/texlive/2013/texmf-dist/fonts/type1/public/cm-super/sfrm1000.pfb></usr/l
ocal/texlive/2013/texmf-dist/fonts/type1/public/cm-super/sfrm1440.pfb></usr/loc
al/texlive/2013/texmf-dist/fonts/type1/public/cm-super/sfsx1000.pfb></usr/local
/texlive/2013/texmf-dist/fonts/type1/public/cm-super/sfsx1440.pfb></usr/local/t
exlive/2013/texmf-dist/fonts/type1/public/cm-super/sfsx2074.pfb></usr/local/tex
live/2013/texmf-dist/fonts/type1/public/cm-super/sfti1000.pfb></usr/local/texli
ve/2013/texmf-dist/fonts/type1/public/cm-super/sftt0900.pfb></usr/local/texlive
/2013/texmf-dist/fonts/type1/public/cm-super/sftt1000.pfb>
Output written on multisuncentroid.pdf (6 pages, 354409 bytes).
PDF statistics:
 263 PDF objects out of 1000 (max. 8388607)
 193 compressed objects within 2 object streams
 34 named destinations out of 1000 (max. 500000)
 15438 words of extra memory for PDF output out of 17280 (max. 10000000)

