This is pdfTeX, Version 3.1415926-2.4-1.40.13 (TeX Live 2012) (format=pdflatex 2013.2.22)  4 MAR 2013 15:44
entering extended mode
 restricted \write18 enabled.
 %&-line parsing enabled.
**fidcomp_table.tex
(./fidcomp_table.tex
LaTeX2e <2011/06/27>
Babel <v3.8m> and hyphenation patterns for english, dumylang, nohyphenation, ge
rman-x-2012-05-30, ngerman-x-2012-05-30, afrikaans, ancientgreek, ibycus, arabi
c, armenian, basque, bulgarian, catalan, pinyin, coptic, croatian, czech, danis
h, dutch, ukenglish, usenglishmax, esperanto, estonian, ethiopic, farsi, finnis
h, french, friulan, galician, german, ngerman, swissgerman, monogreek, greek, h
ungarian, icelandic, assamese, bengali, gujarati, hindi, kannada, malayalam, ma
rathi, oriya, panjabi, tamil, telugu, indonesian, interlingua, irish, italian, 
kurmanji, latin, latvian, lithuanian, mongolian, mongolianlmc, bokmal, nynorsk,
 piedmontese, polish, portuguese, romanian, romansh, russian, sanskrit, serbian
, serbianc, slovak, slovenian, spanish, swedish, turkish, turkmen, ukrainian, u
ppersorbian, welsh, loaded.
(/usr/local/texlive/2012/texmf-dist/tex/latex/base/article.cls
Document Class: article 2007/10/19 v1.4h Standard LaTeX document class
(/usr/local/texlive/2012/texmf-dist/tex/latex/base/size10.clo
File: size10.clo 2007/10/19 v1.4h Standard LaTeX file (size option)
)
\c@part=\count79
\c@section=\count80
\c@subsection=\count81
\c@subsubsection=\count82
\c@paragraph=\count83
\c@subparagraph=\count84
\c@figure=\count85
\c@table=\count86
\abovecaptionskip=\skip41
\belowcaptionskip=\skip42
\bibindent=\dimen102
)
(/usr/local/texlive/2012/texmf-dist/tex/latex/amsmath/amsmath.sty
Package: amsmath 2000/07/18 v2.13 AMS math features
\@mathmargin=\skip43

For additional information on amsmath, use the `?' option.
(/usr/local/texlive/2012/texmf-dist/tex/latex/amsmath/amstext.sty
Package: amstext 2000/06/29 v2.01

(/usr/local/texlive/2012/texmf-dist/tex/latex/amsmath/amsgen.sty
File: amsgen.sty 1999/11/30 v2.0
\@emptytoks=\toks14
\ex@=\dimen103
))
(/usr/local/texlive/2012/texmf-dist/tex/latex/amsmath/amsbsy.sty
Package: amsbsy 1999/11/29 v1.2d
\pmbraise@=\dimen104
)
(/usr/local/texlive/2012/texmf-dist/tex/latex/amsmath/amsopn.sty
Package: amsopn 1999/12/14 v2.01 operator names
)
\inf@bad=\count87
LaTeX Info: Redefining \frac on input line 211.
\uproot@=\count88
\leftroot@=\count89
LaTeX Info: Redefining \overline on input line 307.
\classnum@=\count90
\DOTSCASE@=\count91
LaTeX Info: Redefining \ldots on input line 379.
LaTeX Info: Redefining \dots on input line 382.
LaTeX Info: Redefining \cdots on input line 467.
\Mathstrutbox@=\box26
\strutbox@=\box27
\big@size=\dimen105
LaTeX Font Info:    Redeclaring font encoding OML on input line 567.
LaTeX Font Info:    Redeclaring font encoding OMS on input line 568.
\macc@depth=\count92
\c@MaxMatrixCols=\count93
\dotsspace@=\muskip10
\c@parentequation=\count94
\dspbrk@lvl=\count95
\tag@help=\toks15
\row@=\count96
\column@=\count97
\maxfields@=\count98
\andhelp@=\toks16
\eqnshift@=\dimen106
\alignsep@=\dimen107
\tagshift@=\dimen108
\tagwidth@=\dimen109
\totwidth@=\dimen110
\lineht@=\dimen111
\@envbody=\toks17
\multlinegap=\skip44
\multlinetaggap=\skip45
\mathdisplay@stack=\toks18
LaTeX Info: Redefining \[ on input line 2666.
LaTeX Info: Redefining \] on input line 2667.
)
(/usr/local/texlive/2012/texmf-dist/tex/latex/amsfonts/amsfonts.sty
Package: amsfonts 2013/01/14 v3.01 Basic AMSFonts support
\symAMSa=\mathgroup4
\symAMSb=\mathgroup5
LaTeX Font Info:    Overwriting math alphabet `\mathfrak' in version `bold'
(Font)                  U/euf/m/n --> U/euf/b/n on input line 106.
)
(/usr/local/texlive/2012/texmf-dist/tex/latex/amsfonts/amssymb.sty
Package: amssymb 2013/01/14 v3.01 AMS font symbols
)
(/usr/local/texlive/2012/texmf-dist/tex/latex/graphics/graphicx.sty
Package: graphicx 1999/02/16 v1.0f Enhanced LaTeX Graphics (DPC,SPQR)

(/usr/local/texlive/2012/texmf-dist/tex/latex/graphics/keyval.sty
Package: keyval 1999/03/16 v1.13 key=value parser (DPC)
\KV@toks@=\toks19
)
(/usr/local/texlive/2012/texmf-dist/tex/latex/graphics/graphics.sty
Package: graphics 2009/02/05 v1.0o Standard LaTeX Graphics (DPC,SPQR)

(/usr/local/texlive/2012/texmf-dist/tex/latex/graphics/trig.sty
Package: trig 1999/03/16 v1.09 sin cos tan (DPC)
)
(/usr/local/texlive/2012/texmf-dist/tex/latex/latexconfig/graphics.cfg
File: graphics.cfg 2010/04/23 v1.9 graphics configuration of TeX Live
)
Package graphics Info: Driver file: pdftex.def on input line 91.

(/usr/local/texlive/2012/texmf-dist/tex/latex/pdftex-def/pdftex.def
File: pdftex.def 2011/05/27 v0.06d Graphics/color for pdfTeX

(/usr/local/texlive/2012/texmf-dist/tex/generic/oberdiek/infwarerr.sty
Package: infwarerr 2010/04/08 v1.3 Providing info/warning/error messages (HO)
)
(/usr/local/texlive/2012/texmf-dist/tex/generic/oberdiek/ltxcmds.sty
Package: ltxcmds 2011/11/09 v1.22 LaTeX kernel commands for general use (HO)
)
\Gread@gobject=\count99
))
\Gin@req@height=\dimen112
\Gin@req@width=\dimen113
)
(/usr/local/texlive/2012/texmf-dist/tex/latex/geometry/geometry.sty
Package: geometry 2010/09/12 v5.6 Page Geometry

(/usr/local/texlive/2012/texmf-dist/tex/generic/oberdiek/ifpdf.sty
Package: ifpdf 2011/01/30 v2.3 Provides the ifpdf switch (HO)
Package ifpdf Info: pdfTeX in PDF mode is detected.
)
(/usr/local/texlive/2012/texmf-dist/tex/generic/oberdiek/ifvtex.sty
Package: ifvtex 2010/03/01 v1.5 Detect VTeX and its facilities (HO)
Package ifvtex Info: VTeX not detected.
)
(/usr/local/texlive/2012/texmf-dist/tex/generic/ifxetex/ifxetex.sty
Package: ifxetex 2010/09/12 v0.6 Provides ifxetex conditional
)
\Gm@cnth=\count100
\Gm@cntv=\count101
\c@Gm@tempcnt=\count102
\Gm@bindingoffset=\dimen114
\Gm@wd@mp=\dimen115
\Gm@odd@mp=\dimen116
\Gm@even@mp=\dimen117
\Gm@layoutwidth=\dimen118
\Gm@layoutheight=\dimen119
\Gm@layouthoffset=\dimen120
\Gm@layoutvoffset=\dimen121
\Gm@dimlist=\toks20
)
(/usr/local/texlive/2012/texmf-dist/tex/latex/subfig/subfig.sty
Package: subfig 2005/06/28 ver: 1.3 subfig package

(/usr/local/texlive/2012/texmf-dist/tex/latex/caption/caption.sty
Package: caption 2013/02/03 v3.3-65 Customizing captions (AR)

(/usr/local/texlive/2012/texmf-dist/tex/latex/caption/caption3.sty
Package: caption3 2013/02/03 v1.5-62 caption3 kernel (AR)
\captionmargin=\dimen122
\captionmargin@=\dimen123
\captionwidth=\dimen124
\caption@tempdima=\dimen125
\caption@indent=\dimen126
\caption@parindent=\dimen127
\caption@hangindent=\dimen128
)
\c@ContinuedFloat=\count103
)
\c@KVtest=\count104
\sf@farskip=\skip46
\sf@captopadj=\dimen129
\sf@capskip=\skip47
\sf@nearskip=\skip48
\c@subfigure=\count105
\c@subfigure@save=\count106
\c@lofdepth=\count107
\c@subtable=\count108
\c@subtable@save=\count109
\c@lotdepth=\count110
\sf@top=\skip49
\sf@bottom=\skip50
)
(./fidcomp_table.aux)
\openout1 = `fidcomp_table.aux'.

LaTeX Font Info:    Checking defaults for OML/cmm/m/it on input line 9.
LaTeX Font Info:    ... okay on input line 9.
LaTeX Font Info:    Checking defaults for T1/cmr/m/n on input line 9.
LaTeX Font Info:    ... okay on input line 9.
LaTeX Font Info:    Checking defaults for OT1/cmr/m/n on input line 9.
LaTeX Font Info:    ... okay on input line 9.
LaTeX Font Info:    Checking defaults for OMS/cmsy/m/n on input line 9.
LaTeX Font Info:    ... okay on input line 9.
LaTeX Font Info:    Checking defaults for OMX/cmex/m/n on input line 9.
LaTeX Font Info:    ... okay on input line 9.
LaTeX Font Info:    Checking defaults for U/cmr/m/n on input line 9.
LaTeX Font Info:    ... okay on input line 9.

(/usr/local/texlive/2012/texmf-dist/tex/context/base/supp-pdf.mkii
[Loading MPS to PDF converter (version 2006.09.02).]
\scratchcounter=\count111
\scratchdimen=\dimen130
\scratchbox=\box28
\nofMPsegments=\count112
\nofMParguments=\count113
\everyMPshowfont=\toks21
\MPscratchCnt=\count114
\MPscratchDim=\dimen131
\MPnumerator=\count115
\makeMPintoPDFobject=\count116
\everyMPtoPDFconversion=\toks22
) (/usr/local/texlive/2012/texmf-dist/tex/generic/oberdiek/pdftexcmds.sty
Package: pdftexcmds 2011/11/29 v0.20 Utility functions of pdfTeX for LuaTeX (HO
)

(/usr/local/texlive/2012/texmf-dist/tex/generic/oberdiek/ifluatex.sty
Package: ifluatex 2010/03/01 v1.3 Provides the ifluatex switch (HO)
Package ifluatex Info: LuaTeX not detected.
)
Package pdftexcmds Info: LuaTeX not detected.
Package pdftexcmds Info: \pdf@primitive is available.
Package pdftexcmds Info: \pdf@ifprimitive is available.
Package pdftexcmds Info: \pdfdraftmode found.
)
(/usr/local/texlive/2012/texmf-dist/tex/latex/oberdiek/epstopdf-base.sty
Package: epstopdf-base 2010/02/09 v2.5 Base part for package epstopdf

(/usr/local/texlive/2012/texmf-dist/tex/latex/oberdiek/grfext.sty
Package: grfext 2010/08/19 v1.1 Manage graphics extensions (HO)

(/usr/local/texlive/2012/texmf-dist/tex/generic/oberdiek/kvdefinekeys.sty
Package: kvdefinekeys 2011/04/07 v1.3 Define keys (HO)
))
(/usr/local/texlive/2012/texmf-dist/tex/latex/oberdiek/kvoptions.sty
Package: kvoptions 2011/06/30 v3.11 Key value format for package options (HO)

(/usr/local/texlive/2012/texmf-dist/tex/generic/oberdiek/kvsetkeys.sty
Package: kvsetkeys 2012/04/25 v1.16 Key value parser (HO)

(/usr/local/texlive/2012/texmf-dist/tex/generic/oberdiek/etexcmds.sty
Package: etexcmds 2011/02/16 v1.5 Avoid name clashes with e-TeX commands (HO)
Package etexcmds Info: Could not find \expanded.
(etexcmds)             That can mean that you are not using pdfTeX 1.50 or
(etexcmds)             that some package has redefined \expanded.
(etexcmds)             In the latter case, load this package earlier.
)))
Package grfext Info: Graphics extension search list:
(grfext)             [.png,.pdf,.jpg,.mps,.jpeg,.jbig2,.jb2,.PNG,.PDF,.JPG,.JPE
G,.JBIG2,.JB2,.eps]
(grfext)             \AppendGraphicsExtensions on input line 452.

(/usr/local/texlive/2012/texmf-dist/tex/latex/latexconfig/epstopdf-sys.cfg
File: epstopdf-sys.cfg 2010/07/13 v1.3 Configuration of (r)epstopdf for TeX Liv
e
))
*geometry* driver: auto-detecting
*geometry* detected driver: pdftex
*geometry* verbose mode - [ preamble ] result:
* driver: pdftex
* paper: <default>
* layout: <same size as paper>
* layoutoffset:(h,v)=(0.0pt,0.0pt)
* modes: 
* h-part:(L,W,R)=(36.135pt, 542.02501pt, 36.135pt)
* v-part:(T,H,B)=(36.135pt, 722.7pt, 36.135pt)
* \paperwidth=614.295pt
* \paperheight=794.96999pt
* \textwidth=542.02501pt
* \textheight=722.7pt
* \oddsidemargin=-36.135pt
* \evensidemargin=-36.135pt
* \topmargin=-73.135pt
* \headheight=12.0pt
* \headsep=25.0pt
* \topskip=10.0pt
* \footskip=30.0pt
* \marginparwidth=65.0pt
* \marginparsep=11.0pt
* \columnsep=10.0pt
* \skip\footins=9.0pt plus 4.0pt minus 2.0pt
* \hoffset=0.0pt
* \voffset=0.0pt
* \mag=1000
* \@twocolumnfalse
* \@twosidefalse
* \@mparswitchfalse
* \@reversemarginfalse
* (1in=72.27pt=25.4mm, 1cm=28.453pt)

Package caption Info: Begin \AtBeginDocument code.
Package caption Info: subfig package v1.3 is loaded.
Package caption Info: End \AtBeginDocument code.
<justfidcomptable.pdf, id=1, 614.295pt x 794.97pt>
File: justfidcomptable.pdf Graphic file (type pdf)
 <use justfidcomptable.pdf>
Package pdftex.def Info: justfidcomptable.pdf used on input line 12.
(pdftex.def)             Requested size: 614.29349pt x 794.96806pt.

Overfull \hbox (72.26848pt too wide) in paragraph at lines 12--13
[][] 
 []


LaTeX Warning: Float too large for page by 72.26807pt on input line 13.

Package epstopdf Info: Source file: <rot_0_2.eps>
(epstopdf)                    date: 2013-03-04 12:48:38
(epstopdf)                    size: 6615 bytes
(epstopdf)             Output file: <rot_0_2-eps-converted-to.pdf>
(epstopdf)                    date: 2013-03-04 12:56:46
(epstopdf)                    size: 5157 bytes
(epstopdf)             Command: <repstopdf --outfile=rot_0_2-eps-converted-to.p
df rot_0_2.eps>
(epstopdf)             \includegraphics on input line 20.
Package epstopdf Info: Output file is already uptodate.
<rot_0_2-eps-converted-to.pdf, id=2, 552.0625pt x 338.26375pt>
File: rot_0_2-eps-converted-to.pdf Graphic file (type pdf)

<use rot_0_2-eps-converted-to.pdf>
Package pdftex.def Info: rot_0_2-eps-converted-to.pdf used on input line 20.
(pdftex.def)             Requested size: 235.89966pt x 144.54214pt.
Package epstopdf Info: Source file: <rot_0_1.eps>
(epstopdf)                    date: 2013-03-04 12:48:38
(epstopdf)                    size: 6632 bytes
(epstopdf)             Output file: <rot_0_1-eps-converted-to.pdf>
(epstopdf)                    date: 2013-03-04 12:56:46
(epstopdf)                    size: 5148 bytes
(epstopdf)             Command: <repstopdf --outfile=rot_0_1-eps-converted-to.p
df rot_0_1.eps>
(epstopdf)             \includegraphics on input line 20.
Package epstopdf Info: Output file is already uptodate.

<rot_0_1-eps-converted-to.pdf, id=3, 552.0625pt x 338.26375pt>
File: rot_0_1-eps-converted-to.pdf Graphic file (type pdf)

<use rot_0_1-eps-converted-to.pdf>
Package pdftex.def Info: rot_0_1-eps-converted-to.pdf used on input line 20.
(pdftex.def)             Requested size: 235.89966pt x 144.54214pt.
Package epstopdf Info: Source file: <rot_0_3.eps>
(epstopdf)                    date: 2013-03-04 12:48:39
(epstopdf)                    size: 6632 bytes
(epstopdf)             Output file: <rot_0_3-eps-converted-to.pdf>
(epstopdf)                    date: 2013-03-04 12:56:47
(epstopdf)                    size: 5450 bytes
(epstopdf)             Command: <repstopdf --outfile=rot_0_3-eps-converted-to.p
df rot_0_3.eps>
(epstopdf)             \includegraphics on input line 25.
Package epstopdf Info: Output file is already uptodate.

<rot_0_3-eps-converted-to.pdf, id=4, 552.0625pt x 338.26375pt>
File: rot_0_3-eps-converted-to.pdf Graphic file (type pdf)

<use rot_0_3-eps-converted-to.pdf>
Package pdftex.def Info: rot_0_3-eps-converted-to.pdf used on input line 25.
(pdftex.def)             Requested size: 235.89966pt x 144.54214pt.
Package epstopdf Info: Source file: <rot_0_4.eps>
(epstopdf)                    date: 2013-03-04 12:48:39
(epstopdf)                    size: 6615 bytes
(epstopdf)             Output file: <rot_0_4-eps-converted-to.pdf>
(epstopdf)                    date: 2013-03-04 12:56:47
(epstopdf)                    size: 5240 bytes
(epstopdf)             Command: <repstopdf --outfile=rot_0_4-eps-converted-to.p
df rot_0_4.eps>
(epstopdf)             \includegraphics on input line 25.
Package epstopdf Info: Output file is already uptodate.

<rot_0_4-eps-converted-to.pdf, id=5, 552.0625pt x 338.26375pt>
File: rot_0_4-eps-converted-to.pdf Graphic file (type pdf)

<use rot_0_4-eps-converted-to.pdf>
Package pdftex.def Info: rot_0_4-eps-converted-to.pdf used on input line 25.
(pdftex.def)             Requested size: 235.89966pt x 144.54214pt.
Package epstopdf Info: Source file: <rot_1_2.eps>
(epstopdf)                    date: 2013-03-04 12:48:31
(epstopdf)                    size: 6628 bytes
(epstopdf)             Output file: <rot_1_2-eps-converted-to.pdf>
(epstopdf)                    date: 2013-03-04 13:10:17
(epstopdf)                    size: 5281 bytes
(epstopdf)             Command: <repstopdf --outfile=rot_1_2-eps-converted-to.p
df rot_1_2.eps>
(epstopdf)             \includegraphics on input line 34.
Package epstopdf Info: Output file is already uptodate.

<rot_1_2-eps-converted-to.pdf, id=6, 552.0625pt x 338.26375pt>
File: rot_1_2-eps-converted-to.pdf Graphic file (type pdf)

<use rot_1_2-eps-converted-to.pdf>
Package pdftex.def Info: rot_1_2-eps-converted-to.pdf used on input line 34.
(pdftex.def)             Requested size: 235.89966pt x 144.54214pt.
Package epstopdf Info: Source file: <rot_1_1.eps>
(epstopdf)                    date: 2013-03-04 12:48:30
(epstopdf)                    size: 6632 bytes
(epstopdf)             Output file: <rot_1_1-eps-converted-to.pdf>
(epstopdf)                    date: 2013-03-04 13:10:16
(epstopdf)                    size: 5068 bytes
(epstopdf)             Command: <repstopdf --outfile=rot_1_1-eps-converted-to.p
df rot_1_1.eps>
(epstopdf)             \includegraphics on input line 34.
Package epstopdf Info: Output file is already uptodate.

<rot_1_1-eps-converted-to.pdf, id=7, 552.0625pt x 338.26375pt>
File: rot_1_1-eps-converted-to.pdf Graphic file (type pdf)

<use rot_1_1-eps-converted-to.pdf>
Package pdftex.def Info: rot_1_1-eps-converted-to.pdf used on input line 34.
(pdftex.def)             Requested size: 235.89966pt x 144.54214pt.
Package epstopdf Info: Source file: <rot_1_3.eps>
(epstopdf)                    date: 2013-03-04 12:48:31
(epstopdf)                    size: 6632 bytes
(epstopdf)             Output file: <rot_1_3-eps-converted-to.pdf>
(epstopdf)                    date: 2013-03-04 13:10:17
(epstopdf)                    size: 5385 bytes
(epstopdf)             Command: <repstopdf --outfile=rot_1_3-eps-converted-to.p
df rot_1_3.eps>
(epstopdf)             \includegraphics on input line 39.
Package epstopdf Info: Output file is already uptodate.

<rot_1_3-eps-converted-to.pdf, id=8, 552.0625pt x 338.26375pt>
File: rot_1_3-eps-converted-to.pdf Graphic file (type pdf)

<use rot_1_3-eps-converted-to.pdf>
Package pdftex.def Info: rot_1_3-eps-converted-to.pdf used on input line 39.
(pdftex.def)             Requested size: 235.89966pt x 144.54214pt.
Package epstopdf Info: Source file: <rot_1_4.eps>
(epstopdf)                    date: 2013-03-04 12:48:31
(epstopdf)                    size: 6628 bytes
(epstopdf)             Output file: <rot_1_4-eps-converted-to.pdf>
(epstopdf)                    date: 2013-03-04 13:10:18
(epstopdf)                    size: 5326 bytes
(epstopdf)             Command: <repstopdf --outfile=rot_1_4-eps-converted-to.p
df rot_1_4.eps>
(epstopdf)             \includegraphics on input line 39.
Package epstopdf Info: Output file is already uptodate.

<rot_1_4-eps-converted-to.pdf, id=9, 552.0625pt x 338.26375pt>
File: rot_1_4-eps-converted-to.pdf Graphic file (type pdf)

<use rot_1_4-eps-converted-to.pdf>
Package pdftex.def Info: rot_1_4-eps-converted-to.pdf used on input line 39.
(pdftex.def)             Requested size: 235.89966pt x 144.54214pt.
Package epstopdf Info: Source file: <rot_2_2.eps>
(epstopdf)                    date: 2013-03-04 12:48:24
(epstopdf)                    size: 6628 bytes
(epstopdf)             Output file: <rot_2_2-eps-converted-to.pdf>
(epstopdf)                    date: 2013-03-04 13:10:19
(epstopdf)                    size: 5266 bytes
(epstopdf)             Command: <repstopdf --outfile=rot_2_2-eps-converted-to.p
df rot_2_2.eps>
(epstopdf)             \includegraphics on input line 47.
Package epstopdf Info: Output file is already uptodate.

<rot_2_2-eps-converted-to.pdf, id=10, 552.0625pt x 338.26375pt>
File: rot_2_2-eps-converted-to.pdf Graphic file (type pdf)

<use rot_2_2-eps-converted-to.pdf>
Package pdftex.def Info: rot_2_2-eps-converted-to.pdf used on input line 47.
(pdftex.def)             Requested size: 235.89966pt x 144.54214pt.
Package epstopdf Info: Source file: <rot_2_1.eps>
(epstopdf)                    date: 2013-03-04 12:48:24
(epstopdf)                    size: 6632 bytes
(epstopdf)             Output file: <rot_2_1-eps-converted-to.pdf>
(epstopdf)                    date: 2013-03-04 13:10:19
(epstopdf)                    size: 4990 bytes
(epstopdf)             Command: <repstopdf --outfile=rot_2_1-eps-converted-to.p
df rot_2_1.eps>
(epstopdf)             \includegraphics on input line 47.
Package epstopdf Info: Output file is already uptodate.

<rot_2_1-eps-converted-to.pdf, id=11, 552.0625pt x 338.26375pt>
File: rot_2_1-eps-converted-to.pdf Graphic file (type pdf)

<use rot_2_1-eps-converted-to.pdf>
Package pdftex.def Info: rot_2_1-eps-converted-to.pdf used on input line 47.
(pdftex.def)             Requested size: 235.89966pt x 144.54214pt.
Package epstopdf Info: Source file: <rot_2_3.eps>
(epstopdf)                    date: 2013-03-04 12:48:24
(epstopdf)                    size: 6632 bytes
(epstopdf)             Output file: <rot_2_3-eps-converted-to.pdf>
(epstopdf)                    date: 2013-03-04 13:10:20
(epstopdf)                    size: 5334 bytes
(epstopdf)             Command: <repstopdf --outfile=rot_2_3-eps-converted-to.p
df rot_2_3.eps>
(epstopdf)             \includegraphics on input line 52.
Package epstopdf Info: Output file is already uptodate.

<rot_2_3-eps-converted-to.pdf, id=12, 552.0625pt x 338.26375pt>
File: rot_2_3-eps-converted-to.pdf Graphic file (type pdf)

<use rot_2_3-eps-converted-to.pdf>
Package pdftex.def Info: rot_2_3-eps-converted-to.pdf used on input line 52.
(pdftex.def)             Requested size: 235.89966pt x 144.54214pt.
Package epstopdf Info: Source file: <rot_2_4.eps>
(epstopdf)                    date: 2013-03-04 12:48:25
(epstopdf)                    size: 6628 bytes
(epstopdf)             Output file: <rot_2_4-eps-converted-to.pdf>
(epstopdf)                    date: 2013-03-04 13:10:20
(epstopdf)                    size: 5301 bytes
(epstopdf)             Command: <repstopdf --outfile=rot_2_4-eps-converted-to.p
df rot_2_4.eps>
(epstopdf)             \includegraphics on input line 52.
Package epstopdf Info: Output file is already uptodate.

<rot_2_4-eps-converted-to.pdf, id=13, 552.0625pt x 338.26375pt>
File: rot_2_4-eps-converted-to.pdf Graphic file (type pdf)

<use rot_2_4-eps-converted-to.pdf>
Package pdftex.def Info: rot_2_4-eps-converted-to.pdf used on input line 52.
(pdftex.def)             Requested size: 235.89966pt x 144.54214pt.
Package epstopdf Info: Source file: <rot_3_2.eps>
(epstopdf)                    date: 2013-03-04 12:48:18
(epstopdf)                    size: 6628 bytes
(epstopdf)             Output file: <rot_3_2-eps-converted-to.pdf>
(epstopdf)                    date: 2013-03-04 13:10:21
(epstopdf)                    size: 5282 bytes
(epstopdf)             Command: <repstopdf --outfile=rot_3_2-eps-converted-to.p
df rot_3_2.eps>
(epstopdf)             \includegraphics on input line 60.
Package epstopdf Info: Output file is already uptodate.

<rot_3_2-eps-converted-to.pdf, id=14, 552.0625pt x 338.26375pt>
File: rot_3_2-eps-converted-to.pdf Graphic file (type pdf)

<use rot_3_2-eps-converted-to.pdf>
Package pdftex.def Info: rot_3_2-eps-converted-to.pdf used on input line 60.
(pdftex.def)             Requested size: 235.89966pt x 144.54214pt.
Package epstopdf Info: Source file: <rot_3_1.eps>
(epstopdf)                    date: 2013-03-04 12:48:18
(epstopdf)                    size: 6632 bytes
(epstopdf)             Output file: <rot_3_1-eps-converted-to.pdf>
(epstopdf)                    date: 2013-03-04 13:10:21
(epstopdf)                    size: 4994 bytes
(epstopdf)             Command: <repstopdf --outfile=rot_3_1-eps-converted-to.p
df rot_3_1.eps>
(epstopdf)             \includegraphics on input line 60.
Package epstopdf Info: Output file is already uptodate.

<rot_3_1-eps-converted-to.pdf, id=15, 552.0625pt x 338.26375pt>
File: rot_3_1-eps-converted-to.pdf Graphic file (type pdf)

<use rot_3_1-eps-converted-to.pdf>
Package pdftex.def Info: rot_3_1-eps-converted-to.pdf used on input line 60.
(pdftex.def)             Requested size: 235.89966pt x 144.54214pt.
Package epstopdf Info: Source file: <rot_3_3.eps>
(epstopdf)                    date: 2013-03-04 12:48:18
(epstopdf)                    size: 6632 bytes
(epstopdf)             Output file: <rot_3_3-eps-converted-to.pdf>
(epstopdf)                    date: 2013-03-04 13:10:22
(epstopdf)                    size: 5342 bytes
(epstopdf)             Command: <repstopdf --outfile=rot_3_3-eps-converted-to.p
df rot_3_3.eps>
(epstopdf)             \includegraphics on input line 65.
Package epstopdf Info: Output file is already uptodate.

<rot_3_3-eps-converted-to.pdf, id=16, 552.0625pt x 338.26375pt>
File: rot_3_3-eps-converted-to.pdf Graphic file (type pdf)

<use rot_3_3-eps-converted-to.pdf>
Package pdftex.def Info: rot_3_3-eps-converted-to.pdf used on input line 65.
(pdftex.def)             Requested size: 235.89966pt x 144.54214pt.
Package epstopdf Info: Source file: <rot_3_4.eps>
(epstopdf)                    date: 2013-03-04 12:48:18
(epstopdf)                    size: 6628 bytes
(epstopdf)             Output file: <rot_3_4-eps-converted-to.pdf>
(epstopdf)                    date: 2013-03-04 13:10:22
(epstopdf)                    size: 5307 bytes
(epstopdf)             Command: <repstopdf --outfile=rot_3_4-eps-converted-to.p
df rot_3_4.eps>
(epstopdf)             \includegraphics on input line 65.
Package epstopdf Info: Output file is already uptodate.

<rot_3_4-eps-converted-to.pdf, id=17, 552.0625pt x 338.26375pt>
File: rot_3_4-eps-converted-to.pdf Graphic file (type pdf)

<use rot_3_4-eps-converted-to.pdf>
Package pdftex.def Info: rot_3_4-eps-converted-to.pdf used on input line 65.
(pdftex.def)             Requested size: 235.89966pt x 144.54214pt.
Package epstopdf Info: Source file: <rot_4_2.eps>
(epstopdf)                    date: 2013-03-04 12:48:10
(epstopdf)                    size: 6628 bytes
(epstopdf)             Output file: <rot_4_2-eps-converted-to.pdf>
(epstopdf)                    date: 2013-03-04 13:10:23
(epstopdf)                    size: 5208 bytes
(epstopdf)             Command: <repstopdf --outfile=rot_4_2-eps-converted-to.p
df rot_4_2.eps>
(epstopdf)             \includegraphics on input line 73.
Package epstopdf Info: Output file is already uptodate.

<rot_4_2-eps-converted-to.pdf, id=18, 552.0625pt x 338.26375pt>
File: rot_4_2-eps-converted-to.pdf Graphic file (type pdf)

<use rot_4_2-eps-converted-to.pdf>
Package pdftex.def Info: rot_4_2-eps-converted-to.pdf used on input line 73.
(pdftex.def)             Requested size: 235.89966pt x 144.54214pt.
Package epstopdf Info: Source file: <rot_4_1.eps>
(epstopdf)                    date: 2013-03-04 12:48:10
(epstopdf)                    size: 6632 bytes
(epstopdf)             Output file: <rot_4_1-eps-converted-to.pdf>
(epstopdf)                    date: 2013-03-04 13:10:23
(epstopdf)                    size: 5016 bytes
(epstopdf)             Command: <repstopdf --outfile=rot_4_1-eps-converted-to.p
df rot_4_1.eps>
(epstopdf)             \includegraphics on input line 73.
Package epstopdf Info: Output file is already uptodate.

<rot_4_1-eps-converted-to.pdf, id=19, 552.0625pt x 338.26375pt>
File: rot_4_1-eps-converted-to.pdf Graphic file (type pdf)

<use rot_4_1-eps-converted-to.pdf>
Package pdftex.def Info: rot_4_1-eps-converted-to.pdf used on input line 73.
(pdftex.def)             Requested size: 235.89966pt x 144.54214pt.
Package epstopdf Info: Source file: <rot_4_3.eps>
(epstopdf)                    date: 2013-03-04 12:48:10
(epstopdf)                    size: 6632 bytes
(epstopdf)             Output file: <rot_4_3-eps-converted-to.pdf>
(epstopdf)                    date: 2013-03-04 13:10:24
(epstopdf)                    size: 5338 bytes
(epstopdf)             Command: <repstopdf --outfile=rot_4_3-eps-converted-to.p
df rot_4_3.eps>
(epstopdf)             \includegraphics on input line 78.
Package epstopdf Info: Output file is already uptodate.

<rot_4_3-eps-converted-to.pdf, id=20, 552.0625pt x 338.26375pt>
File: rot_4_3-eps-converted-to.pdf Graphic file (type pdf)

<use rot_4_3-eps-converted-to.pdf>
Package pdftex.def Info: rot_4_3-eps-converted-to.pdf used on input line 78.
(pdftex.def)             Requested size: 235.89966pt x 144.54214pt.
Package epstopdf Info: Source file: <rot_4_4.eps>
(epstopdf)                    date: 2013-03-04 12:48:10
(epstopdf)                    size: 6624 bytes
(epstopdf)             Output file: <rot_4_4-eps-converted-to.pdf>
(epstopdf)                    date: 2013-03-04 13:10:24
(epstopdf)                    size: 5268 bytes
(epstopdf)             Command: <repstopdf --outfile=rot_4_4-eps-converted-to.p
df rot_4_4.eps>
(epstopdf)             \includegraphics on input line 78.
Package epstopdf Info: Output file is already uptodate.

<rot_4_4-eps-converted-to.pdf, id=21, 552.0625pt x 338.26375pt>
File: rot_4_4-eps-converted-to.pdf Graphic file (type pdf)

<use rot_4_4-eps-converted-to.pdf>
Package pdftex.def Info: rot_4_4-eps-converted-to.pdf used on input line 78.
(pdftex.def)             Requested size: 235.89966pt x 144.54214pt.
Package epstopdf Info: Source file: <rot_5_2.eps>
(epstopdf)                    date: 2013-03-04 12:47:49
(epstopdf)                    size: 6624 bytes
(epstopdf)             Output file: <rot_5_2-eps-converted-to.pdf>
(epstopdf)                    date: 2013-03-04 13:10:26
(epstopdf)                    size: 5246 bytes
(epstopdf)             Command: <repstopdf --outfile=rot_5_2-eps-converted-to.p
df rot_5_2.eps>
(epstopdf)             \includegraphics on input line 86.
Package epstopdf Info: Output file is already uptodate.

<rot_5_2-eps-converted-to.pdf, id=22, 552.0625pt x 338.26375pt>
File: rot_5_2-eps-converted-to.pdf Graphic file (type pdf)

<use rot_5_2-eps-converted-to.pdf>
Package pdftex.def Info: rot_5_2-eps-converted-to.pdf used on input line 86.
(pdftex.def)             Requested size: 235.89966pt x 144.54214pt.
Package epstopdf Info: Source file: <rot_5_1.eps>
(epstopdf)                    date: 2013-03-04 12:47:49
(epstopdf)                    size: 6632 bytes
(epstopdf)             Output file: <rot_5_1-eps-converted-to.pdf>
(epstopdf)                    date: 2013-03-04 13:10:25
(epstopdf)                    size: 5006 bytes
(epstopdf)             Command: <repstopdf --outfile=rot_5_1-eps-converted-to.p
df rot_5_1.eps>
(epstopdf)             \includegraphics on input line 86.
Package epstopdf Info: Output file is already uptodate.

<rot_5_1-eps-converted-to.pdf, id=23, 552.0625pt x 338.26375pt>
File: rot_5_1-eps-converted-to.pdf Graphic file (type pdf)

<use rot_5_1-eps-converted-to.pdf>
Package pdftex.def Info: rot_5_1-eps-converted-to.pdf used on input line 86.
(pdftex.def)             Requested size: 235.89966pt x 144.54214pt.
Package epstopdf Info: Source file: <rot_5_3.eps>
(epstopdf)                    date: 2013-03-04 12:47:49
(epstopdf)                    size: 6632 bytes
(epstopdf)             Output file: <rot_5_3-eps-converted-to.pdf>
(epstopdf)                    date: 2013-03-04 13:10:26
(epstopdf)                    size: 5333 bytes
(epstopdf)             Command: <repstopdf --outfile=rot_5_3-eps-converted-to.p
df rot_5_3.eps>
(epstopdf)             \includegraphics on input line 91.
Package epstopdf Info: Output file is already uptodate.

<rot_5_3-eps-converted-to.pdf, id=24, 552.0625pt x 338.26375pt>
File: rot_5_3-eps-converted-to.pdf Graphic file (type pdf)

<use rot_5_3-eps-converted-to.pdf>
Package pdftex.def Info: rot_5_3-eps-converted-to.pdf used on input line 91.
(pdftex.def)             Requested size: 235.89966pt x 144.54214pt.
Package epstopdf Info: Source file: <rot_5_4.eps>
(epstopdf)                    date: 2013-03-04 12:47:49
(epstopdf)                    size: 6624 bytes
(epstopdf)             Output file: <rot_5_4-eps-converted-to.pdf>
(epstopdf)                    date: 2013-03-04 13:10:27
(epstopdf)                    size: 5285 bytes
(epstopdf)             Command: <repstopdf --outfile=rot_5_4-eps-converted-to.p
df rot_5_4.eps>
(epstopdf)             \includegraphics on input line 91.
Package epstopdf Info: Output file is already uptodate.

<rot_5_4-eps-converted-to.pdf, id=25, 552.0625pt x 338.26375pt>
File: rot_5_4-eps-converted-to.pdf Graphic file (type pdf)

<use rot_5_4-eps-converted-to.pdf>
Package pdftex.def Info: rot_5_4-eps-converted-to.pdf used on input line 91.
(pdftex.def)             Requested size: 235.89966pt x 144.54214pt.
 [1{/usr/local/texlive/2012/texmf-var/fonts/map/pdftex/updmap/pdftex.map} <./ju
stfidcomptable.pdf>] [2 <./rot_0_2-eps-converted-to.pdf> <./rot_0_1-eps-convert
ed-to.pdf> <./rot_0_3-eps-converted-to.pdf> <./rot_0_4-eps-converted-to.pdf> <.
/rot_1_2-eps-converted-to.pdf> <./rot_1_1-eps-converted-to.pdf> <./rot_1_3-eps-
converted-to.pdf> <./rot_1_4-eps-converted-to.pdf>] [3 <./rot_2_2-eps-converted
-to.pdf> <./rot_2_1-eps-converted-to.pdf> <./rot_2_3-eps-converted-to.pdf> <./r
ot_2_4-eps-converted-to.pdf> <./rot_3_2-eps-converted-to.pdf> <./rot_3_1-eps-co
nverted-to.pdf> <./rot_3_3-eps-converted-to.pdf> <./rot_3_4-eps-converted-to.pd
f>] [4 <./rot_4_2-eps-converted-to.pdf> <./rot_4_1-eps-converted-to.pdf> <./rot
_4_3-eps-converted-to.pdf> <./rot_4_4-eps-converted-to.pdf> <./rot_5_2-eps-conv
erted-to.pdf> <./rot_5_1-eps-converted-to.pdf> <./rot_5_3-eps-converted-to.pdf>
 <./rot_5_4-eps-converted-to.pdf>]
(./fidcomp_table.aux) ) 
Here is how much of TeX's memory you used:
 4096 strings out of 493481
 62211 string characters out of 3140965
 125138 words of memory out of 3000000
 7345 multiletter control sequences out of 15000+200000
 3640 words of font info for 14 fonts, out of 3000000 for 9000
 957 hyphenation exceptions out of 8191
 44i,6n,42p,259b,327s stack positions out of 5000i,500n,10000p,200000b,50000s
</usr/local/texlive/2012/texmf-dist/fonts/type1/public/a
msfonts/cm/cmbx8.pfb></usr/local/texlive/2012/texmf-dist/fonts/type1/public/ams
fonts/cm/cmr10.pfb></usr/local/texlive/2012/texmf-dist/fonts/type1/public/amsfo
nts/cm/cmr8.pfb>
Output written on fidcomp_table.pdf (4 pages, 108166 bytes).
PDF statistics:
 135 PDF objects out of 1000 (max. 8388607)
 76 compressed objects within 1 object stream
 0 named destinations out of 1000 (max. 500000)
 126 words of extra memory for PDF output out of 10000 (max. 10000000)

