This is pdfTeX, Version 3.1415926-2.5-1.40.14 (TeX Live 2013) (format=pdflatex 2013.7.23)  2 AUG 2013 16:39
entering extended mode
 \write18 enabled.
 %&-line parsing enabled.
**"/Users/jerensuzuki/Documents/suncentering/tex files/final_doc_draft.tex"
(/Users/jerensuzuki/Documents/suncentering/tex files/final_doc_draft.tex
LaTeX2e <2011/06/27>
Babel <3.9f> and hyphenation patterns for 78 languages loaded.
(/usr/local/texlive/2013/texmf-dist/tex/latex/koma-script/scrartcl.cls
Document Class: scrartcl 2012/07/29 v3.11b KOMA-Script document class (article)

(/usr/local/texlive/2013/texmf-dist/tex/latex/koma-script/scrkbase.sty
Package: scrkbase 2012/07/29 v3.11b KOMA-Script package (KOMA-Script-dependent 
basics and keyval usage)

(/usr/local/texlive/2013/texmf-dist/tex/latex/koma-script/scrbase.sty
Package: scrbase 2012/07/29 v3.11b KOMA-Script package (KOMA-Script-independent
 basics and keyval usage)

(/usr/local/texlive/2013/texmf-dist/tex/latex/graphics/keyval.sty
Package: keyval 1999/03/16 v1.13 key=value parser (DPC)
\KV@toks@=\toks14
)
(/usr/local/texlive/2013/texmf-dist/tex/latex/koma-script/scrlfile.sty
Package: scrlfile 2012/06/15 v3.12 KOMA-Script package (loading files)

Package scrlfile, 2012/06/15 v3.12 KOMA-Script package (loading files)
                  Copyright (C) Markus Kohm

))) (/usr/local/texlive/2013/texmf-dist/tex/latex/koma-script/tocbasic.sty
Package: tocbasic 2012/04/04 v3.10b KOMA-Script package (handling toc-files)
)
Package tocbasic Info: omitting babel extension for `toc'
(tocbasic)             because of feature `nobabel' available
(tocbasic)             for `toc' on input line 115.
Package tocbasic Info: omitting babel extension for `lof'
(tocbasic)             because of feature `nobabel' available
(tocbasic)             for `lof' on input line 116.
Package tocbasic Info: omitting babel extension for `lot'
(tocbasic)             because of feature `nobabel' available
(tocbasic)             for `lot' on input line 117.
Package scrartcl Info: You've used obsolete option `10pt'.
(scrartcl)             \KOMAExecuteOptions{fontsize=10pt} will be
(scrartcl)             used instead.
(scrartcl)             You may simply replace `10pt'
(scrartcl)             by `fontsize=10pt'.
Class scrartcl Info: File `scrsize10pt.clo' used to setup font sizes on input l
ine 1267.

(/usr/local/texlive/2013/texmf-dist/tex/latex/koma-script/scrsize10pt.clo
File: scrsize10pt.clo 2012/07/29 v3.11b KOMA-Script font size class option (10p
t)
)
(/usr/local/texlive/2013/texmf-dist/tex/latex/koma-script/typearea.sty
Package: typearea 2012/07/29 v3.11b KOMA-Script package (type area)

Package typearea, 2012/07/29 v3.11b KOMA-Script package (type area)
                  Copyright (C) Frank Neukam, 1992-1994
                  Copyright (C) Markus Kohm, 1994-

\ta@bcor=\skip41
\ta@div=\count79
\ta@hblk=\skip42
\ta@vblk=\skip43
\ta@temp=\skip44
Package typearea Info: These are the values describing the layout:
(typearea)             DIV  = 8
(typearea)             BCOR = 0.0pt
(typearea)             \paperwidth      = 597.50793pt
(typearea)              \textwidth      = 373.44246pt
(typearea)              DIV departure   = -4%
(typearea)              \evensidemargin = 39.76274pt
(typearea)              \oddsidemargin  = 39.76274pt
(typearea)             \paperheight     = 845.04694pt
(typearea)              \textheight     = 538.0pt
(typearea)              \topmargin      = 0.36087pt
(typearea)              \headheight     = 15.0pt
(typearea)              \headsep        = 18.0pt
(typearea)              \topskip        = 10.0pt
(typearea)              \footskip       = 42.0pt
(typearea)              \baselineskip   = 12.0pt
(typearea)              on input line 1213.
)
\c@part=\count80
\c@section=\count81
\c@subsection=\count82
\c@subsubsection=\count83
\c@paragraph=\count84
\c@subparagraph=\count85
\abovecaptionskip=\skip45
\belowcaptionskip=\skip46
\c@pti@nb@sid@b@x=\box26
\c@figure=\count86
\c@table=\count87
\bibindent=\dimen102
) (/usr/local/texlive/2013/texmf-dist/tex/latex/base/fontenc.sty
Package: fontenc 2005/09/27 v1.99g Standard LaTeX package

(/usr/local/texlive/2013/texmf-dist/tex/latex/base/t1enc.def
File: t1enc.def 2005/09/27 v1.99g Standard LaTeX file
LaTeX Font Info:    Redeclaring font encoding T1 on input line 43.
))
(/usr/local/texlive/2013/texmf-dist/tex/latex/amsmath/amsmath.sty
Package: amsmath 2013/01/14 v2.14 AMS math features
\@mathmargin=\skip47

For additional information on amsmath, use the `?' option.
(/usr/local/texlive/2013/texmf-dist/tex/latex/amsmath/amstext.sty
Package: amstext 2000/06/29 v2.01

(/usr/local/texlive/2013/texmf-dist/tex/latex/amsmath/amsgen.sty
File: amsgen.sty 1999/11/30 v2.0
\@emptytoks=\toks15
\ex@=\dimen103
))
(/usr/local/texlive/2013/texmf-dist/tex/latex/amsmath/amsbsy.sty
Package: amsbsy 1999/11/29 v1.2d
\pmbraise@=\dimen104
)
(/usr/local/texlive/2013/texmf-dist/tex/latex/amsmath/amsopn.sty
Package: amsopn 1999/12/14 v2.01 operator names
)
\inf@bad=\count88
LaTeX Info: Redefining \frac on input line 210.
\uproot@=\count89
\leftroot@=\count90
LaTeX Info: Redefining \overline on input line 306.
\classnum@=\count91
\DOTSCASE@=\count92
LaTeX Info: Redefining \ldots on input line 378.
LaTeX Info: Redefining \dots on input line 381.
LaTeX Info: Redefining \cdots on input line 466.
\Mathstrutbox@=\box27
\strutbox@=\box28
\big@size=\dimen105
LaTeX Font Info:    Redeclaring font encoding OML on input line 566.
LaTeX Font Info:    Redeclaring font encoding OMS on input line 567.
\macc@depth=\count93
\c@MaxMatrixCols=\count94
\dotsspace@=\muskip10
\c@parentequation=\count95
\dspbrk@lvl=\count96
\tag@help=\toks16
\row@=\count97
\column@=\count98
\maxfields@=\count99
\andhelp@=\toks17
\eqnshift@=\dimen106
\alignsep@=\dimen107
\tagshift@=\dimen108
\tagwidth@=\dimen109
\totwidth@=\dimen110
\lineht@=\dimen111
\@envbody=\toks18
\multlinegap=\skip48
\multlinetaggap=\skip49
\mathdisplay@stack=\toks19
LaTeX Info: Redefining \[ on input line 2665.
LaTeX Info: Redefining \] on input line 2666.
)
(/usr/local/texlive/2013/texmf-dist/tex/latex/amsfonts/amsfonts.sty
Package: amsfonts 2013/01/14 v3.01 Basic AMSFonts support
\symAMSa=\mathgroup4
\symAMSb=\mathgroup5
LaTeX Font Info:    Overwriting math alphabet `\mathfrak' in version `bold'
(Font)                  U/euf/m/n --> U/euf/b/n on input line 106.
)
(/usr/local/texlive/2013/texmf-dist/tex/latex/amsfonts/amssymb.sty
Package: amssymb 2013/01/14 v3.01 AMS font symbols
)
(/usr/local/texlive/2013/texmf-dist/tex/latex/mh/mathtools.sty
Package: mathtools 2013/02/12 v1.13 mathematical typesetting tools

(/usr/local/texlive/2013/texmf-dist/tex/latex/tools/calc.sty
Package: calc 2007/08/22 v4.3 Infix arithmetic (KKT,FJ)
\calc@Acount=\count100
\calc@Bcount=\count101
\calc@Adimen=\dimen112
\calc@Bdimen=\dimen113
\calc@Askip=\skip50
\calc@Bskip=\skip51
LaTeX Info: Redefining \setlength on input line 76.
LaTeX Info: Redefining \addtolength on input line 77.
\calc@Ccount=\count102
\calc@Cskip=\skip52
)
(/usr/local/texlive/2013/texmf-dist/tex/latex/mh/mhsetup.sty
Package: mhsetup 2010/01/21 v1.2a programming setup (MH)
)
LaTeX Info: Thecontrolsequence`\['isalreadyrobust on input line 129.
LaTeX Info: Thecontrolsequence`\]'isalreadyrobust on input line 129.
\g_MT_multlinerow_int=\count103
\l_MT_multwidth_dim=\dimen114
\origjot=\skip53
\l_MT_shortvdotswithinadjustabove_dim=\dimen115
\l_MT_shortvdotswithinadjustbelow_dim=\dimen116
\l_MT_above_intertext_sep=\dimen117
\l_MT_below_intertext_sep=\dimen118
\l_MT_above_shortintertext_sep=\dimen119
\l_MT_below_shortintertext_sep=\dimen120
)
(/usr/local/texlive/2013/texmf-dist/tex/latex/graphics/color.sty
Package: color 2005/11/14 v1.0j Standard LaTeX Color (DPC)

(/usr/local/texlive/2013/texmf-dist/tex/latex/latexconfig/color.cfg
File: color.cfg 2007/01/18 v1.5 color configuration of teTeX/TeXLive
)
Package color Info: Driver file: pdftex.def on input line 130.

(/usr/local/texlive/2013/texmf-dist/tex/latex/pdftex-def/pdftex.def
File: pdftex.def 2011/05/27 v0.06d Graphics/color for pdfTeX

(/usr/local/texlive/2013/texmf-dist/tex/generic/oberdiek/infwarerr.sty
Package: infwarerr 2010/04/08 v1.3 Providing info/warning/error messages (HO)
)
(/usr/local/texlive/2013/texmf-dist/tex/generic/oberdiek/ltxcmds.sty
Package: ltxcmds 2011/11/09 v1.22 LaTeX kernel commands for general use (HO)
)
\Gread@gobject=\count104
))
(/usr/local/texlive/2013/texmf-dist/tex/latex/soul/soul.sty
Package: soul 2003/11/17 v2.4 letterspacing/underlining (mf)
\SOUL@word=\toks20
\SOUL@lasttoken=\toks21
\SOUL@cmds=\toks22
\SOUL@buffer=\toks23
\SOUL@token=\toks24
\SOUL@spaceskip=\skip54
\SOUL@ttwidth=\dimen121
\SOUL@uldp=\dimen122
\SOUL@ulht=\dimen123
)
(/usr/local/texlive/2013/texmf-dist/tex/latex/preprint/fullpage.sty
Package: fullpage 1999/02/23 1.1 (PWD)
\FP@margin=\skip55
)
(/usr/local/texlive/2013/texmf-dist/tex/latex/tools/enumerate.sty
Package: enumerate 1999/03/05 v3.00 enumerate extensions (DPC)
\@enLab=\toks25
)
(/usr/local/texlive/2013/texmf-dist/tex/latex/graphics/graphicx.sty
Package: graphicx 1999/02/16 v1.0f Enhanced LaTeX Graphics (DPC,SPQR)

(/usr/local/texlive/2013/texmf-dist/tex/latex/graphics/graphics.sty
Package: graphics 2009/02/05 v1.0o Standard LaTeX Graphics (DPC,SPQR)

(/usr/local/texlive/2013/texmf-dist/tex/latex/graphics/trig.sty
Package: trig 1999/03/16 v1.09 sin cos tan (DPC)
)
(/usr/local/texlive/2013/texmf-dist/tex/latex/latexconfig/graphics.cfg
File: graphics.cfg 2010/04/23 v1.9 graphics configuration of TeX Live
)
Package graphics Info: Driver file: pdftex.def on input line 91.
)
\Gin@req@height=\dimen124
\Gin@req@width=\dimen125
)
(/usr/local/texlive/2013/texmf-dist/tex/latex/hyperref/hyperref.sty
Package: hyperref 2012/11/06 v6.83m Hypertext links for LaTeX

(/usr/local/texlive/2013/texmf-dist/tex/generic/oberdiek/hobsub-hyperref.sty
Package: hobsub-hyperref 2012/05/28 v1.13 Bundle oberdiek, subset hyperref (HO)


(/usr/local/texlive/2013/texmf-dist/tex/generic/oberdiek/hobsub-generic.sty
Package: hobsub-generic 2012/05/28 v1.13 Bundle oberdiek, subset generic (HO)
Package: hobsub 2012/05/28 v1.13 Construct package bundles (HO)
Package hobsub Info: Skipping package `infwarerr' (already loaded).
Package hobsub Info: Skipping package `ltxcmds' (already loaded).
Package: ifluatex 2010/03/01 v1.3 Provides the ifluatex switch (HO)
Package ifluatex Info: LuaTeX not detected.
Package: ifvtex 2010/03/01 v1.5 Detect VTeX and its facilities (HO)
Package ifvtex Info: VTeX not detected.
Package: intcalc 2007/09/27 v1.1 Expandable calculations with integers (HO)
Package: ifpdf 2011/01/30 v2.3 Provides the ifpdf switch (HO)
Package ifpdf Info: pdfTeX in PDF mode is detected.
Package: etexcmds 2011/02/16 v1.5 Avoid name clashes with e-TeX commands (HO)
Package etexcmds Info: Could not find \expanded.
(etexcmds)             That can mean that you are not using pdfTeX 1.50 or
(etexcmds)             that some package has redefined \expanded.
(etexcmds)             In the latter case, load this package earlier.
Package: kvsetkeys 2012/04/25 v1.16 Key value parser (HO)
Package: kvdefinekeys 2011/04/07 v1.3 Define keys (HO)
Package: pdftexcmds 2011/11/29 v0.20 Utility functions of pdfTeX for LuaTeX (HO
)
Package pdftexcmds Info: LuaTeX not detected.
Package pdftexcmds Info: \pdf@primitive is available.
Package pdftexcmds Info: \pdf@ifprimitive is available.
Package pdftexcmds Info: \pdfdraftmode found.
Package: pdfescape 2011/11/25 v1.13 Implements pdfTeX's escape features (HO)
Package: bigintcalc 2012/04/08 v1.3 Expandable calculations on big integers (HO
)
Package: bitset 2011/01/30 v1.1 Handle bit-vector datatype (HO)
Package: uniquecounter 2011/01/30 v1.2 Provide unlimited unique counter (HO)
)
Package hobsub Info: Skipping package `hobsub' (already loaded).
Package: letltxmacro 2010/09/02 v1.4 Let assignment for LaTeX macros (HO)
Package: hopatch 2012/05/28 v1.2 Wrapper for package hooks (HO)
Package: xcolor-patch 2011/01/30 xcolor patch
Package: atveryend 2011/06/30 v1.8 Hooks at the very end of document (HO)
Package atveryend Info: \enddocument detected (standard20110627).
Package: atbegshi 2011/10/05 v1.16 At begin shipout hook (HO)
Package: refcount 2011/10/16 v3.4 Data extraction from label references (HO)
Package: hycolor 2011/01/30 v1.7 Color options for hyperref/bookmark (HO)
)
(/usr/local/texlive/2013/texmf-dist/tex/generic/ifxetex/ifxetex.sty
Package: ifxetex 2010/09/12 v0.6 Provides ifxetex conditional
)
(/usr/local/texlive/2013/texmf-dist/tex/latex/oberdiek/auxhook.sty
Package: auxhook 2011/03/04 v1.3 Hooks for auxiliary files (HO)
)
(/usr/local/texlive/2013/texmf-dist/tex/latex/oberdiek/kvoptions.sty
Package: kvoptions 2011/06/30 v3.11 Key value format for package options (HO)
)
\@linkdim=\dimen126
\Hy@linkcounter=\count105
\Hy@pagecounter=\count106

(/usr/local/texlive/2013/texmf-dist/tex/latex/hyperref/pd1enc.def
File: pd1enc.def 2012/11/06 v6.83m Hyperref: PDFDocEncoding definition (HO)
)
\Hy@SavedSpaceFactor=\count107

(/usr/local/texlive/2013/texmf-dist/tex/latex/latexconfig/hyperref.cfg
File: hyperref.cfg 2002/06/06 v1.2 hyperref configuration of TeXLive
)
Package hyperref Info: Option `colorlinks' set `true' on input line 4319.
Package hyperref Info: Hyper figures OFF on input line 4443.
Package hyperref Info: Link nesting OFF on input line 4448.
Package hyperref Info: Hyper index ON on input line 4451.
Package hyperref Info: Plain pages OFF on input line 4458.
Package hyperref Info: Backreferencing OFF on input line 4463.
Package hyperref Info: Implicit mode ON; LaTeX internals redefined.
Package hyperref Info: Bookmarks ON on input line 4688.
\c@Hy@tempcnt=\count108

(/usr/local/texlive/2013/texmf-dist/tex/latex/url/url.sty
\Urlmuskip=\muskip11
Package: url 2006/04/12  ver 3.3  Verb mode for urls, etc.
)
LaTeX Info: Redefining \url on input line 5041.
\XeTeXLinkMargin=\dimen127
\Fld@menulength=\count109
\Field@Width=\dimen128
\Fld@charsize=\dimen129
Package hyperref Info: Hyper figures OFF on input line 6295.
Package hyperref Info: Link nesting OFF on input line 6300.
Package hyperref Info: Hyper index ON on input line 6303.
Package hyperref Info: backreferencing OFF on input line 6310.
Package hyperref Info: Link coloring ON on input line 6313.
Package hyperref Info: Link coloring with OCG OFF on input line 6320.
Package hyperref Info: PDF/A mode OFF on input line 6325.
LaTeX Info: Redefining \ref on input line 6365.
LaTeX Info: Redefining \pageref on input line 6369.
\Hy@abspage=\count110
\c@Item=\count111
\c@Hfootnote=\count112
)

Package hyperref Message: Driver (autodetected): hpdftex.

(/usr/local/texlive/2013/texmf-dist/tex/latex/hyperref/hpdftex.def
File: hpdftex.def 2012/11/06 v6.83m Hyperref driver for pdfTeX
\Fld@listcount=\count113
\c@bookmark@seq@number=\count114

(/usr/local/texlive/2013/texmf-dist/tex/latex/oberdiek/rerunfilecheck.sty
Package: rerunfilecheck 2011/04/15 v1.7 Rerun checks for auxiliary files (HO)
Package uniquecounter Info: New unique counter `rerunfilecheck' on input line 2
82.
)
\Hy@SectionHShift=\skip56
)
(/usr/local/texlive/2013/texmf-dist/tex/latex/caption/subcaption.sty
Package: subcaption 2013/02/03 v1.1-62 Sub-captions (AR)

(/usr/local/texlive/2013/texmf-dist/tex/latex/caption/caption.sty
Package: caption 2013/05/02 v3.3-89 Customizing captions (AR)

(/usr/local/texlive/2013/texmf-dist/tex/latex/caption/caption3.sty
Package: caption3 2013/05/02 v1.6-88 caption3 kernel (AR)
Package caption3 Info: TeX engine: e-TeX on input line 57.
\captionmargin=\dimen130
\captionmargin@=\dimen131
\captionwidth=\dimen132
\caption@tempdima=\dimen133
\caption@indent=\dimen134
\caption@parindent=\dimen135
\caption@hangindent=\dimen136
)
Package caption Info: KOMA-Script document class.
\c@ContinuedFloat=\count115
Package caption Info: hyperref package is loaded.
)
\c@subfigure=\count116
\c@subtable=\count117
)
(/usr/local/texlive/2013/../texmf-local/tex/latex/deluxetable/deluxetable.sty
Package: deluxetable 
\pt@box=\box29
\pt@width=\dimen137
\pt@line=\count118
\pt@column=\count119
\pt@nlines=\count120
\pt@ncol=\count121
\pt@page=\count122
\pt@tmpcapwidth=\dimen138
)
(/usr/local/texlive/2013/texmf-dist/tex/latex/tools/verbatim.sty
Package: verbatim 2003/08/22 v1.5q LaTeX2e package for verbatim enhancements
\every@verbatim=\toks26
\verbatim@line=\toks27
\verbatim@in@stream=\read1
)
(/usr/local/texlive/2013/texmf-dist/tex/latex/fancyvrb/fancyvrb.sty
Package: fancyvrb 2008/02/07

Style option: `fancyvrb' v2.7a, with DG/SPQR fixes, and firstline=lastline fix 
<2008/02/07> (tvz)
\FV@CodeLineNo=\count123
\FV@InFile=\read2
\FV@TabBox=\box30
\c@FancyVerbLine=\count124
\FV@StepNumber=\count125
\FV@OutFile=\write3
)
(/usr/local/texlive/2013/texmf-dist/tex/latex/listings/listings.sty
\lst@mode=\count126
\lst@gtempboxa=\box31
\lst@token=\toks28
\lst@length=\count127
\lst@currlwidth=\dimen139
\lst@column=\count128
\lst@pos=\count129
\lst@lostspace=\dimen140
\lst@width=\dimen141
\lst@newlines=\count130
\lst@lineno=\count131
\lst@maxwidth=\dimen142

(/usr/local/texlive/2013/texmf-dist/tex/latex/listings/lstmisc.sty
File: lstmisc.sty 2013/07/10 1.5 (Carsten Heinz)
\c@lstnumber=\count132
\lst@skipnumbers=\count133
\lst@framebox=\box32
)
(/usr/local/texlive/2013/texmf-dist/tex/latex/listings/listings.cfg
File: listings.cfg 2013/06/27 1.5pre1 listings configuration
))
Package: listings 2013/07/10 1.5 (Carsten Heinz)

(/usr/local/texlive/2013/texmf-dist/tex/latex/listings/lstlang1.sty
File: lstlang1.sty 2013/06/27 1.5pre1 listings language file
)
(/usr/local/texlive/2013/texmf-dist/tex/latex/listings/lstlang2.sty
File: lstlang2.sty 2013/06/27 1.5pre1 listings language file
)
(./final_doc_draft.aux)
\openout1 = `final_doc_draft.aux'.

LaTeX Font Info:    Checking defaults for OML/cmm/m/it on input line 47.
LaTeX Font Info:    ... okay on input line 47.
LaTeX Font Info:    Checking defaults for T1/cmr/m/n on input line 47.
LaTeX Font Info:    ... okay on input line 47.
LaTeX Font Info:    Checking defaults for OT1/cmr/m/n on input line 47.
LaTeX Font Info:    ... okay on input line 47.
LaTeX Font Info:    Checking defaults for OMS/cmsy/m/n on input line 47.
LaTeX Font Info:    ... okay on input line 47.
LaTeX Font Info:    Checking defaults for OMX/cmex/m/n on input line 47.
LaTeX Font Info:    ... okay on input line 47.
LaTeX Font Info:    Checking defaults for U/cmr/m/n on input line 47.
LaTeX Font Info:    ... okay on input line 47.
LaTeX Font Info:    Checking defaults for PD1/pdf/m/n on input line 47.
LaTeX Font Info:    ... okay on input line 47.

(/usr/local/texlive/2013/texmf-dist/tex/context/base/supp-pdf.mkii
[Loading MPS to PDF converter (version 2006.09.02).]
\scratchcounter=\count134
\scratchdimen=\dimen143
\scratchbox=\box33
\nofMPsegments=\count135
\nofMParguments=\count136
\everyMPshowfont=\toks29
\MPscratchCnt=\count137
\MPscratchDim=\dimen144
\MPnumerator=\count138
\makeMPintoPDFobject=\count139
\everyMPtoPDFconversion=\toks30
) (/usr/local/texlive/2013/texmf-dist/tex/latex/oberdiek/epstopdf-base.sty
Package: epstopdf-base 2010/02/09 v2.5 Base part for package epstopdf

(/usr/local/texlive/2013/texmf-dist/tex/latex/oberdiek/grfext.sty
Package: grfext 2010/08/19 v1.1 Manage graphics extensions (HO)
)
Package grfext Info: Graphics extension search list:
(grfext)             [.png,.pdf,.jpg,.mps,.jpeg,.jbig2,.jb2,.PNG,.PDF,.JPG,.JPE
G,.JBIG2,.JB2,.eps]
(grfext)             \AppendGraphicsExtensions on input line 452.

(/usr/local/texlive/2013/texmf-dist/tex/latex/latexconfig/epstopdf-sys.cfg
File: epstopdf-sys.cfg 2010/07/13 v1.3 Configuration of (r)epstopdf for TeX Liv
e
))
\AtBeginShipoutBox=\box34
Package hyperref Info: Link coloring ON on input line 47.

(/usr/local/texlive/2013/texmf-dist/tex/latex/hyperref/nameref.sty
Package: nameref 2012/10/27 v2.43 Cross-referencing by name of section

(/usr/local/texlive/2013/texmf-dist/tex/generic/oberdiek/gettitlestring.sty
Package: gettitlestring 2010/12/03 v1.4 Cleanup title references (HO)
)
\c@section@level=\count140
)
LaTeX Info: Redefining \ref on input line 47.
LaTeX Info: Redefining \pageref on input line 47.
LaTeX Info: Redefining \nameref on input line 47.

(./final_doc_draft.out) (./final_doc_draft.out)
\@outlinefile=\write4
\openout4 = `final_doc_draft.out'.

Package caption Info: Begin \AtBeginDocument code.
Package caption Info: listings package is loaded.
Package caption Info: End \AtBeginDocument code.
\c@lstlisting=\count141
LaTeX Font Info:    Try loading font information for T1+cmss on input line 50.

(/usr/local/texlive/2013/texmf-dist/tex/latex/base/t1cmss.fd
File: t1cmss.fd 1999/05/25 v2.5h Standard LaTeX font definitions
)
LaTeX Font Info:    Try loading font information for U+msa on input line 50.

(/usr/local/texlive/2013/texmf-dist/tex/latex/amsfonts/umsa.fd
File: umsa.fd 2013/01/14 v3.01 AMS symbols A
)
LaTeX Font Info:    Try loading font information for U+msb on input line 50.

(/usr/local/texlive/2013/texmf-dist/tex/latex/amsfonts/umsb.fd
File: umsb.fd 2013/01/14 v3.01 AMS symbols B
)
(./final_doc_draft.toc)
\tf@toc=\write5
\openout5 = `final_doc_draft.toc'.

 [1


{/usr/local/texlive/2013/texmf-var/fonts/map/pdftex/updmap/pdftex.map}]
Package epstopdf Info: Source file: <../plots_tables_images/new_alphaflowchart.
eps>
(epstopdf)                    date: 2013-06-13 11:08:07
(epstopdf)                    size: 1405853 bytes
(epstopdf)             Output file: <../plots_tables_images/new_alphaflowchart-
eps-converted-to.pdf>
(epstopdf)                    date: 2013-06-13 11:09:07
(epstopdf)                    size: 105006 bytes
(epstopdf)             Command: <epstopdf --outfile=../plots_tables_images/new_
alphaflowchart-eps-converted-to.pdf ../plots_tables_images/new_alphaflowchart.e
ps>
(epstopdf)             \includegraphics on input line 93.
Package epstopdf Info: Output file is already uptodate.

<../plots_tables_images/new_alphaflowchart-eps-converted-to.pdf, id=55, 504.886
25pt x 644.4075pt>
File: ../plots_tables_images/new_alphaflowchart-eps-converted-to.pdf Graphic fi
le (type pdf)

<use ../plots_tables_images/new_alphaflowchart-eps-converted-to.pdf>
Package pdftex.def Info: ../plots_tables_images/new_alphaflowchart-eps-converte
d-to.pdf used on input line 93.
(pdftex.def)             Requested size: 407.6684pt x 520.32513pt.

Table 1 has been set to width 501.33101pt

Overfull \hbox (48.36305pt too wide) in paragraph at lines 110--173
 [][][] 
 []

LaTeX Font Info:    Try loading font information for OMS+cmss on input line 177
.
LaTeX Font Info:    No file OMScmss.fd. on input line 177.

LaTeX Font Warning: Font shape `OMS/cmss/m/n' undefined
(Font)              using `OMS/cmsy/m/n' instead
(Font)              for symbol `textasteriskcentered' on input line 177.

[1

] [2 <../plots_tables_images/new_alphaflowchart-eps-converted-to.pdf>]
Package epstopdf Info: Source file: <../plots_tables_images/sortedarray.eps>
(epstopdf)                    date: 2013-06-13 11:59:27
(epstopdf)                    size: 405862 bytes
(epstopdf)             Output file: <../plots_tables_images/sortedarray-eps-con
verted-to.pdf>
(epstopdf)                    date: 2013-06-13 11:59:47
(epstopdf)                    size: 66928 bytes
(epstopdf)             Command: <epstopdf --outfile=../plots_tables_images/sort
edarray-eps-converted-to.pdf ../plots_tables_images/sortedarray.eps>
(epstopdf)             \includegraphics on input line 216.
Package epstopdf Info: Output file is already uptodate.

<../plots_tables_images/sortedarray-eps-converted-to.pdf, id=123, 552.0625pt x 
338.26375pt>
File: ../plots_tables_images/sortedarray-eps-converted-to.pdf Graphic file (typ
e pdf)
 <use ../plots_tables_images/sortedarray-eps-converted-to.pdf>
Package pdftex.def Info: ../plots_tables_images/sortedarray-eps-converted-to.pd
f used on input line 216.
(pdftex.def)             Requested size: 407.6684pt x 249.80026pt.
Package epstopdf Info: Source file: <../plots_tables_images/cutcorner.eps>
(epstopdf)                    date: 2013-05-31 13:52:09
(epstopdf)                    size: 1474800 bytes
(epstopdf)             Output file: <../plots_tables_images/cutcorner-eps-conve
rted-to.pdf>
(epstopdf)                    date: 2013-05-31 13:53:22
(epstopdf)                    size: 13201 bytes
(epstopdf)             Command: <epstopdf --outfile=../plots_tables_images/cutc
orner-eps-converted-to.pdf ../plots_tables_images/cutcorner.eps>
(epstopdf)             \includegraphics on input line 237.
Package epstopdf Info: Output file is already uptodate.

<../plots_tables_images/cutcorner-eps-converted-to.pdf, id=125, 552.0625pt x 33
8.26375pt>
File: ../plots_tables_images/cutcorner-eps-converted-to.pdf Graphic file (type 
pdf)
 <use ../plots_tables_images/cutcorner-eps-converted-to.pdf>
Package pdftex.def Info: ../plots_tables_images/cutcorner-eps-converted-to.pdf 
used on input line 237.
(pdftex.def)             Requested size: 264.98508pt x 162.3699pt.

Overfull \hbox (61.15088pt too wide) in paragraph at lines 237--238
 [][] 
 []

Package epstopdf Info: Source file: <../plots_tables_images/cutcornerwborder.ep
s>
(epstopdf)                    date: 2013-05-31 13:52:09
(epstopdf)                    size: 1368703 bytes
(epstopdf)             Output file: <../plots_tables_images/cutcornerwborder-ep
s-converted-to.pdf>
(epstopdf)                    date: 2013-05-31 13:53:22
(epstopdf)                    size: 14468 bytes
(epstopdf)             Command: <epstopdf --outfile=../plots_tables_images/cutc
ornerwborder-eps-converted-to.pdf ../plots_tables_images/cutcornerwborder.eps>
(epstopdf)             \includegraphics on input line 244.
Package epstopdf Info: Output file is already uptodate.

<../plots_tables_images/cutcornerwborder-eps-converted-to.pdf, id=126, 552.0625
pt x 338.26375pt>
File: ../plots_tables_images/cutcornerwborder-eps-converted-to.pdf Graphic file
 (type pdf)

<use ../plots_tables_images/cutcornerwborder-eps-converted-to.pdf>
Package pdftex.def Info: ../plots_tables_images/cutcornerwborder-eps-converted-
to.pdf used on input line 244.
(pdftex.def)             Requested size: 264.98508pt x 162.3699pt.

Overfull \hbox (61.15088pt too wide) in paragraph at lines 244--245
 [][] 
 []

[3]
Package epstopdf Info: Source file: <../plots_tables_images/5chords.eps>
(epstopdf)                    date: 2013-06-25 10:17:49
(epstopdf)                    size: 71604 bytes
(epstopdf)             Output file: <../plots_tables_images/5chords-eps-convert
ed-to.pdf>
(epstopdf)                    date: 2013-06-25 10:18:13
(epstopdf)                    size: 20890 bytes
(epstopdf)             Command: <epstopdf --outfile=../plots_tables_images/5cho
rds-eps-converted-to.pdf ../plots_tables_images/5chords.eps>
(epstopdf)             \includegraphics on input line 265.
Package epstopdf Info: Output file is already uptodate.

<../plots_tables_images/5chords-eps-converted-to.pdf, id=147, 552.0625pt x 552.
0625pt>
File: ../plots_tables_images/5chords-eps-converted-to.pdf Graphic file (type pd
f)
 <use ../plots_tables_images/5chords-eps-converted-to.pdf>
Package pdftex.def Info: ../plots_tables_images/5chords-eps-converted-to.pdf us
ed on input line 265.
(pdftex.def)             Requested size: 183.44952pt x 183.45317pt.
Package epstopdf Info: Source file: <../plots_tables_images/redlimbs.eps>
(epstopdf)                    date: 2013-06-13 14:20:06
(epstopdf)                    size: 8046 bytes
(epstopdf)             Output file: <../plots_tables_images/redlimbs-eps-conver
ted-to.pdf>
(epstopdf)                    date: 2013-06-13 14:25:59
(epstopdf)                    size: 7897 bytes
(epstopdf)             Command: <epstopdf --outfile=../plots_tables_images/redl
imbs-eps-converted-to.pdf ../plots_tables_images/redlimbs.eps>
(epstopdf)             \includegraphics on input line 272.
Package epstopdf Info: Output file is already uptodate.

<../plots_tables_images/redlimbs-eps-converted-to.pdf, id=148, 552.0625pt x 338
.26375pt>
File: ../plots_tables_images/redlimbs-eps-converted-to.pdf Graphic file (type p
df)
 <use ../plots_tables_images/redlimbs-eps-converted-to.pdf>
Package pdftex.def Info: ../plots_tables_images/redlimbs-eps-converted-to.pdf u
sed on input line 272.
(pdftex.def)             Requested size: 264.98508pt x 162.3699pt.

Overfull \hbox (61.15088pt too wide) in paragraph at lines 272--273
 [][] 
 []

Package epstopdf Info: Source file: <../plots_tables_images/smooth_expl.eps>
(epstopdf)                    date: 2013-06-04 17:23:47
(epstopdf)                    size: 9258 bytes
(epstopdf)             Output file: <../plots_tables_images/smooth_expl-eps-con
verted-to.pdf>
(epstopdf)                    date: 2013-06-06 12:40:34
(epstopdf)                    size: 8326 bytes
(epstopdf)             Command: <epstopdf --outfile=../plots_tables_images/smoo
th_expl-eps-converted-to.pdf ../plots_tables_images/smooth_expl.eps>
(epstopdf)             \includegraphics on input line 288.
Package epstopdf Info: Output file is already uptodate.

<../plots_tables_images/smooth_expl-eps-converted-to.pdf, id=149, 552.0625pt x 
338.26375pt>
File: ../plots_tables_images/smooth_expl-eps-converted-to.pdf Graphic file (typ
e pdf)
 <use ../plots_tables_images/smooth_expl-eps-converted-to.pdf>
Package pdftex.def Info: ../plots_tables_images/smooth_expl-eps-converted-to.pd
f used on input line 288.
(pdftex.def)             Requested size: 226.48398pt x 138.7716pt.
Package epstopdf Info: Source file: <../plots_tables_images/smoothcomp.eps>
(epstopdf)                    date: 2013-06-04 17:23:47
(epstopdf)                    size: 19837 bytes
(epstopdf)             Output file: <../plots_tables_images/smoothcomp-eps-conv
erted-to.pdf>
(epstopdf)                    date: 2013-06-06 12:40:34
(epstopdf)                    size: 14058 bytes
(epstopdf)             Command: <epstopdf --outfile=../plots_tables_images/smoo
thcomp-eps-converted-to.pdf ../plots_tables_images/smoothcomp.eps>
(epstopdf)             \includegraphics on input line 294.
Package epstopdf Info: Output file is already uptodate.

<../plots_tables_images/smoothcomp-eps-converted-to.pdf, id=150, 552.0625pt x 3
38.26375pt>
File: ../plots_tables_images/smoothcomp-eps-converted-to.pdf Graphic file (type
 pdf)
 <use ../plots_tables_images/smoothcomp-eps-converted-to.pdf>
Package pdftex.def Info: ../plots_tables_images/smoothcomp-eps-converted-to.pdf
 used on input line 294.
(pdftex.def)             Requested size: 226.48398pt x 138.7716pt.

Overfull \hbox (2.22168pt too wide) in paragraph at lines 286--298
[][] [] 
 []

[4 <../plots_tables_images/sortedarray-eps-converted-to.pdf> <../plots_tables_i
mages/cutcorner-eps-converted-to.pdf> <../plots_tables_images/cutcornerwborder-
eps-converted-to.pdf>]
Underfull \hbox (badness 10000) in paragraph at lines 302--303

 []

[5 <../plots_tables_images/5chords-eps-converted-to.pdf> <../plots_tables_image
s/redlimbs-eps-converted-to.pdf> <../plots_tables_images/smooth_expl-eps-conver
ted-to.pdf> <../plots_tables_images/smoothcomp-eps-converted-to.pdf>]
Package epstopdf Info: Source file: <../plots_tables_images/1d1dcrop_0_0.eps>
(epstopdf)                    date: 2013-06-10 12:38:07
(epstopdf)                    size: 5235 bytes
(epstopdf)             Output file: <../plots_tables_images/1d1dcrop_0_0-eps-co
nverted-to.pdf>
(epstopdf)                    date: 2013-06-10 12:44:35
(epstopdf)                    size: 3297 bytes
(epstopdf)             Command: <epstopdf --outfile=../plots_tables_images/1d1d
crop_0_0-eps-converted-to.pdf ../plots_tables_images/1d1dcrop_0_0.eps>
(epstopdf)             \includegraphics on input line 310.
Package epstopdf Info: Output file is already uptodate.

<../plots_tables_images/1d1dcrop_0_0-eps-converted-to.pdf, id=200, 552.0625pt x
 338.26375pt>
File: ../plots_tables_images/1d1dcrop_0_0-eps-converted-to.pdf Graphic file (ty
pe pdf)
 <use ../plots_tables_images/1d1dcrop_0_0-eps-converted-to.pdf>
Package pdftex.def Info: ../plots_tables_images/1d1dcrop_0_0-eps-converted-to.p
df used on input line 310.
(pdftex.def)             Requested size: 163.06969pt x 99.91597pt.

Overfull \hbox (27.17793pt too wide) in paragraph at lines 310--312
 [][] 
 []

Package epstopdf Info: Source file: <../plots_tables_images/1d1dcrop_0_1.eps>
(epstopdf)                    date: 2013-06-10 12:38:07
(epstopdf)                    size: 5235 bytes
(epstopdf)             Output file: <../plots_tables_images/1d1dcrop_0_1-eps-co
nverted-to.pdf>
(epstopdf)                    date: 2013-06-10 12:44:36
(epstopdf)                    size: 3571 bytes
(epstopdf)             Command: <epstopdf --outfile=../plots_tables_images/1d1d
crop_0_1-eps-converted-to.pdf ../plots_tables_images/1d1dcrop_0_1.eps>
(epstopdf)             \includegraphics on input line 315.
Package epstopdf Info: Output file is already uptodate.

<../plots_tables_images/1d1dcrop_0_1-eps-converted-to.pdf, id=201, 552.0625pt x
 338.26375pt>
File: ../plots_tables_images/1d1dcrop_0_1-eps-converted-to.pdf Graphic file (ty
pe pdf)
 <use ../plots_tables_images/1d1dcrop_0_1-eps-converted-to.pdf>
Package pdftex.def Info: ../plots_tables_images/1d1dcrop_0_1-eps-converted-to.p
df used on input line 315.
(pdftex.def)             Requested size: 163.06969pt x 99.91597pt.

Overfull \hbox (27.17793pt too wide) in paragraph at lines 315--317
 [][] 
 []

Package epstopdf Info: Source file: <../plots_tables_images/1d1dcrop_0_4.eps>
(epstopdf)                    date: 2013-06-10 12:38:07
(epstopdf)                    size: 5235 bytes
(epstopdf)             Output file: <../plots_tables_images/1d1dcrop_0_4-eps-co
nverted-to.pdf>
(epstopdf)                    date: 2013-06-10 12:44:36
(epstopdf)                    size: 4061 bytes
(epstopdf)             Command: <epstopdf --outfile=../plots_tables_images/1d1d
crop_0_4-eps-converted-to.pdf ../plots_tables_images/1d1dcrop_0_4.eps>
(epstopdf)             \includegraphics on input line 321.
Package epstopdf Info: Output file is already uptodate.

<../plots_tables_images/1d1dcrop_0_4-eps-converted-to.pdf, id=202, 552.0625pt x
 338.26375pt>
File: ../plots_tables_images/1d1dcrop_0_4-eps-converted-to.pdf Graphic file (ty
pe pdf)
 <use ../plots_tables_images/1d1dcrop_0_4-eps-converted-to.pdf>
Package pdftex.def Info: ../plots_tables_images/1d1dcrop_0_4-eps-converted-to.p
df used on input line 321.
(pdftex.def)             Requested size: 163.06969pt x 99.91597pt.

Overfull \hbox (27.17793pt too wide) in paragraph at lines 321--323
 [][] 
 []

Package epstopdf Info: Source file: <../plots_tables_images/1d1dcrop_0_8.eps>
(epstopdf)                    date: 2013-06-10 12:38:07
(epstopdf)                    size: 5235 bytes
(epstopdf)             Output file: <../plots_tables_images/1d1dcrop_0_8-eps-co
nverted-to.pdf>
(epstopdf)                    date: 2013-06-10 12:44:36
(epstopdf)                    size: 3607 bytes
(epstopdf)             Command: <epstopdf --outfile=../plots_tables_images/1d1d
crop_0_8-eps-converted-to.pdf ../plots_tables_images/1d1dcrop_0_8.eps>
(epstopdf)             \includegraphics on input line 327.
Package epstopdf Info: Output file is already uptodate.

<../plots_tables_images/1d1dcrop_0_8-eps-converted-to.pdf, id=203, 552.0625pt x
 338.26375pt>
File: ../plots_tables_images/1d1dcrop_0_8-eps-converted-to.pdf Graphic file (ty
pe pdf)
 <use ../plots_tables_images/1d1dcrop_0_8-eps-converted-to.pdf>
Package pdftex.def Info: ../plots_tables_images/1d1dcrop_0_8-eps-converted-to.p
df used on input line 327.
(pdftex.def)             Requested size: 163.06969pt x 99.91597pt.

Overfull \hbox (27.17793pt too wide) in paragraph at lines 327--329
 [][] 
 []

Package epstopdf Info: Source file: <../plots_tables_images/1d1dcrop_0_9.eps>
(epstopdf)                    date: 2013-06-10 12:38:07
(epstopdf)                    size: 5235 bytes
(epstopdf)             Output file: <../plots_tables_images/1d1dcrop_0_9-eps-co
nverted-to.pdf>
(epstopdf)                    date: 2013-06-10 12:44:36
(epstopdf)                    size: 3320 bytes
(epstopdf)             Command: <epstopdf --outfile=../plots_tables_images/1d1d
crop_0_9-eps-converted-to.pdf ../plots_tables_images/1d1dcrop_0_9.eps>
(epstopdf)             \includegraphics on input line 332.
Package epstopdf Info: Output file is already uptodate.

<../plots_tables_images/1d1dcrop_0_9-eps-converted-to.pdf, id=204, 552.0625pt x
 338.26375pt>
File: ../plots_tables_images/1d1dcrop_0_9-eps-converted-to.pdf Graphic file (ty
pe pdf)
 <use ../plots_tables_images/1d1dcrop_0_9-eps-converted-to.pdf>
Package pdftex.def Info: ../plots_tables_images/1d1dcrop_0_9-eps-converted-to.p
df used on input line 332.
(pdftex.def)             Requested size: 163.06969pt x 99.91597pt.

Overfull \hbox (27.17793pt too wide) in paragraph at lines 332--334
 [][] 
 []

Package epstopdf Info: Source file: <../plots_tables_images/1d1dcrop_1_0.eps>
(epstopdf)                    date: 2013-06-10 12:38:07
(epstopdf)                    size: 5235 bytes
(epstopdf)             Output file: <../plots_tables_images/1d1dcrop_1_0-eps-co
nverted-to.pdf>
(epstopdf)                    date: 2013-06-10 12:44:36
(epstopdf)                    size: 3491 bytes
(epstopdf)             Command: <epstopdf --outfile=../plots_tables_images/1d1d
crop_1_0-eps-converted-to.pdf ../plots_tables_images/1d1dcrop_1_0.eps>
(epstopdf)             \includegraphics on input line 338.
Package epstopdf Info: Output file is already uptodate.

<../plots_tables_images/1d1dcrop_1_0-eps-converted-to.pdf, id=205, 552.0625pt x
 338.26375pt>
File: ../plots_tables_images/1d1dcrop_1_0-eps-converted-to.pdf Graphic file (ty
pe pdf)
 <use ../plots_tables_images/1d1dcrop_1_0-eps-converted-to.pdf>
Package pdftex.def Info: ../plots_tables_images/1d1dcrop_1_0-eps-converted-to.p
df used on input line 338.
(pdftex.def)             Requested size: 163.06969pt x 99.91597pt.

Overfull \hbox (27.17793pt too wide) in paragraph at lines 338--340
 [][] 
 []

Package epstopdf Info: Source file: <../plots_tables_images/1d1dcrop_1_1.eps>
(epstopdf)                    date: 2013-06-10 12:38:07
(epstopdf)                    size: 5235 bytes
(epstopdf)             Output file: <../plots_tables_images/1d1dcrop_1_1-eps-co
nverted-to.pdf>
(epstopdf)                    date: 2013-06-10 12:44:36
(epstopdf)                    size: 3869 bytes
(epstopdf)             Command: <epstopdf --outfile=../plots_tables_images/1d1d
crop_1_1-eps-converted-to.pdf ../plots_tables_images/1d1dcrop_1_1.eps>
(epstopdf)             \includegraphics on input line 345.
Package epstopdf Info: Output file is already uptodate.

<../plots_tables_images/1d1dcrop_1_1-eps-converted-to.pdf, id=206, 552.0625pt x
 338.26375pt>
File: ../plots_tables_images/1d1dcrop_1_1-eps-converted-to.pdf Graphic file (ty
pe pdf)
 <use ../plots_tables_images/1d1dcrop_1_1-eps-converted-to.pdf>
Package pdftex.def Info: ../plots_tables_images/1d1dcrop_1_1-eps-converted-to.p
df used on input line 345.
(pdftex.def)             Requested size: 163.06969pt x 99.91597pt.

Overfull \hbox (27.17793pt too wide) in paragraph at lines 345--347
 [][] 
 []

Package epstopdf Info: Source file: <../plots_tables_images/1d1dcrop_1_9.eps>
(epstopdf)                    date: 2013-06-10 12:38:07
(epstopdf)                    size: 5235 bytes
(epstopdf)             Output file: <../plots_tables_images/1d1dcrop_1_9-eps-co
nverted-to.pdf>
(epstopdf)                    date: 2013-06-10 12:44:36
(epstopdf)                    size: 3526 bytes
(epstopdf)             Command: <epstopdf --outfile=../plots_tables_images/1d1d
crop_1_9-eps-converted-to.pdf ../plots_tables_images/1d1dcrop_1_9.eps>
(epstopdf)             \includegraphics on input line 350.
Package epstopdf Info: Output file is already uptodate.

<../plots_tables_images/1d1dcrop_1_9-eps-converted-to.pdf, id=207, 552.0625pt x
 338.26375pt>
File: ../plots_tables_images/1d1dcrop_1_9-eps-converted-to.pdf Graphic file (ty
pe pdf)
 <use ../plots_tables_images/1d1dcrop_1_9-eps-converted-to.pdf>
Package pdftex.def Info: ../plots_tables_images/1d1dcrop_1_9-eps-converted-to.p
df used on input line 350.
(pdftex.def)             Requested size: 163.06969pt x 99.91597pt.

Overfull \hbox (27.17793pt too wide) in paragraph at lines 350--352
 [][] 
 []

Package epstopdf Info: Source file: <../plots_tables_images/1d1dcrop_2_0.eps>
(epstopdf)                    date: 2013-06-10 12:38:07
(epstopdf)                    size: 5235 bytes
(epstopdf)             Output file: <../plots_tables_images/1d1dcrop_2_0-eps-co
nverted-to.pdf>
(epstopdf)                    date: 2013-06-10 12:44:36
(epstopdf)                    size: 3711 bytes
(epstopdf)             Command: <epstopdf --outfile=../plots_tables_images/1d1d
crop_2_0-eps-converted-to.pdf ../plots_tables_images/1d1dcrop_2_0.eps>
(epstopdf)             \includegraphics on input line 356.
Package epstopdf Info: Output file is already uptodate.

<../plots_tables_images/1d1dcrop_2_0-eps-converted-to.pdf, id=208, 552.0625pt x
 338.26375pt>
File: ../plots_tables_images/1d1dcrop_2_0-eps-converted-to.pdf Graphic file (ty
pe pdf)
 <use ../plots_tables_images/1d1dcrop_2_0-eps-converted-to.pdf>
Package pdftex.def Info: ../plots_tables_images/1d1dcrop_2_0-eps-converted-to.p
df used on input line 356.
(pdftex.def)             Requested size: 163.06969pt x 99.91597pt.

Overfull \hbox (27.17793pt too wide) in paragraph at lines 356--358
 [][] 
 []

Package epstopdf Info: Source file: <../plots_tables_images/1d1dcrop_2_5.eps>
(epstopdf)                    date: 2013-06-10 12:38:07
(epstopdf)                    size: 5235 bytes
(epstopdf)             Output file: <../plots_tables_images/1d1dcrop_2_5-eps-co
nverted-to.pdf>
(epstopdf)                    date: 2013-06-10 12:44:37
(epstopdf)                    size: 4133 bytes
(epstopdf)             Command: <epstopdf --outfile=../plots_tables_images/1d1d
crop_2_5-eps-converted-to.pdf ../plots_tables_images/1d1dcrop_2_5.eps>
(epstopdf)             \includegraphics on input line 363.
Package epstopdf Info: Output file is already uptodate.

<../plots_tables_images/1d1dcrop_2_5-eps-converted-to.pdf, id=209, 552.0625pt x
 338.26375pt>
File: ../plots_tables_images/1d1dcrop_2_5-eps-converted-to.pdf Graphic file (ty
pe pdf)
 <use ../plots_tables_images/1d1dcrop_2_5-eps-converted-to.pdf>
Package pdftex.def Info: ../plots_tables_images/1d1dcrop_2_5-eps-converted-to.p
df used on input line 363.
(pdftex.def)             Requested size: 163.06969pt x 99.91597pt.

Overfull \hbox (27.17793pt too wide) in paragraph at lines 363--365
 [][] 
 []

Package epstopdf Info: Source file: <../plots_tables_images/1d1dcrop_2_9.eps>
(epstopdf)                    date: 2013-06-10 12:38:07
(epstopdf)                    size: 5235 bytes
(epstopdf)             Output file: <../plots_tables_images/1d1dcrop_2_9-eps-co
nverted-to.pdf>
(epstopdf)                    date: 2013-06-10 12:44:37
(epstopdf)                    size: 3741 bytes
(epstopdf)             Command: <epstopdf --outfile=../plots_tables_images/1d1d
crop_2_9-eps-converted-to.pdf ../plots_tables_images/1d1dcrop_2_9.eps>
(epstopdf)             \includegraphics on input line 368.
Package epstopdf Info: Output file is already uptodate.

<../plots_tables_images/1d1dcrop_2_9-eps-converted-to.pdf, id=210, 552.0625pt x
 338.26375pt>
File: ../plots_tables_images/1d1dcrop_2_9-eps-converted-to.pdf Graphic file (ty
pe pdf)
 <use ../plots_tables_images/1d1dcrop_2_9-eps-converted-to.pdf>
Package pdftex.def Info: ../plots_tables_images/1d1dcrop_2_9-eps-converted-to.p
df used on input line 368.
(pdftex.def)             Requested size: 163.06969pt x 99.91597pt.

Overfull \hbox (27.17793pt too wide) in paragraph at lines 368--370
 [][] 
 []

Package epstopdf Info: Source file: <../plots_tables_images/1d1dcrop_3_0.eps>
(epstopdf)                    date: 2013-06-10 12:38:07
(epstopdf)                    size: 5235 bytes
(epstopdf)             Output file: <../plots_tables_images/1d1dcrop_3_0-eps-co
nverted-to.pdf>
(epstopdf)                    date: 2013-06-10 12:44:37
(epstopdf)                    size: 3732 bytes
(epstopdf)             Command: <epstopdf --outfile=../plots_tables_images/1d1d
crop_3_0-eps-converted-to.pdf ../plots_tables_images/1d1dcrop_3_0.eps>
(epstopdf)             \includegraphics on input line 374.
Package epstopdf Info: Output file is already uptodate.

<../plots_tables_images/1d1dcrop_3_0-eps-converted-to.pdf, id=211, 552.0625pt x
 338.26375pt>
File: ../plots_tables_images/1d1dcrop_3_0-eps-converted-to.pdf Graphic file (ty
pe pdf)
 <use ../plots_tables_images/1d1dcrop_3_0-eps-converted-to.pdf>
Package pdftex.def Info: ../plots_tables_images/1d1dcrop_3_0-eps-converted-to.p
df used on input line 374.
(pdftex.def)             Requested size: 163.06969pt x 99.91597pt.

Overfull \hbox (27.17793pt too wide) in paragraph at lines 374--376
 [][] 
 []

Package epstopdf Info: Source file: <../plots_tables_images/1d1dcrop_3_2.eps>
(epstopdf)                    date: 2013-06-10 12:38:07
(epstopdf)                    size: 5235 bytes
(epstopdf)             Output file: <../plots_tables_images/1d1dcrop_3_2-eps-co
nverted-to.pdf>
(epstopdf)                    date: 2013-06-10 12:44:37
(epstopdf)                    size: 4101 bytes
(epstopdf)             Command: <epstopdf --outfile=../plots_tables_images/1d1d
crop_3_2-eps-converted-to.pdf ../plots_tables_images/1d1dcrop_3_2.eps>
(epstopdf)             \includegraphics on input line 381.
Package epstopdf Info: Output file is already uptodate.

<../plots_tables_images/1d1dcrop_3_2-eps-converted-to.pdf, id=212, 552.0625pt x
 338.26375pt>
File: ../plots_tables_images/1d1dcrop_3_2-eps-converted-to.pdf Graphic file (ty
pe pdf)
 <use ../plots_tables_images/1d1dcrop_3_2-eps-converted-to.pdf>
Package pdftex.def Info: ../plots_tables_images/1d1dcrop_3_2-eps-converted-to.p
df used on input line 381.
(pdftex.def)             Requested size: 163.06969pt x 99.91597pt.

Overfull \hbox (27.17793pt too wide) in paragraph at lines 381--383
 [][] 
 []

Package epstopdf Info: Source file: <../plots_tables_images/1d1dcrop_4_0.eps>
(epstopdf)                    date: 2013-06-10 12:38:07
(epstopdf)                    size: 5235 bytes
(epstopdf)             Output file: <../plots_tables_images/1d1dcrop_4_0-eps-co
nverted-to.pdf>
(epstopdf)                    date: 2013-06-10 12:44:37
(epstopdf)                    size: 3728 bytes
(epstopdf)             Command: <epstopdf --outfile=../plots_tables_images/1d1d
crop_4_0-eps-converted-to.pdf ../plots_tables_images/1d1dcrop_4_0.eps>
(epstopdf)             \includegraphics on input line 386.
Package epstopdf Info: Output file is already uptodate.

<../plots_tables_images/1d1dcrop_4_0-eps-converted-to.pdf, id=213, 552.0625pt x
 338.26375pt>
File: ../plots_tables_images/1d1dcrop_4_0-eps-converted-to.pdf Graphic file (ty
pe pdf)
 <use ../plots_tables_images/1d1dcrop_4_0-eps-converted-to.pdf>
Package pdftex.def Info: ../plots_tables_images/1d1dcrop_4_0-eps-converted-to.p
df used on input line 386.
(pdftex.def)             Requested size: 163.06969pt x 99.91597pt.

Overfull \hbox (27.17793pt too wide) in paragraph at lines 386--388
 [][] 
 []

Package epstopdf Info: Source file: <../plots_tables_images/1d1dcrop_4_9.eps>
(epstopdf)                    date: 2013-06-10 12:38:07
(epstopdf)                    size: 5235 bytes
(epstopdf)             Output file: <../plots_tables_images/1d1dcrop_4_9-eps-co
nverted-to.pdf>
(epstopdf)                    date: 2013-06-10 12:44:37
(epstopdf)                    size: 3819 bytes
(epstopdf)             Command: <epstopdf --outfile=../plots_tables_images/1d1d
crop_4_9-eps-converted-to.pdf ../plots_tables_images/1d1dcrop_4_9.eps>
(epstopdf)             \includegraphics on input line 392.
Package epstopdf Info: Output file is already uptodate.

<../plots_tables_images/1d1dcrop_4_9-eps-converted-to.pdf, id=214, 552.0625pt x
 338.26375pt>
File: ../plots_tables_images/1d1dcrop_4_9-eps-converted-to.pdf Graphic file (ty
pe pdf)
 <use ../plots_tables_images/1d1dcrop_4_9-eps-converted-to.pdf>
Package pdftex.def Info: ../plots_tables_images/1d1dcrop_4_9-eps-converted-to.p
df used on input line 392.
(pdftex.def)             Requested size: 163.06969pt x 99.91597pt.

Overfull \hbox (27.17793pt too wide) in paragraph at lines 392--394
 [][] 
 []

Package epstopdf Info: Source file: <../plots_tables_images/1d1dcrop_5_0.eps>
(epstopdf)                    date: 2013-06-10 12:38:07
(epstopdf)                    size: 5235 bytes
(epstopdf)             Output file: <../plots_tables_images/1d1dcrop_5_0-eps-co
nverted-to.pdf>
(epstopdf)                    date: 2013-06-10 12:44:37
(epstopdf)                    size: 3717 bytes
(epstopdf)             Command: <epstopdf --outfile=../plots_tables_images/1d1d
crop_5_0-eps-converted-to.pdf ../plots_tables_images/1d1dcrop_5_0.eps>
(epstopdf)             \includegraphics on input line 399.
Package epstopdf Info: Output file is already uptodate.

<../plots_tables_images/1d1dcrop_5_0-eps-converted-to.pdf, id=215, 552.0625pt x
 338.26375pt>
File: ../plots_tables_images/1d1dcrop_5_0-eps-converted-to.pdf Graphic file (ty
pe pdf)
 <use ../plots_tables_images/1d1dcrop_5_0-eps-converted-to.pdf>
Package pdftex.def Info: ../plots_tables_images/1d1dcrop_5_0-eps-converted-to.p
df used on input line 399.
(pdftex.def)             Requested size: 163.06969pt x 99.91597pt.

Overfull \hbox (27.17793pt too wide) in paragraph at lines 399--401
 [][] 
 []

Package epstopdf Info: Source file: <../plots_tables_images/1d1dcrop_5_6.eps>
(epstopdf)                    date: 2013-06-10 12:38:07
(epstopdf)                    size: 5235 bytes
(epstopdf)             Output file: <../plots_tables_images/1d1dcrop_5_6-eps-co
nverted-to.pdf>
(epstopdf)                    date: 2013-06-10 12:44:37
(epstopdf)                    size: 4125 bytes
(epstopdf)             Command: <epstopdf --outfile=../plots_tables_images/1d1d
crop_5_6-eps-converted-to.pdf ../plots_tables_images/1d1dcrop_5_6.eps>
(epstopdf)             \includegraphics on input line 404.
Package epstopdf Info: Output file is already uptodate.

<../plots_tables_images/1d1dcrop_5_6-eps-converted-to.pdf, id=216, 552.0625pt x
 338.26375pt>
File: ../plots_tables_images/1d1dcrop_5_6-eps-converted-to.pdf Graphic file (ty
pe pdf)
 <use ../plots_tables_images/1d1dcrop_5_6-eps-converted-to.pdf>
Package pdftex.def Info: ../plots_tables_images/1d1dcrop_5_6-eps-converted-to.p
df used on input line 404.
(pdftex.def)             Requested size: 163.06969pt x 99.91597pt.

Overfull \hbox (27.17793pt too wide) in paragraph at lines 404--406
 [][] 
 []

Package epstopdf Info: Source file: <../plots_tables_images/1d1dcrop_5_9.eps>
(epstopdf)                    date: 2013-06-10 12:38:07
(epstopdf)                    size: 5235 bytes
(epstopdf)             Output file: <../plots_tables_images/1d1dcrop_5_9-eps-co
nverted-to.pdf>
(epstopdf)                    date: 2013-06-10 12:44:38
(epstopdf)                    size: 3693 bytes
(epstopdf)             Command: <epstopdf --outfile=../plots_tables_images/1d1d
crop_5_9-eps-converted-to.pdf ../plots_tables_images/1d1dcrop_5_9.eps>
(epstopdf)             \includegraphics on input line 410.
Package epstopdf Info: Output file is already uptodate.

<../plots_tables_images/1d1dcrop_5_9-eps-converted-to.pdf, id=217, 552.0625pt x
 338.26375pt>
File: ../plots_tables_images/1d1dcrop_5_9-eps-converted-to.pdf Graphic file (ty
pe pdf)
 <use ../plots_tables_images/1d1dcrop_5_9-eps-converted-to.pdf>
Package pdftex.def Info: ../plots_tables_images/1d1dcrop_5_9-eps-converted-to.p
df used on input line 410.
(pdftex.def)             Requested size: 163.06969pt x 99.91597pt.

Overfull \hbox (27.17793pt too wide) in paragraph at lines 410--412
 [][] 
 []

Package epstopdf Info: Source file: <../plots_tables_images/1d1dcrop_6_0.eps>
(epstopdf)                    date: 2013-06-10 12:38:07
(epstopdf)                    size: 5235 bytes
(epstopdf)             Output file: <../plots_tables_images/1d1dcrop_6_0-eps-co
nverted-to.pdf>
(epstopdf)                    date: 2013-06-10 12:44:38
(epstopdf)                    size: 3594 bytes
(epstopdf)             Command: <epstopdf --outfile=../plots_tables_images/1d1d
crop_6_0-eps-converted-to.pdf ../plots_tables_images/1d1dcrop_6_0.eps>
(epstopdf)             \includegraphics on input line 417.
Package epstopdf Info: Output file is already uptodate.

<../plots_tables_images/1d1dcrop_6_0-eps-converted-to.pdf, id=218, 552.0625pt x
 338.26375pt>
File: ../plots_tables_images/1d1dcrop_6_0-eps-converted-to.pdf Graphic file (ty
pe pdf)
 <use ../plots_tables_images/1d1dcrop_6_0-eps-converted-to.pdf>
Package pdftex.def Info: ../plots_tables_images/1d1dcrop_6_0-eps-converted-to.p
df used on input line 417.
(pdftex.def)             Requested size: 163.06969pt x 99.91597pt.

Overfull \hbox (27.17793pt too wide) in paragraph at lines 417--419
 [][] 
 []

Package epstopdf Info: Source file: <../plots_tables_images/1d1dcrop_6_3.eps>
(epstopdf)                    date: 2013-06-10 12:38:07
(epstopdf)                    size: 5235 bytes
(epstopdf)             Output file: <../plots_tables_images/1d1dcrop_6_3-eps-co
nverted-to.pdf>
(epstopdf)                    date: 2013-06-10 12:44:38
(epstopdf)                    size: 4097 bytes
(epstopdf)             Command: <epstopdf --outfile=../plots_tables_images/1d1d
crop_6_3-eps-converted-to.pdf ../plots_tables_images/1d1dcrop_6_3.eps>
(epstopdf)             \includegraphics on input line 423.
Package epstopdf Info: Output file is already uptodate.

<../plots_tables_images/1d1dcrop_6_3-eps-converted-to.pdf, id=219, 552.0625pt x
 338.26375pt>
File: ../plots_tables_images/1d1dcrop_6_3-eps-converted-to.pdf Graphic file (ty
pe pdf)
 <use ../plots_tables_images/1d1dcrop_6_3-eps-converted-to.pdf>
Package pdftex.def Info: ../plots_tables_images/1d1dcrop_6_3-eps-converted-to.p
df used on input line 423.
(pdftex.def)             Requested size: 163.06969pt x 99.91597pt.

Overfull \hbox (27.17793pt too wide) in paragraph at lines 423--425
 [][] 
 []

Package epstopdf Info: Source file: <../plots_tables_images/1d1dcrop_6_9.eps>
(epstopdf)                    date: 2013-06-10 12:38:07
(epstopdf)                    size: 5235 bytes
(epstopdf)             Output file: <../plots_tables_images/1d1dcrop_6_9-eps-co
nverted-to.pdf>
(epstopdf)                    date: 2013-06-10 12:44:38
(epstopdf)                    size: 3572 bytes
(epstopdf)             Command: <epstopdf --outfile=../plots_tables_images/1d1d
crop_6_9-eps-converted-to.pdf ../plots_tables_images/1d1dcrop_6_9.eps>
(epstopdf)             \includegraphics on input line 428.
Package epstopdf Info: Output file is already uptodate.

<../plots_tables_images/1d1dcrop_6_9-eps-converted-to.pdf, id=220, 552.0625pt x
 338.26375pt>
File: ../plots_tables_images/1d1dcrop_6_9-eps-converted-to.pdf Graphic file (ty
pe pdf)
 <use ../plots_tables_images/1d1dcrop_6_9-eps-converted-to.pdf>
Package pdftex.def Info: ../plots_tables_images/1d1dcrop_6_9-eps-converted-to.p
df used on input line 428.
(pdftex.def)             Requested size: 163.06969pt x 99.91597pt.

Overfull \hbox (27.17793pt too wide) in paragraph at lines 428--430
 [][] 
 []


LaTeX Warning: Float too large for page by 33.32281pt on input line 433.

Package epstopdf Info: Source file: <../plots_tables_images/1d1dsums_0_0.eps>
(epstopdf)                    date: 2013-06-10 17:41:25
(epstopdf)                    size: 10110 bytes
(epstopdf)             Output file: <../plots_tables_images/1d1dsums_0_0-eps-co
nverted-to.pdf>
(epstopdf)                    date: 2013-06-10 17:41:41
(epstopdf)                    size: 7741 bytes
(epstopdf)             Command: <epstopdf --outfile=../plots_tables_images/1d1d
sums_0_0-eps-converted-to.pdf ../plots_tables_images/1d1dsums_0_0.eps>
(epstopdf)             \includegraphics on input line 440.
Package epstopdf Info: Output file is already uptodate.

<../plots_tables_images/1d1dsums_0_0-eps-converted-to.pdf, id=221, 552.0625pt x
 338.26375pt>
File: ../plots_tables_images/1d1dsums_0_0-eps-converted-to.pdf Graphic file (ty
pe pdf)
 <use ../plots_tables_images/1d1dsums_0_0-eps-converted-to.pdf>
Package pdftex.def Info: ../plots_tables_images/1d1dsums_0_0-eps-converted-to.p
df used on input line 440.
(pdftex.def)             Requested size: 135.89175pt x 83.26503pt.
Package epstopdf Info: Source file: <../plots_tables_images/1d1dsums_0_1.eps>
(epstopdf)                    date: 2013-06-10 17:41:25
(epstopdf)                    size: 13219 bytes
(epstopdf)             Output file: <../plots_tables_images/1d1dsums_0_1-eps-co
nverted-to.pdf>
(epstopdf)                    date: 2013-06-10 17:41:41
(epstopdf)                    size: 8476 bytes
(epstopdf)             Command: <epstopdf --outfile=../plots_tables_images/1d1d
sums_0_1-eps-converted-to.pdf ../plots_tables_images/1d1dsums_0_1.eps>
(epstopdf)             \includegraphics on input line 445.
Package epstopdf Info: Output file is already uptodate.

<../plots_tables_images/1d1dsums_0_1-eps-converted-to.pdf, id=222, 552.0625pt x
 338.26375pt>
File: ../plots_tables_images/1d1dsums_0_1-eps-converted-to.pdf Graphic file (ty
pe pdf)
 <use ../plots_tables_images/1d1dsums_0_1-eps-converted-to.pdf>
Package pdftex.def Info: ../plots_tables_images/1d1dsums_0_1-eps-converted-to.p
df used on input line 445.
(pdftex.def)             Requested size: 135.89175pt x 83.26503pt.
Package epstopdf Info: Source file: <../plots_tables_images/1d1dsums_0_4.eps>
(epstopdf)                    date: 2013-06-10 17:41:25
(epstopdf)                    size: 11112 bytes
(epstopdf)             Output file: <../plots_tables_images/1d1dsums_0_4-eps-co
nverted-to.pdf>
(epstopdf)                    date: 2013-06-10 17:41:41
(epstopdf)                    size: 7749 bytes
(epstopdf)             Command: <epstopdf --outfile=../plots_tables_images/1d1d
sums_0_4-eps-converted-to.pdf ../plots_tables_images/1d1dsums_0_4.eps>
(epstopdf)             \includegraphics on input line 451.
Package epstopdf Info: Output file is already uptodate.

<../plots_tables_images/1d1dsums_0_4-eps-converted-to.pdf, id=223, 552.0625pt x
 338.26375pt>
File: ../plots_tables_images/1d1dsums_0_4-eps-converted-to.pdf Graphic file (ty
pe pdf)
 <use ../plots_tables_images/1d1dsums_0_4-eps-converted-to.pdf>
Package pdftex.def Info: ../plots_tables_images/1d1dsums_0_4-eps-converted-to.p
df used on input line 451.
(pdftex.def)             Requested size: 135.89175pt x 83.26503pt.
Package epstopdf Info: Source file: <../plots_tables_images/1d1dsums_0_8.eps>
(epstopdf)                    date: 2013-06-10 17:41:25
(epstopdf)                    size: 13220 bytes
(epstopdf)             Output file: <../plots_tables_images/1d1dsums_0_8-eps-co
nverted-to.pdf>
(epstopdf)                    date: 2013-06-10 17:41:41
(epstopdf)                    size: 8381 bytes
(epstopdf)             Command: <epstopdf --outfile=../plots_tables_images/1d1d
sums_0_8-eps-converted-to.pdf ../plots_tables_images/1d1dsums_0_8.eps>
(epstopdf)             \includegraphics on input line 458.
Package epstopdf Info: Output file is already uptodate.

<../plots_tables_images/1d1dsums_0_8-eps-converted-to.pdf, id=224, 552.0625pt x
 338.26375pt>
File: ../plots_tables_images/1d1dsums_0_8-eps-converted-to.pdf Graphic file (ty
pe pdf)
 <use ../plots_tables_images/1d1dsums_0_8-eps-converted-to.pdf>
Package pdftex.def Info: ../plots_tables_images/1d1dsums_0_8-eps-converted-to.p
df used on input line 458.
(pdftex.def)             Requested size: 135.89175pt x 83.26503pt.
Package epstopdf Info: Source file: <../plots_tables_images/1d1dsums_0_9.eps>
(epstopdf)                    date: 2013-06-10 17:41:25
(epstopdf)                    size: 9222 bytes
(epstopdf)             Output file: <../plots_tables_images/1d1dsums_0_9-eps-co
nverted-to.pdf>
(epstopdf)                    date: 2013-06-10 17:41:41
(epstopdf)                    size: 7233 bytes
(epstopdf)             Command: <epstopdf --outfile=../plots_tables_images/1d1d
sums_0_9-eps-converted-to.pdf ../plots_tables_images/1d1dsums_0_9.eps>
(epstopdf)             \includegraphics on input line 463.
Package epstopdf Info: Output file is already uptodate.

<../plots_tables_images/1d1dsums_0_9-eps-converted-to.pdf, id=225, 552.0625pt x
 338.26375pt>
File: ../plots_tables_images/1d1dsums_0_9-eps-converted-to.pdf Graphic file (ty
pe pdf)
 <use ../plots_tables_images/1d1dsums_0_9-eps-converted-to.pdf>
Package pdftex.def Info: ../plots_tables_images/1d1dsums_0_9-eps-converted-to.p
df used on input line 463.
(pdftex.def)             Requested size: 135.89175pt x 83.26503pt.
Package epstopdf Info: Source file: <../plots_tables_images/1d1dsums_1_0.eps>
(epstopdf)                    date: 2013-06-10 17:41:25
(epstopdf)                    size: 9365 bytes
(epstopdf)             Output file: <../plots_tables_images/1d1dsums_1_0-eps-co
nverted-to.pdf>
(epstopdf)                    date: 2013-06-10 17:41:42
(epstopdf)                    size: 7338 bytes
(epstopdf)             Command: <epstopdf --outfile=../plots_tables_images/1d1d
sums_1_0-eps-converted-to.pdf ../plots_tables_images/1d1dsums_1_0.eps>
(epstopdf)             \includegraphics on input line 469.
Package epstopdf Info: Output file is already uptodate.

<../plots_tables_images/1d1dsums_1_0-eps-converted-to.pdf, id=226, 552.0625pt x
 338.26375pt>
File: ../plots_tables_images/1d1dsums_1_0-eps-converted-to.pdf Graphic file (ty
pe pdf)
 <use ../plots_tables_images/1d1dsums_1_0-eps-converted-to.pdf>
Package pdftex.def Info: ../plots_tables_images/1d1dsums_1_0-eps-converted-to.p
df used on input line 469.
(pdftex.def)             Requested size: 135.89175pt x 83.26503pt.
Package epstopdf Info: Source file: <../plots_tables_images/1d1dsums_1_1.eps>
(epstopdf)                    date: 2013-06-10 17:41:25
(epstopdf)                    size: 9255 bytes
(epstopdf)             Output file: <../plots_tables_images/1d1dsums_1_1-eps-co
nverted-to.pdf>
(epstopdf)                    date: 2013-06-10 17:41:42
(epstopdf)                    size: 7277 bytes
(epstopdf)             Command: <epstopdf --outfile=../plots_tables_images/1d1d
sums_1_1-eps-converted-to.pdf ../plots_tables_images/1d1dsums_1_1.eps>
(epstopdf)             \includegraphics on input line 476.
Package epstopdf Info: Output file is already uptodate.

<../plots_tables_images/1d1dsums_1_1-eps-converted-to.pdf, id=227, 552.0625pt x
 338.26375pt>
File: ../plots_tables_images/1d1dsums_1_1-eps-converted-to.pdf Graphic file (ty
pe pdf)
 <use ../plots_tables_images/1d1dsums_1_1-eps-converted-to.pdf>
Package pdftex.def Info: ../plots_tables_images/1d1dsums_1_1-eps-converted-to.p
df used on input line 476.
(pdftex.def)             Requested size: 135.89175pt x 83.26503pt.
Package epstopdf Info: Source file: <../plots_tables_images/1d1dsums_1_9.eps>
(epstopdf)                    date: 2013-06-10 17:41:25
(epstopdf)                    size: 10441 bytes
(epstopdf)             Output file: <../plots_tables_images/1d1dsums_1_9-eps-co
nverted-to.pdf>
(epstopdf)                    date: 2013-06-10 17:41:42
(epstopdf)                    size: 7546 bytes
(epstopdf)             Command: <epstopdf --outfile=../plots_tables_images/1d1d
sums_1_9-eps-converted-to.pdf ../plots_tables_images/1d1dsums_1_9.eps>
(epstopdf)             \includegraphics on input line 481.
Package epstopdf Info: Output file is already uptodate.

<../plots_tables_images/1d1dsums_1_9-eps-converted-to.pdf, id=228, 552.0625pt x
 338.26375pt>
File: ../plots_tables_images/1d1dsums_1_9-eps-converted-to.pdf Graphic file (ty
pe pdf)
 <use ../plots_tables_images/1d1dsums_1_9-eps-converted-to.pdf>
Package pdftex.def Info: ../plots_tables_images/1d1dsums_1_9-eps-converted-to.p
df used on input line 481.
(pdftex.def)             Requested size: 135.89175pt x 83.26503pt.
Package epstopdf Info: Source file: <../plots_tables_images/1d1dsums_2_0.eps>
(epstopdf)                    date: 2013-06-10 17:41:25
(epstopdf)                    size: 13221 bytes
(epstopdf)             Output file: <../plots_tables_images/1d1dsums_2_0-eps-co
nverted-to.pdf>
(epstopdf)                    date: 2013-06-10 17:41:42
(epstopdf)                    size: 8397 bytes
(epstopdf)             Command: <epstopdf --outfile=../plots_tables_images/1d1d
sums_2_0-eps-converted-to.pdf ../plots_tables_images/1d1dsums_2_0.eps>
(epstopdf)             \includegraphics on input line 487.
Package epstopdf Info: Output file is already uptodate.

<../plots_tables_images/1d1dsums_2_0-eps-converted-to.pdf, id=229, 552.0625pt x
 338.26375pt>
File: ../plots_tables_images/1d1dsums_2_0-eps-converted-to.pdf Graphic file (ty
pe pdf)
 <use ../plots_tables_images/1d1dsums_2_0-eps-converted-to.pdf>
Package pdftex.def Info: ../plots_tables_images/1d1dsums_2_0-eps-converted-to.p
df used on input line 487.
(pdftex.def)             Requested size: 135.89175pt x 83.26503pt.
Package epstopdf Info: Source file: <../plots_tables_images/1d1dsums_2_5.eps>
(epstopdf)                    date: 2013-06-10 17:41:25
(epstopdf)                    size: 11112 bytes
(epstopdf)             Output file: <../plots_tables_images/1d1dsums_2_5-eps-co
nverted-to.pdf>
(epstopdf)                    date: 2013-06-10 17:41:42
(epstopdf)                    size: 7744 bytes
(epstopdf)             Command: <epstopdf --outfile=../plots_tables_images/1d1d
sums_2_5-eps-converted-to.pdf ../plots_tables_images/1d1dsums_2_5.eps>
(epstopdf)             \includegraphics on input line 494.
Package epstopdf Info: Output file is already uptodate.

<../plots_tables_images/1d1dsums_2_5-eps-converted-to.pdf, id=230, 552.0625pt x
 338.26375pt>
File: ../plots_tables_images/1d1dsums_2_5-eps-converted-to.pdf Graphic file (ty
pe pdf)
 <use ../plots_tables_images/1d1dsums_2_5-eps-converted-to.pdf>
Package pdftex.def Info: ../plots_tables_images/1d1dsums_2_5-eps-converted-to.p
df used on input line 494.
(pdftex.def)             Requested size: 135.89175pt x 83.26503pt.
Package epstopdf Info: Source file: <../plots_tables_images/1d1dsums_2_9.eps>
(epstopdf)                    date: 2013-06-10 17:41:25
(epstopdf)                    size: 10503 bytes
(epstopdf)             Output file: <../plots_tables_images/1d1dsums_2_9-eps-co
nverted-to.pdf>
(epstopdf)                    date: 2013-06-10 17:41:42
(epstopdf)                    size: 7559 bytes
(epstopdf)             Command: <epstopdf --outfile=../plots_tables_images/1d1d
sums_2_9-eps-converted-to.pdf ../plots_tables_images/1d1dsums_2_9.eps>
(epstopdf)             \includegraphics on input line 499.
Package epstopdf Info: Output file is already uptodate.

<../plots_tables_images/1d1dsums_2_9-eps-converted-to.pdf, id=231, 552.0625pt x
 338.26375pt>
File: ../plots_tables_images/1d1dsums_2_9-eps-converted-to.pdf Graphic file (ty
pe pdf)
 <use ../plots_tables_images/1d1dsums_2_9-eps-converted-to.pdf>
Package pdftex.def Info: ../plots_tables_images/1d1dsums_2_9-eps-converted-to.p
df used on input line 499.
(pdftex.def)             Requested size: 135.89175pt x 83.26503pt.
Package epstopdf Info: Source file: <../plots_tables_images/1d1dsums_3_0.eps>
(epstopdf)                    date: 2013-06-10 17:41:25
(epstopdf)                    size: 10501 bytes
(epstopdf)             Output file: <../plots_tables_images/1d1dsums_3_0-eps-co
nverted-to.pdf>
(epstopdf)                    date: 2013-06-10 17:41:43
(epstopdf)                    size: 7571 bytes
(epstopdf)             Command: <epstopdf --outfile=../plots_tables_images/1d1d
sums_3_0-eps-converted-to.pdf ../plots_tables_images/1d1dsums_3_0.eps>
(epstopdf)             \includegraphics on input line 505.
Package epstopdf Info: Output file is already uptodate.

<../plots_tables_images/1d1dsums_3_0-eps-converted-to.pdf, id=232, 552.0625pt x
 338.26375pt>
File: ../plots_tables_images/1d1dsums_3_0-eps-converted-to.pdf Graphic file (ty
pe pdf)
 <use ../plots_tables_images/1d1dsums_3_0-eps-converted-to.pdf>
Package pdftex.def Info: ../plots_tables_images/1d1dsums_3_0-eps-converted-to.p
df used on input line 505.
(pdftex.def)             Requested size: 135.89175pt x 83.26503pt.
Package epstopdf Info: Source file: <../plots_tables_images/1d1dsums_3_2.eps>
(epstopdf)                    date: 2013-06-10 17:41:25
(epstopdf)                    size: 11115 bytes
(epstopdf)             Output file: <../plots_tables_images/1d1dsums_3_2-eps-co
nverted-to.pdf>
(epstopdf)                    date: 2013-06-10 17:41:43
(epstopdf)                    size: 7741 bytes
(epstopdf)             Command: <epstopdf --outfile=../plots_tables_images/1d1d
sums_3_2-eps-converted-to.pdf ../plots_tables_images/1d1dsums_3_2.eps>
(epstopdf)             \includegraphics on input line 512.
Package epstopdf Info: Output file is already uptodate.

<../plots_tables_images/1d1dsums_3_2-eps-converted-to.pdf, id=233, 552.0625pt x
 338.26375pt>
File: ../plots_tables_images/1d1dsums_3_2-eps-converted-to.pdf Graphic file (ty
pe pdf)
 <use ../plots_tables_images/1d1dsums_3_2-eps-converted-to.pdf>
Package pdftex.def Info: ../plots_tables_images/1d1dsums_3_2-eps-converted-to.p
df used on input line 512.
(pdftex.def)             Requested size: 135.89175pt x 83.26503pt.
Package epstopdf Info: Source file: <../plots_tables_images/1d1dsums_4_0.eps>
(epstopdf)                    date: 2013-06-10 17:41:25
(epstopdf)                    size: 13765 bytes
(epstopdf)             Output file: <../plots_tables_images/1d1dsums_4_0-eps-co
nverted-to.pdf>
(epstopdf)                    date: 2013-06-10 17:41:43
(epstopdf)                    size: 8544 bytes
(epstopdf)             Command: <epstopdf --outfile=../plots_tables_images/1d1d
sums_4_0-eps-converted-to.pdf ../plots_tables_images/1d1dsums_4_0.eps>
(epstopdf)             \includegraphics on input line 517.
Package epstopdf Info: Output file is already uptodate.

<../plots_tables_images/1d1dsums_4_0-eps-converted-to.pdf, id=234, 552.0625pt x
 338.26375pt>
File: ../plots_tables_images/1d1dsums_4_0-eps-converted-to.pdf Graphic file (ty
pe pdf)
 <use ../plots_tables_images/1d1dsums_4_0-eps-converted-to.pdf>
Package pdftex.def Info: ../plots_tables_images/1d1dsums_4_0-eps-converted-to.p
df used on input line 517.
(pdftex.def)             Requested size: 135.89175pt x 83.26503pt.
Package epstopdf Info: Source file: <../plots_tables_images/1d1dsums_4_9.eps>
(epstopdf)                    date: 2013-06-10 17:41:25
(epstopdf)                    size: 9251 bytes
(epstopdf)             Output file: <../plots_tables_images/1d1dsums_4_9-eps-co
nverted-to.pdf>
(epstopdf)                    date: 2013-06-10 17:41:43
(epstopdf)                    size: 7274 bytes
(epstopdf)             Command: <epstopdf --outfile=../plots_tables_images/1d1d
sums_4_9-eps-converted-to.pdf ../plots_tables_images/1d1dsums_4_9.eps>
(epstopdf)             \includegraphics on input line 523.
Package epstopdf Info: Output file is already uptodate.

<../plots_tables_images/1d1dsums_4_9-eps-converted-to.pdf, id=235, 552.0625pt x
 338.26375pt>
File: ../plots_tables_images/1d1dsums_4_9-eps-converted-to.pdf Graphic file (ty
pe pdf)
 <use ../plots_tables_images/1d1dsums_4_9-eps-converted-to.pdf>
Package pdftex.def Info: ../plots_tables_images/1d1dsums_4_9-eps-converted-to.p
df used on input line 523.
(pdftex.def)             Requested size: 135.89175pt x 83.26503pt.
Package epstopdf Info: Source file: <../plots_tables_images/1d1dsums_5_0.eps>
(epstopdf)                    date: 2013-06-10 17:41:25
(epstopdf)                    size: 12685 bytes
(epstopdf)             Output file: <../plots_tables_images/1d1dsums_5_0-eps-co
nverted-to.pdf>
(epstopdf)                    date: 2013-06-10 17:41:43
(epstopdf)                    size: 8186 bytes
(epstopdf)             Command: <epstopdf --outfile=../plots_tables_images/1d1d
sums_5_0-eps-converted-to.pdf ../plots_tables_images/1d1dsums_5_0.eps>
(epstopdf)             \includegraphics on input line 530.
Package epstopdf Info: Output file is already uptodate.

<../plots_tables_images/1d1dsums_5_0-eps-converted-to.pdf, id=236, 552.0625pt x
 338.26375pt>
File: ../plots_tables_images/1d1dsums_5_0-eps-converted-to.pdf Graphic file (ty
pe pdf)
 <use ../plots_tables_images/1d1dsums_5_0-eps-converted-to.pdf>
Package pdftex.def Info: ../plots_tables_images/1d1dsums_5_0-eps-converted-to.p
df used on input line 530.
(pdftex.def)             Requested size: 135.89175pt x 83.26503pt.
Package epstopdf Info: Source file: <../plots_tables_images/1d1dsums_5_6.eps>
(epstopdf)                    date: 2013-06-10 17:41:25
(epstopdf)                    size: 12201 bytes
(epstopdf)             Output file: <../plots_tables_images/1d1dsums_5_6-eps-co
nverted-to.pdf>
(epstopdf)                    date: 2013-06-10 17:41:43
(epstopdf)                    size: 8049 bytes
(epstopdf)             Command: <epstopdf --outfile=../plots_tables_images/1d1d
sums_5_6-eps-converted-to.pdf ../plots_tables_images/1d1dsums_5_6.eps>
(epstopdf)             \includegraphics on input line 535.
Package epstopdf Info: Output file is already uptodate.

<../plots_tables_images/1d1dsums_5_6-eps-converted-to.pdf, id=237, 552.0625pt x
 338.26375pt>
File: ../plots_tables_images/1d1dsums_5_6-eps-converted-to.pdf Graphic file (ty
pe pdf)
 <use ../plots_tables_images/1d1dsums_5_6-eps-converted-to.pdf>
Package pdftex.def Info: ../plots_tables_images/1d1dsums_5_6-eps-converted-to.p
df used on input line 535.
(pdftex.def)             Requested size: 135.89175pt x 83.26503pt.
Package epstopdf Info: Source file: <../plots_tables_images/1d1dsums_5_9.eps>
(epstopdf)                    date: 2013-06-10 17:41:25
(epstopdf)                    size: 10758 bytes
(epstopdf)             Output file: <../plots_tables_images/1d1dsums_5_9-eps-co
nverted-to.pdf>
(epstopdf)                    date: 2013-06-10 17:41:44
(epstopdf)                    size: 7764 bytes
(epstopdf)             Command: <epstopdf --outfile=../plots_tables_images/1d1d
sums_5_9-eps-converted-to.pdf ../plots_tables_images/1d1dsums_5_9.eps>
(epstopdf)             \includegraphics on input line 541.
Package epstopdf Info: Output file is already uptodate.

<../plots_tables_images/1d1dsums_5_9-eps-converted-to.pdf, id=238, 552.0625pt x
 338.26375pt>
File: ../plots_tables_images/1d1dsums_5_9-eps-converted-to.pdf Graphic file (ty
pe pdf)
 <use ../plots_tables_images/1d1dsums_5_9-eps-converted-to.pdf>
Package pdftex.def Info: ../plots_tables_images/1d1dsums_5_9-eps-converted-to.p
df used on input line 541.
(pdftex.def)             Requested size: 135.89175pt x 83.26503pt.
Package epstopdf Info: Source file: <../plots_tables_images/1d1dsums_6_0.eps>
(epstopdf)                    date: 2013-06-10 17:41:25
(epstopdf)                    size: 9506 bytes
(epstopdf)             Output file: <../plots_tables_images/1d1dsums_6_0-eps-co
nverted-to.pdf>
(epstopdf)                    date: 2013-06-10 17:41:44
(epstopdf)                    size: 7293 bytes
(epstopdf)             Command: <epstopdf --outfile=../plots_tables_images/1d1d
sums_6_0-eps-converted-to.pdf ../plots_tables_images/1d1dsums_6_0.eps>
(epstopdf)             \includegraphics on input line 548.
Package epstopdf Info: Output file is already uptodate.

<../plots_tables_images/1d1dsums_6_0-eps-converted-to.pdf, id=239, 552.0625pt x
 338.26375pt>
File: ../plots_tables_images/1d1dsums_6_0-eps-converted-to.pdf Graphic file (ty
pe pdf)
 <use ../plots_tables_images/1d1dsums_6_0-eps-converted-to.pdf>
Package pdftex.def Info: ../plots_tables_images/1d1dsums_6_0-eps-converted-to.p
df used on input line 548.
(pdftex.def)             Requested size: 135.89175pt x 83.26503pt.
Package epstopdf Info: Source file: <../plots_tables_images/1d1dsums_6_3.eps>
(epstopdf)                    date: 2013-06-10 17:41:25
(epstopdf)                    size: 11110 bytes
(epstopdf)             Output file: <../plots_tables_images/1d1dsums_6_3-eps-co
nverted-to.pdf>
(epstopdf)                    date: 2013-06-10 17:41:44
(epstopdf)                    size: 7759 bytes
(epstopdf)             Command: <epstopdf --outfile=../plots_tables_images/1d1d
sums_6_3-eps-converted-to.pdf ../plots_tables_images/1d1dsums_6_3.eps>
(epstopdf)             \includegraphics on input line 554.
Package epstopdf Info: Output file is already uptodate.

<../plots_tables_images/1d1dsums_6_3-eps-converted-to.pdf, id=240, 552.0625pt x
 338.26375pt>
File: ../plots_tables_images/1d1dsums_6_3-eps-converted-to.pdf Graphic file (ty
pe pdf)
 <use ../plots_tables_images/1d1dsums_6_3-eps-converted-to.pdf>
Package pdftex.def Info: ../plots_tables_images/1d1dsums_6_3-eps-converted-to.p
df used on input line 554.
(pdftex.def)             Requested size: 135.89175pt x 83.26503pt.
Package epstopdf Info: Source file: <../plots_tables_images/1d1dsums_6_9.eps>
(epstopdf)                    date: 2013-06-10 17:41:25
(epstopdf)                    size: 10754 bytes
(epstopdf)             Output file: <../plots_tables_images/1d1dsums_6_9-eps-co
nverted-to.pdf>
(epstopdf)                    date: 2013-06-10 17:41:44
(epstopdf)                    size: 7622 bytes
(epstopdf)             Command: <epstopdf --outfile=../plots_tables_images/1d1d
sums_6_9-eps-converted-to.pdf ../plots_tables_images/1d1dsums_6_9.eps>
(epstopdf)             \includegraphics on input line 559.
Package epstopdf Info: Output file is already uptodate.

<../plots_tables_images/1d1dsums_6_9-eps-converted-to.pdf, id=241, 552.0625pt x
 338.26375pt>
File: ../plots_tables_images/1d1dsums_6_9-eps-converted-to.pdf Graphic file (ty
pe pdf)
 <use ../plots_tables_images/1d1dsums_6_9-eps-converted-to.pdf>
Package pdftex.def Info: ../plots_tables_images/1d1dsums_6_9-eps-converted-to.p
df used on input line 559.
(pdftex.def)             Requested size: 135.89175pt x 83.26503pt.


LaTeX Warning: Float too large for page by 39.48883pt on input line 564.

<../plots_tables_images/orig_sun.jpg, id=244, 338.01282pt x 241.65282pt>
File: ../plots_tables_images/orig_sun.jpg Graphic file (type jpg)

<use ../plots_tables_images/orig_sun.jpg>
Package pdftex.def Info: ../plots_tables_images/orig_sun.jpg used on input line
 573.
(pdftex.def)             Requested size: 226.48398pt x 161.9213pt.
Package epstopdf Info: Source file: <../plots_tables_images/smooth_fid_test.eps
>
(epstopdf)                    date: 2013-06-21 16:11:17
(epstopdf)                    size: 12293 bytes
(epstopdf)             Output file: <../plots_tables_images/smooth_fid_test-eps
-converted-to.pdf>
(epstopdf)                    date: 2013-06-21 16:12:27
(epstopdf)                    size: 5039 bytes
(epstopdf)             Command: <epstopdf --outfile=../plots_tables_images/smoo
th_fid_test-eps-converted-to.pdf ../plots_tables_images/smooth_fid_test.eps>
(epstopdf)             \includegraphics on input line 579.
Package epstopdf Info: Output file is already uptodate.

<../plots_tables_images/smooth_fid_test-eps-converted-to.pdf, id=245, 552.0625p
t x 338.26375pt>
File: ../plots_tables_images/smooth_fid_test-eps-converted-to.pdf Graphic file 
(type pdf)

<use ../plots_tables_images/smooth_fid_test-eps-converted-to.pdf>
Package pdftex.def Info: ../plots_tables_images/smooth_fid_test-eps-converted-t
o.pdf used on input line 579.
(pdftex.def)             Requested size: 226.48398pt x 138.7716pt.

Overfull \hbox (2.22168pt too wide) in paragraph at lines 571--583
[][] [] 
 []

LaTeX Font Info:    Try loading font information for T1+cmtt on input line 587.

(/usr/local/texlive/2013/texmf-dist/tex/latex/base/t1cmtt.fd
File: t1cmtt.fd 1999/05/25 v2.5h Standard LaTeX font definitions
)
Package epstopdf Info: Source file: <../plots_tables_images/small_image.eps>
(epstopdf)                    date: 2013-06-21 15:49:17
(epstopdf)                    size: 17152 bytes
(epstopdf)             Output file: <../plots_tables_images/small_image-eps-con
verted-to.pdf>
(epstopdf)                    date: 2013-06-21 15:57:01
(epstopdf)                    size: 8824 bytes
(epstopdf)             Command: <epstopdf --outfile=../plots_tables_images/smal
l_image-eps-converted-to.pdf ../plots_tables_images/small_image.eps>
(epstopdf)             \includegraphics on input line 593.
Package epstopdf Info: Output file is already uptodate.

<../plots_tables_images/small_image-eps-converted-to.pdf, id=248, 552.0625pt x 
338.26375pt>
File: ../plots_tables_images/small_image-eps-converted-to.pdf Graphic file (typ
e pdf)
 <use ../plots_tables_images/small_image-eps-converted-to.pdf>
Package pdftex.def Info: ../plots_tables_images/small_image-eps-converted-to.pd
f used on input line 593.
(pdftex.def)             Requested size: 226.48398pt x 138.7716pt.
Package epstopdf Info: Source file: <../plots_tables_images/small_image_fixed.e
ps>
(epstopdf)                    date: 2013-06-21 15:48:58
(epstopdf)                    size: 16916 bytes
(epstopdf)             Output file: <../plots_tables_images/small_image_fixed-e
ps-converted-to.pdf>
(epstopdf)                    date: 2013-06-21 15:57:01
(epstopdf)                    size: 8694 bytes
(epstopdf)             Command: <epstopdf --outfile=../plots_tables_images/smal
l_image_fixed-eps-converted-to.pdf ../plots_tables_images/small_image_fixed.eps
>
(epstopdf)             \includegraphics on input line 599.
Package epstopdf Info: Output file is already uptodate.

<../plots_tables_images/small_image_fixed-eps-converted-to.pdf, id=249, 552.062
5pt x 338.26375pt>
File: ../plots_tables_images/small_image_fixed-eps-converted-to.pdf Graphic fil
e (type pdf)

<use ../plots_tables_images/small_image_fixed-eps-converted-to.pdf>
Package pdftex.def Info: ../plots_tables_images/small_image_fixed-eps-converted
-to.pdf used on input line 599.
(pdftex.def)             Requested size: 226.48398pt x 138.7716pt.

Overfull \hbox (2.22168pt too wide) in paragraph at lines 591--603
[][] [] 
 []

Package atveryend Info: Empty hook `BeforeClearDocument' on input line 613.
[6] [7 <../plots_tables_images/1d1dcrop_0_0-eps-converted-to.pdf> <../plots_tab
les_images/1d1dcrop_0_1-eps-converted-to.pdf> <../plots_tables_images/1d1dcrop_
0_4-eps-converted-to.pdf> <../plots_tables_images/1d1dcrop_0_8-eps-converted-to
.pdf> <../plots_tables_images/1d1dcrop_0_9-eps-converted-to.pdf> <../plots_tabl
es_images/1d1dcrop_1_0-eps-converted-to.pdf> <../plots_tables_images/1d1dcrop_1
_1-eps-converted-to.pdf> <../plots_tables_images/1d1dcrop_1_9-eps-converted-to.
pdf> <../plots_tables_images/1d1dcrop_2_0-eps-converted-to.pdf> <../plots_table
s_images/1d1dcrop_2_5-eps-converted-to.pdf> <../plots_tables_images/1d1dcrop_2_
9-eps-converted-to.pdf> <../plots_tables_images/1d1dcrop_3_0-eps-converted-to.p
df> <../plots_tables_images/1d1dcrop_3_2-eps-converted-to.pdf> <../plots_tables
_images/1d1dcrop_4_0-eps-converted-to.pdf> <../plots_tables_images/1d1dcrop_4_9
-eps-converted-to.pdf> <../plots_tables_images/1d1dcrop_5_0-eps-converted-to.pd
f> <../plots_tables_images/1d1dcrop_5_6-eps-converted-to.pdf> <../plots_tables_
images/1d1dcrop_5_9-eps-converted-to.pdf> <../plots_tables_images/1d1dcrop_6_0-
eps-converted-to.pdf> <../plots_tables_images/1d1dcrop_6_3-eps-converted-to.pdf
> <../plots_tables_images/1d1dcrop_6_9-eps-converted-to.pdf>] [8 <../plots_tabl
es_images/1d1dsums_0_0-eps-converted-to.pdf> <../plots_tables_images/1d1dsums_0
_1-eps-converted-to.pdf> <../plots_tables_images/1d1dsums_0_4-eps-converted-to.
pdf> <../plots_tables_images/1d1dsums_0_8-eps-converted-to.pdf> <../plots_table
s_images/1d1dsums_0_9-eps-converted-to.pdf> <../plots_tables_images/1d1dsums_1_
0-eps-converted-to.pdf> <../plots_tables_images/1d1dsums_1_1-eps-converted-to.p
df> <../plots_tables_images/1d1dsums_1_9-eps-converted-to.pdf> <../plots_tables
_images/1d1dsums_2_0-eps-converted-to.pdf> <../plots_tables_images/1d1dsums_2_5
-eps-converted-to.pdf> <../plots_tables_images/1d1dsums_2_9-eps-converted-to.pd
f> <../plots_tables_images/1d1dsums_3_0-eps-converted-to.pdf> <../plots_tables_
images/1d1dsums_3_2-eps-converted-to.pdf> <../plots_tables_images/1d1dsums_4_0-
eps-converted-to.pdf> <../plots_tables_images/1d1dsums_4_9-eps-converted-to.pdf
> <../plots_tables_images/1d1dsums_5_0-eps-converted-to.pdf> <../plots_tables_i
mages/1d1dsums_5_6-eps-converted-to.pdf> <../plots_tables_images/1d1dsums_5_9-e
ps-converted-to.pdf> <../plots_tables_images/1d1dsums_6_0-eps-converted-to.pdf>
 <../plots_tables_images/1d1dsums_6_3-eps-converted-to.pdf> <../plots_tables_im
ages/1d1dsums_6_9-eps-converted-to.pdf>] [9 <../plots_tables_images/orig_sun.jp
g> <../plots_tables_images/smooth_fid_test-eps-converted-to.pdf> <../plots_tabl
es_images/small_image-eps-converted-to.pdf> <../plots_tables_images/small_image
_fixed-eps-converted-to.pdf>]
Package atveryend Info: Empty hook `AfterLastShipout' on input line 613.
 (./final_doc_draft.aux)
Package atveryend Info: Executing hook `AtVeryEndDocument' on input line 613.
Package atveryend Info: Executing hook `AtEndAfterFileList' on input line 613.
Package rerunfilecheck Info: File `final_doc_draft.out' has not changed.
(rerunfilecheck)             Checksum: 22AEBE558DC69D37A1DC1447687AB37E;477.


LaTeX Font Warning: Some font shapes were not available, defaults substituted.

Package atveryend Info: Empty hook `AtVeryVeryEnd' on input line 613.
 ) 
Here is how much of TeX's memory you used:
 11514 strings out of 493311
 185791 string characters out of 6137850
 385212 words of memory out of 5000000
 14685 multiletter control sequences out of 15000+600000
 20221 words of font info for 54 fonts, out of 8000000 for 9000
 957 hyphenation exceptions out of 8191
 48i,9n,52p,971b,1701s stack positions out of 5000i,500n,10000p,200000b,80000s
{/usr/local/texlive/2013/texmf-dist/fonts/enc/dvips/cm-super/cm-super-t1.enc}
</usr/local/texlive/2013/texmf-dist/fonts/type1/public/amsfonts/cm/cmsy8.pfb></
usr/local/texlive/2013/texmf-dist/fonts/type1/public/cm-super/sfrm0700.pfb></us
r/local/texlive/2013/texmf-dist/fonts/type1/public/cm-super/sfrm0800.pfb></usr/
local/texlive/2013/texmf-dist/fonts/type1/public/cm-super/sfrm0900.pfb></usr/lo
cal/texlive/2013/texmf-dist/fonts/type1/public/cm-super/sfrm1000.pfb></usr/loca
l/texlive/2013/texmf-dist/fonts/type1/public/cm-super/sfrm1440.pfb></usr/local/
texlive/2013/texmf-dist/fonts/type1/public/cm-super/sfsi0800.pfb></usr/local/te
xlive/2013/texmf-dist/fonts/type1/public/cm-super/sfss0800.pfb></usr/local/texl
ive/2013/texmf-dist/fonts/type1/public/cm-super/sfsx1000.pfb></usr/local/texliv
e/2013/texmf-dist/fonts/type1/public/cm-super/sfsx1200.pfb></usr/local/texlive/
2013/texmf-dist/fonts/type1/public/cm-super/sfsx1440.pfb></usr/local/texlive/20
13/texmf-dist/fonts/type1/public/cm-super/sfsx2074.pfb></usr/local/texlive/2013
/texmf-dist/fonts/type1/public/cm-super/sfti1000.pfb></usr/local/texlive/2013/t
exmf-dist/fonts/type1/public/cm-super/sftt1000.pfb>
Output written on final_doc_draft.pdf (10 pages, 655028 bytes).
PDF statistics:
 520 PDF objects out of 1000 (max. 8388607)
 391 compressed objects within 4 object streams
 70 named destinations out of 1000 (max. 500000)
 335 words of extra memory for PDF output out of 10000 (max. 10000000)

