This is pdfTeX, Version 3.1415926-2.5-1.40.14 (TeX Live 2013) (format=pdflatex 2013.7.23)  8 AUG 2013 15:04
entering extended mode
 \write18 enabled.
 %&-line parsing enabled.
**"/Users/jerensuzuki/Documents/suncentering/tex files/slatfit.tex"
(/Users/jerensuzuki/Documents/suncentering/tex files/slatfit.tex
LaTeX2e <2011/06/27>
Babel <3.9f> and hyphenation patterns for 78 languages loaded.
(/usr/local/texlive/2013/texmf-dist/tex/latex/koma-script/scrartcl.cls
Document Class: scrartcl 2012/07/29 v3.11b KOMA-Script document class (article)

(/usr/local/texlive/2013/texmf-dist/tex/latex/koma-script/scrkbase.sty
Package: scrkbase 2012/07/29 v3.11b KOMA-Script package (KOMA-Script-dependent 
basics and keyval usage)

(/usr/local/texlive/2013/texmf-dist/tex/latex/koma-script/scrbase.sty
Package: scrbase 2012/07/29 v3.11b KOMA-Script package (KOMA-Script-independent
 basics and keyval usage)

(/usr/local/texlive/2013/texmf-dist/tex/latex/graphics/keyval.sty
Package: keyval 1999/03/16 v1.13 key=value parser (DPC)
\KV@toks@=\toks14
)
(/usr/local/texlive/2013/texmf-dist/tex/latex/koma-script/scrlfile.sty
Package: scrlfile 2012/06/15 v3.12 KOMA-Script package (loading files)

Package scrlfile, 2012/06/15 v3.12 KOMA-Script package (loading files)
                  Copyright (C) Markus Kohm

))) (/usr/local/texlive/2013/texmf-dist/tex/latex/koma-script/tocbasic.sty
Package: tocbasic 2012/04/04 v3.10b KOMA-Script package (handling toc-files)
)
Package tocbasic Info: omitting babel extension for `toc'
(tocbasic)             because of feature `nobabel' available
(tocbasic)             for `toc' on input line 115.
Package tocbasic Info: omitting babel extension for `lof'
(tocbasic)             because of feature `nobabel' available
(tocbasic)             for `lof' on input line 116.
Package tocbasic Info: omitting babel extension for `lot'
(tocbasic)             because of feature `nobabel' available
(tocbasic)             for `lot' on input line 117.
Package scrartcl Info: You've used obsolete option `10pt'.
(scrartcl)             \KOMAExecuteOptions{fontsize=10pt} will be
(scrartcl)             used instead.
(scrartcl)             You may simply replace `10pt'
(scrartcl)             by `fontsize=10pt'.
Class scrartcl Info: File `scrsize10pt.clo' used to setup font sizes on input l
ine 1267.

(/usr/local/texlive/2013/texmf-dist/tex/latex/koma-script/scrsize10pt.clo
File: scrsize10pt.clo 2012/07/29 v3.11b KOMA-Script font size class option (10p
t)
)
(/usr/local/texlive/2013/texmf-dist/tex/latex/koma-script/typearea.sty
Package: typearea 2012/07/29 v3.11b KOMA-Script package (type area)

Package typearea, 2012/07/29 v3.11b KOMA-Script package (type area)
                  Copyright (C) Frank Neukam, 1992-1994
                  Copyright (C) Markus Kohm, 1994-

\ta@bcor=\skip41
\ta@div=\count79
\ta@hblk=\skip42
\ta@vblk=\skip43
\ta@temp=\skip44
Package typearea Info: These are the values describing the layout:
(typearea)             DIV  = 8
(typearea)             BCOR = 0.0pt
(typearea)             \paperwidth      = 597.50793pt
(typearea)              \textwidth      = 373.44246pt
(typearea)              DIV departure   = -4%
(typearea)              \evensidemargin = 39.76274pt
(typearea)              \oddsidemargin  = 39.76274pt
(typearea)             \paperheight     = 845.04694pt
(typearea)              \textheight     = 538.0pt
(typearea)              \topmargin      = 0.36087pt
(typearea)              \headheight     = 15.0pt
(typearea)              \headsep        = 18.0pt
(typearea)              \topskip        = 10.0pt
(typearea)              \footskip       = 42.0pt
(typearea)              \baselineskip   = 12.0pt
(typearea)              on input line 1213.
)
\c@part=\count80
\c@section=\count81
\c@subsection=\count82
\c@subsubsection=\count83
\c@paragraph=\count84
\c@subparagraph=\count85
\abovecaptionskip=\skip45
\belowcaptionskip=\skip46
\c@pti@nb@sid@b@x=\box26
\c@figure=\count86
\c@table=\count87
\bibindent=\dimen102
) (/usr/local/texlive/2013/texmf-dist/tex/latex/base/fontenc.sty
Package: fontenc 2005/09/27 v1.99g Standard LaTeX package

(/usr/local/texlive/2013/texmf-dist/tex/latex/base/t1enc.def
File: t1enc.def 2005/09/27 v1.99g Standard LaTeX file
LaTeX Font Info:    Redeclaring font encoding T1 on input line 43.
))
(/usr/local/texlive/2013/texmf-dist/tex/latex/amsmath/amsmath.sty
Package: amsmath 2013/01/14 v2.14 AMS math features
\@mathmargin=\skip47

For additional information on amsmath, use the `?' option.
(/usr/local/texlive/2013/texmf-dist/tex/latex/amsmath/amstext.sty
Package: amstext 2000/06/29 v2.01

(/usr/local/texlive/2013/texmf-dist/tex/latex/amsmath/amsgen.sty
File: amsgen.sty 1999/11/30 v2.0
\@emptytoks=\toks15
\ex@=\dimen103
))
(/usr/local/texlive/2013/texmf-dist/tex/latex/amsmath/amsbsy.sty
Package: amsbsy 1999/11/29 v1.2d
\pmbraise@=\dimen104
)
(/usr/local/texlive/2013/texmf-dist/tex/latex/amsmath/amsopn.sty
Package: amsopn 1999/12/14 v2.01 operator names
)
\inf@bad=\count88
LaTeX Info: Redefining \frac on input line 210.
\uproot@=\count89
\leftroot@=\count90
LaTeX Info: Redefining \overline on input line 306.
\classnum@=\count91
\DOTSCASE@=\count92
LaTeX Info: Redefining \ldots on input line 378.
LaTeX Info: Redefining \dots on input line 381.
LaTeX Info: Redefining \cdots on input line 466.
\Mathstrutbox@=\box27
\strutbox@=\box28
\big@size=\dimen105
LaTeX Font Info:    Redeclaring font encoding OML on input line 566.
LaTeX Font Info:    Redeclaring font encoding OMS on input line 567.
\macc@depth=\count93
\c@MaxMatrixCols=\count94
\dotsspace@=\muskip10
\c@parentequation=\count95
\dspbrk@lvl=\count96
\tag@help=\toks16
\row@=\count97
\column@=\count98
\maxfields@=\count99
\andhelp@=\toks17
\eqnshift@=\dimen106
\alignsep@=\dimen107
\tagshift@=\dimen108
\tagwidth@=\dimen109
\totwidth@=\dimen110
\lineht@=\dimen111
\@envbody=\toks18
\multlinegap=\skip48
\multlinetaggap=\skip49
\mathdisplay@stack=\toks19
LaTeX Info: Redefining \[ on input line 2665.
LaTeX Info: Redefining \] on input line 2666.
)
(/usr/local/texlive/2013/texmf-dist/tex/latex/amsfonts/amsfonts.sty
Package: amsfonts 2013/01/14 v3.01 Basic AMSFonts support
\symAMSa=\mathgroup4
\symAMSb=\mathgroup5
LaTeX Font Info:    Overwriting math alphabet `\mathfrak' in version `bold'
(Font)                  U/euf/m/n --> U/euf/b/n on input line 106.
)
(/usr/local/texlive/2013/texmf-dist/tex/latex/amsfonts/amssymb.sty
Package: amssymb 2013/01/14 v3.01 AMS font symbols
)
(/usr/local/texlive/2013/texmf-dist/tex/latex/mh/mathtools.sty
Package: mathtools 2013/02/12 v1.13 mathematical typesetting tools

(/usr/local/texlive/2013/texmf-dist/tex/latex/tools/calc.sty
Package: calc 2007/08/22 v4.3 Infix arithmetic (KKT,FJ)
\calc@Acount=\count100
\calc@Bcount=\count101
\calc@Adimen=\dimen112
\calc@Bdimen=\dimen113
\calc@Askip=\skip50
\calc@Bskip=\skip51
LaTeX Info: Redefining \setlength on input line 76.
LaTeX Info: Redefining \addtolength on input line 77.
\calc@Ccount=\count102
\calc@Cskip=\skip52
)
(/usr/local/texlive/2013/texmf-dist/tex/latex/mh/mhsetup.sty
Package: mhsetup 2010/01/21 v1.2a programming setup (MH)
)
LaTeX Info: Thecontrolsequence`\['isalreadyrobust on input line 129.
LaTeX Info: Thecontrolsequence`\]'isalreadyrobust on input line 129.
\g_MT_multlinerow_int=\count103
\l_MT_multwidth_dim=\dimen114
\origjot=\skip53
\l_MT_shortvdotswithinadjustabove_dim=\dimen115
\l_MT_shortvdotswithinadjustbelow_dim=\dimen116
\l_MT_above_intertext_sep=\dimen117
\l_MT_below_intertext_sep=\dimen118
\l_MT_above_shortintertext_sep=\dimen119
\l_MT_below_shortintertext_sep=\dimen120
)
(/usr/local/texlive/2013/texmf-dist/tex/latex/graphics/color.sty
Package: color 2005/11/14 v1.0j Standard LaTeX Color (DPC)

(/usr/local/texlive/2013/texmf-dist/tex/latex/latexconfig/color.cfg
File: color.cfg 2007/01/18 v1.5 color configuration of teTeX/TeXLive
)
Package color Info: Driver file: pdftex.def on input line 130.

(/usr/local/texlive/2013/texmf-dist/tex/latex/pdftex-def/pdftex.def
File: pdftex.def 2011/05/27 v0.06d Graphics/color for pdfTeX

(/usr/local/texlive/2013/texmf-dist/tex/generic/oberdiek/infwarerr.sty
Package: infwarerr 2010/04/08 v1.3 Providing info/warning/error messages (HO)
)
(/usr/local/texlive/2013/texmf-dist/tex/generic/oberdiek/ltxcmds.sty
Package: ltxcmds 2011/11/09 v1.22 LaTeX kernel commands for general use (HO)
)
\Gread@gobject=\count104
))
(/usr/local/texlive/2013/texmf-dist/tex/latex/soul/soul.sty
Package: soul 2003/11/17 v2.4 letterspacing/underlining (mf)
\SOUL@word=\toks20
\SOUL@lasttoken=\toks21
\SOUL@cmds=\toks22
\SOUL@buffer=\toks23
\SOUL@token=\toks24
\SOUL@spaceskip=\skip54
\SOUL@ttwidth=\dimen121
\SOUL@uldp=\dimen122
\SOUL@ulht=\dimen123
)
(/usr/local/texlive/2013/texmf-dist/tex/latex/preprint/fullpage.sty
Package: fullpage 1999/02/23 1.1 (PWD)
\FP@margin=\skip55
)
(/usr/local/texlive/2013/texmf-dist/tex/latex/tools/enumerate.sty
Package: enumerate 1999/03/05 v3.00 enumerate extensions (DPC)
\@enLab=\toks25
)
(/usr/local/texlive/2013/texmf-dist/tex/latex/graphics/graphicx.sty
Package: graphicx 1999/02/16 v1.0f Enhanced LaTeX Graphics (DPC,SPQR)

(/usr/local/texlive/2013/texmf-dist/tex/latex/graphics/graphics.sty
Package: graphics 2009/02/05 v1.0o Standard LaTeX Graphics (DPC,SPQR)

(/usr/local/texlive/2013/texmf-dist/tex/latex/graphics/trig.sty
Package: trig 1999/03/16 v1.09 sin cos tan (DPC)
)
(/usr/local/texlive/2013/texmf-dist/tex/latex/latexconfig/graphics.cfg
File: graphics.cfg 2010/04/23 v1.9 graphics configuration of TeX Live
)
Package graphics Info: Driver file: pdftex.def on input line 91.
)
\Gin@req@height=\dimen124
\Gin@req@width=\dimen125
)
(/usr/local/texlive/2013/texmf-dist/tex/latex/hyperref/hyperref.sty
Package: hyperref 2012/11/06 v6.83m Hypertext links for LaTeX

(/usr/local/texlive/2013/texmf-dist/tex/generic/oberdiek/hobsub-hyperref.sty
Package: hobsub-hyperref 2012/05/28 v1.13 Bundle oberdiek, subset hyperref (HO)


(/usr/local/texlive/2013/texmf-dist/tex/generic/oberdiek/hobsub-generic.sty
Package: hobsub-generic 2012/05/28 v1.13 Bundle oberdiek, subset generic (HO)
Package: hobsub 2012/05/28 v1.13 Construct package bundles (HO)
Package hobsub Info: Skipping package `infwarerr' (already loaded).
Package hobsub Info: Skipping package `ltxcmds' (already loaded).
Package: ifluatex 2010/03/01 v1.3 Provides the ifluatex switch (HO)
Package ifluatex Info: LuaTeX not detected.
Package: ifvtex 2010/03/01 v1.5 Detect VTeX and its facilities (HO)
Package ifvtex Info: VTeX not detected.
Package: intcalc 2007/09/27 v1.1 Expandable calculations with integers (HO)
Package: ifpdf 2011/01/30 v2.3 Provides the ifpdf switch (HO)
Package ifpdf Info: pdfTeX in PDF mode is detected.
Package: etexcmds 2011/02/16 v1.5 Avoid name clashes with e-TeX commands (HO)
Package etexcmds Info: Could not find \expanded.
(etexcmds)             That can mean that you are not using pdfTeX 1.50 or
(etexcmds)             that some package has redefined \expanded.
(etexcmds)             In the latter case, load this package earlier.
Package: kvsetkeys 2012/04/25 v1.16 Key value parser (HO)
Package: kvdefinekeys 2011/04/07 v1.3 Define keys (HO)
Package: pdftexcmds 2011/11/29 v0.20 Utility functions of pdfTeX for LuaTeX (HO
)
Package pdftexcmds Info: LuaTeX not detected.
Package pdftexcmds Info: \pdf@primitive is available.
Package pdftexcmds Info: \pdf@ifprimitive is available.
Package pdftexcmds Info: \pdfdraftmode found.
Package: pdfescape 2011/11/25 v1.13 Implements pdfTeX's escape features (HO)
Package: bigintcalc 2012/04/08 v1.3 Expandable calculations on big integers (HO
)
Package: bitset 2011/01/30 v1.1 Handle bit-vector datatype (HO)
Package: uniquecounter 2011/01/30 v1.2 Provide unlimited unique counter (HO)
)
Package hobsub Info: Skipping package `hobsub' (already loaded).
Package: letltxmacro 2010/09/02 v1.4 Let assignment for LaTeX macros (HO)
Package: hopatch 2012/05/28 v1.2 Wrapper for package hooks (HO)
Package: xcolor-patch 2011/01/30 xcolor patch
Package: atveryend 2011/06/30 v1.8 Hooks at the very end of document (HO)
Package atveryend Info: \enddocument detected (standard20110627).
Package: atbegshi 2011/10/05 v1.16 At begin shipout hook (HO)
Package: refcount 2011/10/16 v3.4 Data extraction from label references (HO)
Package: hycolor 2011/01/30 v1.7 Color options for hyperref/bookmark (HO)
)
(/usr/local/texlive/2013/texmf-dist/tex/generic/ifxetex/ifxetex.sty
Package: ifxetex 2010/09/12 v0.6 Provides ifxetex conditional
)
(/usr/local/texlive/2013/texmf-dist/tex/latex/oberdiek/auxhook.sty
Package: auxhook 2011/03/04 v1.3 Hooks for auxiliary files (HO)
)
(/usr/local/texlive/2013/texmf-dist/tex/latex/oberdiek/kvoptions.sty
Package: kvoptions 2011/06/30 v3.11 Key value format for package options (HO)
)
\@linkdim=\dimen126
\Hy@linkcounter=\count105
\Hy@pagecounter=\count106

(/usr/local/texlive/2013/texmf-dist/tex/latex/hyperref/pd1enc.def
File: pd1enc.def 2012/11/06 v6.83m Hyperref: PDFDocEncoding definition (HO)
)
\Hy@SavedSpaceFactor=\count107

(/usr/local/texlive/2013/texmf-dist/tex/latex/latexconfig/hyperref.cfg
File: hyperref.cfg 2002/06/06 v1.2 hyperref configuration of TeXLive
)
Package hyperref Info: Option `colorlinks' set `true' on input line 4319.
Package hyperref Info: Hyper figures OFF on input line 4443.
Package hyperref Info: Link nesting OFF on input line 4448.
Package hyperref Info: Hyper index ON on input line 4451.
Package hyperref Info: Plain pages OFF on input line 4458.
Package hyperref Info: Backreferencing OFF on input line 4463.
Package hyperref Info: Implicit mode ON; LaTeX internals redefined.
Package hyperref Info: Bookmarks ON on input line 4688.
\c@Hy@tempcnt=\count108

(/usr/local/texlive/2013/texmf-dist/tex/latex/url/url.sty
\Urlmuskip=\muskip11
Package: url 2006/04/12  ver 3.3  Verb mode for urls, etc.
)
LaTeX Info: Redefining \url on input line 5041.
\XeTeXLinkMargin=\dimen127
\Fld@menulength=\count109
\Field@Width=\dimen128
\Fld@charsize=\dimen129
Package hyperref Info: Hyper figures OFF on input line 6295.
Package hyperref Info: Link nesting OFF on input line 6300.
Package hyperref Info: Hyper index ON on input line 6303.
Package hyperref Info: backreferencing OFF on input line 6310.
Package hyperref Info: Link coloring ON on input line 6313.
Package hyperref Info: Link coloring with OCG OFF on input line 6320.
Package hyperref Info: PDF/A mode OFF on input line 6325.
LaTeX Info: Redefining \ref on input line 6365.
LaTeX Info: Redefining \pageref on input line 6369.
\Hy@abspage=\count110
\c@Item=\count111
\c@Hfootnote=\count112
)

Package hyperref Message: Driver (autodetected): hpdftex.

(/usr/local/texlive/2013/texmf-dist/tex/latex/hyperref/hpdftex.def
File: hpdftex.def 2012/11/06 v6.83m Hyperref driver for pdfTeX
\Fld@listcount=\count113
\c@bookmark@seq@number=\count114

(/usr/local/texlive/2013/texmf-dist/tex/latex/oberdiek/rerunfilecheck.sty
Package: rerunfilecheck 2011/04/15 v1.7 Rerun checks for auxiliary files (HO)
Package uniquecounter Info: New unique counter `rerunfilecheck' on input line 2
82.
)
\Hy@SectionHShift=\skip56
)
(/usr/local/texlive/2013/texmf-dist/tex/latex/floatrow/floatrow.sty
Package: floatrow 2008/08/02 v0.3b floatrow: float package extension

(/usr/local/texlive/2013/texmf-dist/tex/latex/caption/caption3.sty
Package: caption3 2013/05/02 v1.6-88 caption3 kernel (AR)
Package caption3 Info: TeX engine: e-TeX on input line 57.
\captionmargin=\dimen130
\captionmargin@=\dimen131
\captionwidth=\dimen132
\caption@tempdima=\dimen133
\caption@indent=\dimen134
\caption@parindent=\dimen135
\caption@hangindent=\dimen136
)
\c@float@type=\count115
\float@exts=\toks26
\float@box=\box29
\@floatcapt=\box30
Package floatrow Info: Modified float package code loaded on input line 455.
Package floatrow Info: Modified rotfloat package code loaded on input line 473.

\FR@everyfloat=\toks27
\flrow@foot=\insert233
\FB@wd=\dimen137
\FBo@wd=\dimen138
\FBc@wd=\dimen139
\FBo@ht=\skip57
\FBc@ht=\skip58
\FBf@ht=\skip59
\FBo@max=\skip60
\FBc@max=\skip61
\FBf@max=\skip62
\c@FBl@b=\count116
\floatbox@depth=\count117
\c@FRobj=\count118
\c@FRsobj=\count119
\Xhsize=\skip63
\sXhsize=\skip64
\Zhsize=\skip65
\sZhsize=\skip66
\flrow@rowbox=\box31
\FR@Zunitlength=\dimen140
\c@FBcnt=\count120
\FPOScnt=\count121
\LTleft=\skip67
\LTright=\skip68
\LTleft=\skip69
\LTright=\skip70
\flrow@types=\toks28
)
(/usr/local/texlive/2013/../texmf-local/tex/latex/deluxetable/deluxetable.sty
Package: deluxetable 
\pt@box=\box32
\pt@width=\dimen141
\pt@line=\count122
\pt@column=\count123
\pt@nlines=\count124
\pt@ncol=\count125
\pt@page=\count126
\pt@tmpcapwidth=\dimen142
)
(/usr/local/texlive/2013/texmf-dist/tex/latex/tools/verbatim.sty
Package: verbatim 2003/08/22 v1.5q LaTeX2e package for verbatim enhancements
\every@verbatim=\toks29
\verbatim@line=\toks30
\verbatim@in@stream=\read1
)
(/usr/local/texlive/2013/texmf-dist/tex/latex/fancyvrb/fancyvrb.sty
Package: fancyvrb 2008/02/07

Style option: `fancyvrb' v2.7a, with DG/SPQR fixes, and firstline=lastline fix 
<2008/02/07> (tvz)
\FV@CodeLineNo=\count127
\FV@InFile=\read2
\FV@TabBox=\box33
\c@FancyVerbLine=\count128
\FV@StepNumber=\count129
\FV@OutFile=\write3
)
(/usr/local/texlive/2013/texmf-dist/tex/latex/listings/listings.sty
\lst@mode=\count130
\lst@gtempboxa=\box34
\lst@token=\toks31
\lst@length=\count131
\lst@currlwidth=\dimen143
\lst@column=\count132
\lst@pos=\count133
\lst@lostspace=\dimen144
\lst@width=\dimen145
\lst@newlines=\count134
\lst@lineno=\count135
\lst@maxwidth=\dimen146

(/usr/local/texlive/2013/texmf-dist/tex/latex/listings/lstmisc.sty
File: lstmisc.sty 2013/08/05 1.5a (Carsten Heinz)
\c@lstnumber=\count136
\lst@skipnumbers=\count137
\lst@framebox=\box35
)
(/usr/local/texlive/2013/texmf-dist/tex/latex/listings/listings.cfg
File: listings.cfg 2013/08/05 1.5a listings configuration
))
Package: listings 2013/08/05 1.5a (Carsten Heinz)

(/usr/local/texlive/2013/texmf-dist/tex/latex/caption/caption.sty
Package: caption 2013/05/02 v3.3-89 Customizing captions (AR)
Package caption Info: KOMA-Script document class.
\c@ContinuedFloat=\count138
Package caption Info: float package is loaded.
Package caption Info: floatrow package is loaded.
Package caption Info: hyperref package is loaded.
Package caption Info: listings package is loaded.
)
(/usr/local/texlive/2013/texmf-dist/tex/latex/caption/subcaption.sty
Package: subcaption 2013/02/03 v1.1-62 Sub-captions (AR)
\c@subfigure=\count139
\c@subtable=\count140
)
(./slatfit.aux)
\openout1 = `slatfit.aux'.

LaTeX Font Info:    Checking defaults for OML/cmm/m/it on input line 32.
LaTeX Font Info:    ... okay on input line 32.
LaTeX Font Info:    Checking defaults for T1/cmr/m/n on input line 32.
LaTeX Font Info:    ... okay on input line 32.
LaTeX Font Info:    Checking defaults for OT1/cmr/m/n on input line 32.
LaTeX Font Info:    ... okay on input line 32.
LaTeX Font Info:    Checking defaults for OMS/cmsy/m/n on input line 32.
LaTeX Font Info:    ... okay on input line 32.
LaTeX Font Info:    Checking defaults for OMX/cmex/m/n on input line 32.
LaTeX Font Info:    ... okay on input line 32.
LaTeX Font Info:    Checking defaults for U/cmr/m/n on input line 32.
LaTeX Font Info:    ... okay on input line 32.
LaTeX Font Info:    Checking defaults for PD1/pdf/m/n on input line 32.
LaTeX Font Info:    ... okay on input line 32.

(/usr/local/texlive/2013/texmf-dist/tex/context/base/supp-pdf.mkii
[Loading MPS to PDF converter (version 2006.09.02).]
\scratchcounter=\count141
\scratchdimen=\dimen147
\scratchbox=\box36
\nofMPsegments=\count142
\nofMParguments=\count143
\everyMPshowfont=\toks32
\MPscratchCnt=\count144
\MPscratchDim=\dimen148
\MPnumerator=\count145
\makeMPintoPDFobject=\count146
\everyMPtoPDFconversion=\toks33
) (/usr/local/texlive/2013/texmf-dist/tex/latex/oberdiek/epstopdf-base.sty
Package: epstopdf-base 2010/02/09 v2.5 Base part for package epstopdf

(/usr/local/texlive/2013/texmf-dist/tex/latex/oberdiek/grfext.sty
Package: grfext 2010/08/19 v1.1 Manage graphics extensions (HO)
)
Package grfext Info: Graphics extension search list:
(grfext)             [.png,.pdf,.jpg,.mps,.jpeg,.jbig2,.jb2,.PNG,.PDF,.JPG,.JPE
G,.JBIG2,.JB2,.eps]
(grfext)             \AppendGraphicsExtensions on input line 452.

(/usr/local/texlive/2013/texmf-dist/tex/latex/latexconfig/epstopdf-sys.cfg
File: epstopdf-sys.cfg 2010/07/13 v1.3 Configuration of (r)epstopdf for TeX Liv
e
))
\AtBeginShipoutBox=\box37
Package hyperref Info: Link coloring ON on input line 32.

(/usr/local/texlive/2013/texmf-dist/tex/latex/hyperref/nameref.sty
Package: nameref 2012/10/27 v2.43 Cross-referencing by name of section

(/usr/local/texlive/2013/texmf-dist/tex/generic/oberdiek/gettitlestring.sty
Package: gettitlestring 2010/12/03 v1.4 Cleanup title references (HO)
)
\c@section@level=\count147
)
LaTeX Info: Redefining \ref on input line 32.
LaTeX Info: Redefining \pageref on input line 32.
LaTeX Info: Redefining \nameref on input line 32.

(./slatfit.out) (./slatfit.out)
\@outlinefile=\write4
\openout4 = `slatfit.out'.

Package caption Info: Begin \AtBeginDocument code.
Package caption Info: floatrow package is loaded.
Package caption Info: End \AtBeginDocument code.
\c@lstlisting=\count148
LaTeX Font Info:    Try loading font information for T1+cmss on input line 35.

(/usr/local/texlive/2013/texmf-dist/tex/latex/base/t1cmss.fd
File: t1cmss.fd 1999/05/25 v2.5h Standard LaTeX font definitions
)
LaTeX Font Info:    Try loading font information for U+msa on input line 35.

(/usr/local/texlive/2013/texmf-dist/tex/latex/amsfonts/umsa.fd
File: umsa.fd 2013/01/14 v3.01 AMS symbols A
)
LaTeX Font Info:    Try loading font information for U+msb on input line 35.

(/usr/local/texlive/2013/texmf-dist/tex/latex/amsfonts/umsb.fd
File: umsb.fd 2013/01/14 v3.01 AMS symbols B
) (./slatfit.toc)
\tf@toc=\write5
\openout5 = `slatfit.toc'.

[1


{/usr/local/texlive/2013/texmf-var/fonts/map/pdftex/updmap/pdftex.map}]
<../plots_tables_images/wholebundle.png, id=35, 744.7825pt x 494.84875pt>
File: ../plots_tables_images/wholebundle.png Graphic file (type png)

<use ../plots_tables_images/wholebundle.png>
Package pdftex.def Info: ../plots_tables_images/wholebundle.png used on input l
ine 50.
(pdftex.def)             Requested size: 317.07619pt x 210.67415pt.
Package epstopdf Info: Source file: <../plots_tables_images/anofilt.eps>
(epstopdf)                    date: 2013-08-07 11:29:09
(epstopdf)                    size: 807903 bytes
(epstopdf)             Output file: <../plots_tables_images/anofilt-eps-convert
ed-to.pdf>
(epstopdf)                    date: 2013-08-07 11:29:27
(epstopdf)                    size: 132429 bytes
(epstopdf)             Command: <epstopdf --outfile=../plots_tables_images/anof
ilt-eps-converted-to.pdf ../plots_tables_images/anofilt.eps>
(epstopdf)             \includegraphics on input line 88.
Package epstopdf Info: Output file is already uptodate.

<../plots_tables_images/anofilt-eps-converted-to.pdf, id=36, 552.0625pt x 137.5
1375pt>
File: ../plots_tables_images/anofilt-eps-converted-to.pdf Graphic file (type pd
f)
 <use ../plots_tables_images/anofilt-eps-converted-to.pdf>
Package pdftex.def Info: ../plots_tables_images/anofilt-eps-converted-to.pdf us
ed on input line 88.
(pdftex.def)             Requested size: 221.48398pt x 55.17029pt.
Package epstopdf Info: Source file: <../plots_tables_images/anofilt.eps>
(epstopdf)                    date: 2013-08-07 11:29:09
(epstopdf)                    size: 807903 bytes
(epstopdf)             Output file: <../plots_tables_images/anofilt-eps-convert
ed-to.pdf>
(epstopdf)                    date: 2013-08-07 11:29:27
(epstopdf)                    size: 132429 bytes
(epstopdf)             Command: <epstopdf --outfile=../plots_tables_images/anof
ilt-eps-converted-to.pdf ../plots_tables_images/anofilt.eps>
(epstopdf)             \includegraphics on input line 88.
Package epstopdf Info: Output file is already uptodate.
File: ../plots_tables_images/anofilt-eps-converted-to.pdf Graphic file (type pd
f)

<use ../plots_tables_images/anofilt-eps-converted-to.pdf>
Package pdftex.def Info: ../plots_tables_images/anofilt-eps-converted-to.pdf us
ed on input line 88.
(pdftex.def)             Requested size: 352.22108pt x 87.73781pt.
Package epstopdf Info: Source file: <../plots_tables_images/anofilt.eps>
(epstopdf)                    date: 2013-08-07 11:29:09
(epstopdf)                    size: 807903 bytes
(epstopdf)             Output file: <../plots_tables_images/anofilt-eps-convert
ed-to.pdf>
(epstopdf)                    date: 2013-08-07 11:29:27
(epstopdf)                    size: 132429 bytes
(epstopdf)             Command: <epstopdf --outfile=../plots_tables_images/anof
ilt-eps-converted-to.pdf ../plots_tables_images/anofilt.eps>
(epstopdf)             \includegraphics on input line 88.
Package epstopdf Info: Output file is already uptodate.
File: ../plots_tables_images/anofilt-eps-converted-to.pdf Graphic file (type pd
f)

<use ../plots_tables_images/anofilt-eps-converted-to.pdf>
Package pdftex.def Info: ../plots_tables_images/anofilt-eps-converted-to.pdf us
ed on input line 88.
(pdftex.def)             Requested size: 352.22108pt x 87.73781pt.

<../plots_tables_images/wholefft.png, id=37, 744.7825pt x 186.6975pt>
File: ../plots_tables_images/wholefft.png Graphic file (type png)

<use ../plots_tables_images/wholefft.png>
Package pdftex.def Info: ../plots_tables_images/wholefft.png used on input line
 88.
(pdftex.def)             Requested size: 221.48398pt x 55.51968pt.
File: ../plots_tables_images/wholefft.png Graphic file (type png)

<use ../plots_tables_images/wholefft.png>
Package pdftex.def Info: ../plots_tables_images/wholefft.png used on input line
 88.
(pdftex.def)             Requested size: 211.3312pt x 52.97574pt.
File: ../plots_tables_images/wholefft.png Graphic file (type png)

<use ../plots_tables_images/wholefft.png>
Package pdftex.def Info: ../plots_tables_images/wholefft.png used on input line
 88.
(pdftex.def)             Requested size: 211.3312pt x 52.97574pt.

<../plots_tables_images/cropfft.png, id=38, 744.7825pt x 186.6975pt>
File: ../plots_tables_images/cropfft.png Graphic file (type png)

<use ../plots_tables_images/cropfft.png>
Package pdftex.def Info: ../plots_tables_images/cropfft.png used on input line 
88.
(pdftex.def)             Requested size: 221.48398pt x 55.51968pt.
File: ../plots_tables_images/cropfft.png Graphic file (type png)

<use ../plots_tables_images/cropfft.png>
Package pdftex.def Info: ../plots_tables_images/cropfft.png used on input line 
88.
(pdftex.def)             Requested size: 214.33046pt x 53.72781pt.
File: ../plots_tables_images/cropfft.png Graphic file (type png)

<use ../plots_tables_images/cropfft.png>
Package pdftex.def Info: ../plots_tables_images/cropfft.png used on input line 
88.
(pdftex.def)             Requested size: 214.33046pt x 53.72781pt.
Package epstopdf Info: Source file: <../plots_tables_images/anofilt.eps>
(epstopdf)                    date: 2013-08-07 11:29:09
(epstopdf)                    size: 807903 bytes
(epstopdf)             Output file: <../plots_tables_images/anofilt-eps-convert
ed-to.pdf>
(epstopdf)                    date: 2013-08-07 11:29:27
(epstopdf)                    size: 132429 bytes
(epstopdf)             Command: <epstopdf --outfile=../plots_tables_images/anof
ilt-eps-converted-to.pdf ../plots_tables_images/anofilt.eps>
(epstopdf)             \includegraphics on input line 88.
Package epstopdf Info: Output file is already uptodate.
File: ../plots_tables_images/anofilt-eps-converted-to.pdf Graphic file (type pd
f)

<use ../plots_tables_images/anofilt-eps-converted-to.pdf>
Package pdftex.def Info: ../plots_tables_images/anofilt-eps-converted-to.pdf us
ed on input line 88.
(pdftex.def)             Requested size: 221.48398pt x 55.17029pt.
Package epstopdf Info: Source file: <../plots_tables_images/anofilt.eps>
(epstopdf)                    date: 2013-08-07 11:29:09
(epstopdf)                    size: 807903 bytes
(epstopdf)             Output file: <../plots_tables_images/anofilt-eps-convert
ed-to.pdf>
(epstopdf)                    date: 2013-08-07 11:29:27
(epstopdf)                    size: 132429 bytes
(epstopdf)             Command: <epstopdf --outfile=../plots_tables_images/anof
ilt-eps-converted-to.pdf ../plots_tables_images/anofilt.eps>
(epstopdf)             \includegraphics on input line 88.
Package epstopdf Info: Output file is already uptodate.
File: ../plots_tables_images/anofilt-eps-converted-to.pdf Graphic file (type pd
f)

<use ../plots_tables_images/anofilt-eps-converted-to.pdf>
Package pdftex.def Info: ../plots_tables_images/anofilt-eps-converted-to.pdf us
ed on input line 88.
(pdftex.def)             Requested size: 352.22108pt x 87.73781pt.
Package epstopdf Info: Source file: <../plots_tables_images/anofilt.eps>
(epstopdf)                    date: 2013-08-07 11:29:09
(epstopdf)                    size: 807903 bytes
(epstopdf)             Output file: <../plots_tables_images/anofilt-eps-convert
ed-to.pdf>
(epstopdf)                    date: 2013-08-07 11:29:27
(epstopdf)                    size: 132429 bytes
(epstopdf)             Command: <epstopdf --outfile=../plots_tables_images/anof
ilt-eps-converted-to.pdf ../plots_tables_images/anofilt.eps>
(epstopdf)             \includegraphics on input line 88.
Package epstopdf Info: Output file is already uptodate.
File: ../plots_tables_images/anofilt-eps-converted-to.pdf Graphic file (type pd
f)

<use ../plots_tables_images/anofilt-eps-converted-to.pdf>
Package pdftex.def Info: ../plots_tables_images/anofilt-eps-converted-to.pdf us
ed on input line 88.
(pdftex.def)             Requested size: 352.22108pt x 87.73781pt.
File: ../plots_tables_images/wholefft.png Graphic file (type png)

<use ../plots_tables_images/wholefft.png>
Package pdftex.def Info: ../plots_tables_images/wholefft.png used on input line
 88.
(pdftex.def)             Requested size: 221.48398pt x 55.51968pt.
File: ../plots_tables_images/wholefft.png Graphic file (type png)

<use ../plots_tables_images/wholefft.png>
Package pdftex.def Info: ../plots_tables_images/wholefft.png used on input line
 88.
(pdftex.def)             Requested size: 211.3312pt x 52.97574pt.
File: ../plots_tables_images/wholefft.png Graphic file (type png)

<use ../plots_tables_images/wholefft.png>
Package pdftex.def Info: ../plots_tables_images/wholefft.png used on input line
 88.
(pdftex.def)             Requested size: 211.3312pt x 52.97574pt.
File: ../plots_tables_images/cropfft.png Graphic file (type png)

<use ../plots_tables_images/cropfft.png>
Package pdftex.def Info: ../plots_tables_images/cropfft.png used on input line 
88.
(pdftex.def)             Requested size: 221.48398pt x 55.51968pt.
File: ../plots_tables_images/cropfft.png Graphic file (type png)

<use ../plots_tables_images/cropfft.png>
Package pdftex.def Info: ../plots_tables_images/cropfft.png used on input line 
88.
(pdftex.def)             Requested size: 214.33046pt x 53.72781pt.
File: ../plots_tables_images/cropfft.png Graphic file (type png)

<use ../plots_tables_images/cropfft.png>
Package pdftex.def Info: ../plots_tables_images/cropfft.png used on input line 
88.
(pdftex.def)             Requested size: 214.33046pt x 53.72781pt.
 [1

 <../plots_tables_images/wholebundle.png> <../plots_tables_images/anofilt-eps-c
onverted-to.pdf> <../plots_tables_images/wholefft.png> <../plots_tables_images/
cropfft.png>]
Package epstopdf Info: Source file: <../plots_tables_images/edgefit0.eps>
(epstopdf)                    date: 2013-08-08 14:26:16
(epstopdf)                    size: 26221 bytes
(epstopdf)             Output file: <../plots_tables_images/edgefit0-eps-conver
ted-to.pdf>
(epstopdf)                    date: 2013-08-08 14:27:03
(epstopdf)                    size: 18959 bytes
(epstopdf)             Command: <epstopdf --outfile=../plots_tables_images/edge
fit0-eps-converted-to.pdf ../plots_tables_images/edgefit0.eps>
(epstopdf)             \includegraphics on input line 123.
Package epstopdf Info: Output file is already uptodate.

<../plots_tables_images/edgefit0-eps-converted-to.pdf, id=53, 552.0625pt x 338.
26375pt>
File: ../plots_tables_images/edgefit0-eps-converted-to.pdf Graphic file (type p
df)
 <use ../plots_tables_images/edgefit0-eps-converted-to.pdf>
Package pdftex.def Info: ../plots_tables_images/edgefit0-eps-converted-to.pdf u
sed on input line 123.
(pdftex.def)             Requested size: 221.48398pt x 135.71085pt.
Package epstopdf Info: Source file: <../plots_tables_images/edgefit0.eps>
(epstopdf)                    date: 2013-08-08 14:26:16
(epstopdf)                    size: 26221 bytes
(epstopdf)             Output file: <../plots_tables_images/edgefit0-eps-conver
ted-to.pdf>
(epstopdf)                    date: 2013-08-08 14:27:03
(epstopdf)                    size: 18959 bytes
(epstopdf)             Command: <epstopdf --outfile=../plots_tables_images/edge
fit0-eps-converted-to.pdf ../plots_tables_images/edgefit0.eps>
(epstopdf)             \includegraphics on input line 123.
Package epstopdf Info: Output file is already uptodate.
File: ../plots_tables_images/edgefit0-eps-converted-to.pdf Graphic file (type p
df)

<use ../plots_tables_images/edgefit0-eps-converted-to.pdf>
Package pdftex.def Info: ../plots_tables_images/edgefit0-eps-converted-to.pdf u
sed on input line 123.
(pdftex.def)             Requested size: 214.33046pt x 131.32875pt.
Package epstopdf Info: Source file: <../plots_tables_images/edgefit0.eps>
(epstopdf)                    date: 2013-08-08 14:26:16
(epstopdf)                    size: 26221 bytes
(epstopdf)             Output file: <../plots_tables_images/edgefit0-eps-conver
ted-to.pdf>
(epstopdf)                    date: 2013-08-08 14:27:03
(epstopdf)                    size: 18959 bytes
(epstopdf)             Command: <epstopdf --outfile=../plots_tables_images/edge
fit0-eps-converted-to.pdf ../plots_tables_images/edgefit0.eps>
(epstopdf)             \includegraphics on input line 123.
Package epstopdf Info: Output file is already uptodate.
File: ../plots_tables_images/edgefit0-eps-converted-to.pdf Graphic file (type p
df)

<use ../plots_tables_images/edgefit0-eps-converted-to.pdf>
Package pdftex.def Info: ../plots_tables_images/edgefit0-eps-converted-to.pdf u
sed on input line 123.
(pdftex.def)             Requested size: 214.33046pt x 131.32875pt.
Package epstopdf Info: Source file: <../plots_tables_images/edgefit1.eps>
(epstopdf)                    date: 2013-08-08 14:26:16
(epstopdf)                    size: 26024 bytes
(epstopdf)             Output file: <../plots_tables_images/edgefit1-eps-conver
ted-to.pdf>
(epstopdf)                    date: 2013-08-08 14:27:03
(epstopdf)                    size: 18503 bytes
(epstopdf)             Command: <epstopdf --outfile=../plots_tables_images/edge
fit1-eps-converted-to.pdf ../plots_tables_images/edgefit1.eps>
(epstopdf)             \includegraphics on input line 123.
Package epstopdf Info: Output file is already uptodate.

<../plots_tables_images/edgefit1-eps-converted-to.pdf, id=54, 552.0625pt x 338.
26375pt>
File: ../plots_tables_images/edgefit1-eps-converted-to.pdf Graphic file (type p
df)
 <use ../plots_tables_images/edgefit1-eps-converted-to.pdf>
Package pdftex.def Info: ../plots_tables_images/edgefit1-eps-converted-to.pdf u
sed on input line 123.
(pdftex.def)             Requested size: 221.48398pt x 135.71085pt.
Package epstopdf Info: Source file: <../plots_tables_images/edgefit1.eps>
(epstopdf)                    date: 2013-08-08 14:26:16
(epstopdf)                    size: 26024 bytes
(epstopdf)             Output file: <../plots_tables_images/edgefit1-eps-conver
ted-to.pdf>
(epstopdf)                    date: 2013-08-08 14:27:03
(epstopdf)                    size: 18503 bytes
(epstopdf)             Command: <epstopdf --outfile=../plots_tables_images/edge
fit1-eps-converted-to.pdf ../plots_tables_images/edgefit1.eps>
(epstopdf)             \includegraphics on input line 123.
Package epstopdf Info: Output file is already uptodate.
File: ../plots_tables_images/edgefit1-eps-converted-to.pdf Graphic file (type p
df)

<use ../plots_tables_images/edgefit1-eps-converted-to.pdf>
Package pdftex.def Info: ../plots_tables_images/edgefit1-eps-converted-to.pdf u
sed on input line 123.
(pdftex.def)             Requested size: 211.3312pt x 129.49126pt.
Package epstopdf Info: Source file: <../plots_tables_images/edgefit1.eps>
(epstopdf)                    date: 2013-08-08 14:26:16
(epstopdf)                    size: 26024 bytes
(epstopdf)             Output file: <../plots_tables_images/edgefit1-eps-conver
ted-to.pdf>
(epstopdf)                    date: 2013-08-08 14:27:03
(epstopdf)                    size: 18503 bytes
(epstopdf)             Command: <epstopdf --outfile=../plots_tables_images/edge
fit1-eps-converted-to.pdf ../plots_tables_images/edgefit1.eps>
(epstopdf)             \includegraphics on input line 123.
Package epstopdf Info: Output file is already uptodate.
File: ../plots_tables_images/edgefit1-eps-converted-to.pdf Graphic file (type p
df)

<use ../plots_tables_images/edgefit1-eps-converted-to.pdf>
Package pdftex.def Info: ../plots_tables_images/edgefit1-eps-converted-to.pdf u
sed on input line 123.
(pdftex.def)             Requested size: 211.3312pt x 129.49126pt.
Package epstopdf Info: Source file: <../plots_tables_images/edgefit0.eps>
(epstopdf)                    date: 2013-08-08 14:26:16
(epstopdf)                    size: 26221 bytes
(epstopdf)             Output file: <../plots_tables_images/edgefit0-eps-conver
ted-to.pdf>
(epstopdf)                    date: 2013-08-08 14:27:03
(epstopdf)                    size: 18959 bytes
(epstopdf)             Command: <epstopdf --outfile=../plots_tables_images/edge
fit0-eps-converted-to.pdf ../plots_tables_images/edgefit0.eps>
(epstopdf)             \includegraphics on input line 123.
Package epstopdf Info: Output file is already uptodate.
File: ../plots_tables_images/edgefit0-eps-converted-to.pdf Graphic file (type p
df)

<use ../plots_tables_images/edgefit0-eps-converted-to.pdf>
Package pdftex.def Info: ../plots_tables_images/edgefit0-eps-converted-to.pdf u
sed on input line 123.
(pdftex.def)             Requested size: 221.48398pt x 135.71085pt.
Package epstopdf Info: Source file: <../plots_tables_images/edgefit0.eps>
(epstopdf)                    date: 2013-08-08 14:26:16
(epstopdf)                    size: 26221 bytes
(epstopdf)             Output file: <../plots_tables_images/edgefit0-eps-conver
ted-to.pdf>
(epstopdf)                    date: 2013-08-08 14:27:03
(epstopdf)                    size: 18959 bytes
(epstopdf)             Command: <epstopdf --outfile=../plots_tables_images/edge
fit0-eps-converted-to.pdf ../plots_tables_images/edgefit0.eps>
(epstopdf)             \includegraphics on input line 123.
Package epstopdf Info: Output file is already uptodate.
File: ../plots_tables_images/edgefit0-eps-converted-to.pdf Graphic file (type p
df)

<use ../plots_tables_images/edgefit0-eps-converted-to.pdf>
Package pdftex.def Info: ../plots_tables_images/edgefit0-eps-converted-to.pdf u
sed on input line 123.
(pdftex.def)             Requested size: 214.33046pt x 131.32875pt.
Package epstopdf Info: Source file: <../plots_tables_images/edgefit0.eps>
(epstopdf)                    date: 2013-08-08 14:26:16
(epstopdf)                    size: 26221 bytes
(epstopdf)             Output file: <../plots_tables_images/edgefit0-eps-conver
ted-to.pdf>
(epstopdf)                    date: 2013-08-08 14:27:03
(epstopdf)                    size: 18959 bytes
(epstopdf)             Command: <epstopdf --outfile=../plots_tables_images/edge
fit0-eps-converted-to.pdf ../plots_tables_images/edgefit0.eps>
(epstopdf)             \includegraphics on input line 123.
Package epstopdf Info: Output file is already uptodate.
File: ../plots_tables_images/edgefit0-eps-converted-to.pdf Graphic file (type p
df)

<use ../plots_tables_images/edgefit0-eps-converted-to.pdf>
Package pdftex.def Info: ../plots_tables_images/edgefit0-eps-converted-to.pdf u
sed on input line 123.
(pdftex.def)             Requested size: 214.33046pt x 131.32875pt.
Package epstopdf Info: Source file: <../plots_tables_images/edgefit1.eps>
(epstopdf)                    date: 2013-08-08 14:26:16
(epstopdf)                    size: 26024 bytes
(epstopdf)             Output file: <../plots_tables_images/edgefit1-eps-conver
ted-to.pdf>
(epstopdf)                    date: 2013-08-08 14:27:03
(epstopdf)                    size: 18503 bytes
(epstopdf)             Command: <epstopdf --outfile=../plots_tables_images/edge
fit1-eps-converted-to.pdf ../plots_tables_images/edgefit1.eps>
(epstopdf)             \includegraphics on input line 123.
Package epstopdf Info: Output file is already uptodate.
File: ../plots_tables_images/edgefit1-eps-converted-to.pdf Graphic file (type p
df)

<use ../plots_tables_images/edgefit1-eps-converted-to.pdf>
Package pdftex.def Info: ../plots_tables_images/edgefit1-eps-converted-to.pdf u
sed on input line 123.
(pdftex.def)             Requested size: 221.48398pt x 135.71085pt.
Package epstopdf Info: Source file: <../plots_tables_images/edgefit1.eps>
(epstopdf)                    date: 2013-08-08 14:26:16
(epstopdf)                    size: 26024 bytes
(epstopdf)             Output file: <../plots_tables_images/edgefit1-eps-conver
ted-to.pdf>
(epstopdf)                    date: 2013-08-08 14:27:03
(epstopdf)                    size: 18503 bytes
(epstopdf)             Command: <epstopdf --outfile=../plots_tables_images/edge
fit1-eps-converted-to.pdf ../plots_tables_images/edgefit1.eps>
(epstopdf)             \includegraphics on input line 123.
Package epstopdf Info: Output file is already uptodate.
File: ../plots_tables_images/edgefit1-eps-converted-to.pdf Graphic file (type p
df)

<use ../plots_tables_images/edgefit1-eps-converted-to.pdf>
Package pdftex.def Info: ../plots_tables_images/edgefit1-eps-converted-to.pdf u
sed on input line 123.
(pdftex.def)             Requested size: 211.3312pt x 129.49126pt.
Package epstopdf Info: Source file: <../plots_tables_images/edgefit1.eps>
(epstopdf)                    date: 2013-08-08 14:26:16
(epstopdf)                    size: 26024 bytes
(epstopdf)             Output file: <../plots_tables_images/edgefit1-eps-conver
ted-to.pdf>
(epstopdf)                    date: 2013-08-08 14:27:03
(epstopdf)                    size: 18503 bytes
(epstopdf)             Command: <epstopdf --outfile=../plots_tables_images/edge
fit1-eps-converted-to.pdf ../plots_tables_images/edgefit1.eps>
(epstopdf)             \includegraphics on input line 123.
Package epstopdf Info: Output file is already uptodate.
File: ../plots_tables_images/edgefit1-eps-converted-to.pdf Graphic file (type p
df)

<use ../plots_tables_images/edgefit1-eps-converted-to.pdf>
Package pdftex.def Info: ../plots_tables_images/edgefit1-eps-converted-to.pdf u
sed on input line 123.
(pdftex.def)             Requested size: 211.3312pt x 129.49126pt.
Package epstopdf Info: Source file: <../plots_tables_images/lines.eps>
(epstopdf)                    date: 2013-08-06 13:15:32
(epstopdf)                    size: 362541 bytes
(epstopdf)             Output file: <../plots_tables_images/lines-eps-converted
-to.pdf>
(epstopdf)                    date: 2013-08-06 13:16:05
(epstopdf)                    size: 6648 bytes
(epstopdf)             Command: <epstopdf --outfile=../plots_tables_images/line
s-eps-converted-to.pdf ../plots_tables_images/lines.eps>
(epstopdf)             \includegraphics on input line 129.
Package epstopdf Info: Output file is already uptodate.

<../plots_tables_images/lines-eps-converted-to.pdf, id=55, 552.0625pt x 129.483
75pt>
File: ../plots_tables_images/lines-eps-converted-to.pdf Graphic file (type pdf)

 <use ../plots_tables_images/lines-eps-converted-to.pdf>
Package pdftex.def Info: ../plots_tables_images/lines-eps-converted-to.pdf used
 on input line 129.
(pdftex.def)             Requested size: 452.96796pt x 106.24649pt.
Package epstopdf Info: Source file: <../plots_tables_images/findedge.eps>
(epstopdf)                    date: 2013-08-08 14:48:51
(epstopdf)                    size: 15955 bytes
(epstopdf)             Output file: <../plots_tables_images/findedge-eps-conver
ted-to.pdf>
(epstopdf)                    date: 2013-08-08 14:49:01
(epstopdf)                    size: 9213 bytes
(epstopdf)             Command: <epstopdf --outfile=../plots_tables_images/find
edge-eps-converted-to.pdf ../plots_tables_images/findedge.eps>
(epstopdf)             \includegraphics on input line 145.
Package epstopdf Info: Output file is already uptodate.

<../plots_tables_images/findedge-eps-converted-to.pdf, id=58, 1300.86pt x 433.6
2pt>
File: ../plots_tables_images/findedge-eps-converted-to.pdf Graphic file (type p
df)
 <use ../plots_tables_images/findedge-eps-converted-to.pdf>
Package pdftex.def Info: ../plots_tables_images/findedge-eps-converted-to.pdf u
sed on input line 145.
(pdftex.def)             Requested size: 362.37573pt x 120.79082pt.
LaTeX Font Info:    Try loading font information for T1+cmtt on input line 150.


(/usr/local/texlive/2013/texmf-dist/tex/latex/base/t1cmtt.fd
File: t1cmtt.fd 1999/05/25 v2.5h Standard LaTeX font definitions
)
Package atveryend Info: Empty hook `BeforeClearDocument' on input line 157.
 [2 <../plots_tables_images/edgefit0-eps-converted-to.pdf> <../plots_tables_ima
ges/edgefit1-eps-converted-to.pdf> <../plots_tables_images/lines-eps-converted-
to.pdf>] [3 <../plots_tables_images/findedge-eps-converted-to.pdf>]
Package atveryend Info: Empty hook `AfterLastShipout' on input line 157.
 (./slatfit.aux)
Package atveryend Info: Executing hook `AtVeryEndDocument' on input line 157.
Package atveryend Info: Executing hook `AtEndAfterFileList' on input line 157.
Package rerunfilecheck Info: File `slatfit.out' has not changed.
(rerunfilecheck)             Checksum: 1E115370579367D1B589E5E55EDE5864;199.
Package atveryend Info: Empty hook `AtVeryVeryEnd' on input line 157.
 ) 
Here is how much of TeX's memory you used:
 11526 strings out of 493311
 177282 string characters out of 6137850
 293073 words of memory out of 5000000
 14805 multiletter control sequences out of 15000+600000
 13368 words of font info for 35 fonts, out of 8000000 for 9000
 957 hyphenation exceptions out of 8191
 41i,14n,57p,737b,796s stack positions out of 5000i,500n,10000p,200000b,80000s
{/usr/local/texlive/2013/texmf-dist/fonts/enc/dvips/cm-super/cm-super-t1.enc}
</usr/local/texlive/2013/texmf-dist/fonts/type1/public/cm-super/sfrm0700.pfb></
usr/local/texlive/2013/texmf-dist/fonts/type1/public/cm-super/sfrm0900.pfb></us
r/local/texlive/2013/texmf-dist/fonts/type1/public/cm-super/sfrm1000.pfb></usr/
local/texlive/2013/texmf-dist/fonts/type1/public/cm-super/sfrm1440.pfb></usr/lo
cal/texlive/2013/texmf-dist/fonts/type1/public/cm-super/sfsx1000.pfb></usr/loca
l/texlive/2013/texmf-dist/fonts/type1/public/cm-super/sfsx1440.pfb></usr/local/
texlive/2013/texmf-dist/fonts/type1/public/cm-super/sfsx2074.pfb></usr/local/te
xlive/2013/texmf-dist/fonts/type1/public/cm-super/sfti1000.pfb></usr/local/texl
ive/2013/texmf-dist/fonts/type1/public/cm-super/sftt1000.pfb>
Output written on slatfit.pdf (4 pages, 613188 bytes).
PDF statistics:
 127 PDF objects out of 1000 (max. 8388607)
 98 compressed objects within 1 object stream
 15 named destinations out of 1000 (max. 500000)
 73 words of extra memory for PDF output out of 10000 (max. 10000000)

