This is pdfTeX, Version 3.1415926-2.4-1.40.13 (TeX Live 2012) (format=pdflatex 2013.4.9)  12 JUN 2013 16:06
entering extended mode
 \write18 enabled.
 %&-line parsing enabled.
**"/Users/jerensuzuki/Documents/suncentering/tex files/sum_to_find_fids.tex"
(/Users/jerensuzuki/Documents/suncentering/tex files/sum_to_find_fids.tex
LaTeX2e <2011/06/27>
Babel <v3.8m> and hyphenation patterns for english, dumylang, nohyphenation, ge
rman-x-2012-05-30, ngerman-x-2012-05-30, afrikaans, ancientgreek, ibycus, arabi
c, armenian, basque, bulgarian, catalan, pinyin, coptic, croatian, czech, danis
h, dutch, ukenglish, usenglishmax, esperanto, estonian, ethiopic, farsi, finnis
h, french, friulan, galician, german, ngerman, swissgerman, monogreek, greek, h
ungarian, icelandic, assamese, bengali, gujarati, hindi, kannada, malayalam, ma
rathi, oriya, panjabi, tamil, telugu, indonesian, interlingua, irish, italian, 
kurmanji, latin, latvian, lithuanian, mongolian, mongolianlmc, bokmal, nynorsk,
 piedmontese, polish, portuguese, romanian, romansh, russian, sanskrit, serbian
, serbianc, slovak, slovenian, spanish, swedish, turkish, turkmen, ukrainian, u
ppersorbian, welsh, loaded.
(/usr/local/texlive/2012/texmf-dist/tex/latex/koma-script/scrartcl.cls
Document Class: scrartcl 2012/07/29 v3.11b KOMA-Script document class (article)

(/usr/local/texlive/2012/texmf-dist/tex/latex/koma-script/scrkbase.sty
Package: scrkbase 2012/07/29 v3.11b KOMA-Script package (KOMA-Script-dependent 
basics and keyval usage)

(/usr/local/texlive/2012/texmf-dist/tex/latex/koma-script/scrbase.sty
Package: scrbase 2012/07/29 v3.11b KOMA-Script package (KOMA-Script-independent
 basics and keyval usage)

(/usr/local/texlive/2012/texmf-dist/tex/latex/graphics/keyval.sty
Package: keyval 1999/03/16 v1.13 key=value parser (DPC)
\KV@toks@=\toks14
)
(/usr/local/texlive/2012/texmf-dist/tex/latex/koma-script/scrlfile.sty
Package: scrlfile 2012/06/15 v3.12 KOMA-Script package (loading files)

Package scrlfile, 2012/06/15 v3.12 KOMA-Script package (loading files)
                  Copyright (C) Markus Kohm

))) (/usr/local/texlive/2012/texmf-dist/tex/latex/koma-script/tocbasic.sty
Package: tocbasic 2012/04/04 v3.10b KOMA-Script package (handling toc-files)
)
Package tocbasic Info: omitting babel extension for `toc'
(tocbasic)             because of feature `nobabel' available
(tocbasic)             for `toc' on input line 115.
Package tocbasic Info: omitting babel extension for `lof'
(tocbasic)             because of feature `nobabel' available
(tocbasic)             for `lof' on input line 116.
Package tocbasic Info: omitting babel extension for `lot'
(tocbasic)             because of feature `nobabel' available
(tocbasic)             for `lot' on input line 117.
Package scrartcl Info: You've used obsolete option `10pt'.
(scrartcl)             \KOMAExecuteOptions{fontsize=10pt} will be
(scrartcl)             used instead.
(scrartcl)             You may simply replace `10pt'
(scrartcl)             by `fontsize=10pt'.
Class scrartcl Info: File `scrsize10pt.clo' used to setup font sizes on input l
ine 1267.

(/usr/local/texlive/2012/texmf-dist/tex/latex/koma-script/scrsize10pt.clo
File: scrsize10pt.clo 2012/07/29 v3.11b KOMA-Script font size class option (10p
t)
)
(/usr/local/texlive/2012/texmf-dist/tex/latex/koma-script/typearea.sty
Package: typearea 2012/07/29 v3.11b KOMA-Script package (type area)

Package typearea, 2012/07/29 v3.11b KOMA-Script package (type area)
                  Copyright (C) Frank Neukam, 1992-1994
                  Copyright (C) Markus Kohm, 1994-

\ta@bcor=\skip41
\ta@div=\count79
\ta@hblk=\skip42
\ta@vblk=\skip43
\ta@temp=\skip44
Package typearea Info: These are the values describing the layout:
(typearea)             DIV  = 8
(typearea)             BCOR = 0.0pt
(typearea)             \paperwidth      = 597.50793pt
(typearea)              \textwidth      = 373.44246pt
(typearea)              DIV departure   = -4%
(typearea)              \evensidemargin = 39.76274pt
(typearea)              \oddsidemargin  = 39.76274pt
(typearea)             \paperheight     = 845.04694pt
(typearea)              \textheight     = 538.0pt
(typearea)              \topmargin      = 0.36087pt
(typearea)              \headheight     = 15.0pt
(typearea)              \headsep        = 18.0pt
(typearea)              \topskip        = 10.0pt
(typearea)              \footskip       = 42.0pt
(typearea)              \baselineskip   = 12.0pt
(typearea)              on input line 1213.
)
\c@part=\count80
\c@section=\count81
\c@subsection=\count82
\c@subsubsection=\count83
\c@paragraph=\count84
\c@subparagraph=\count85
\abovecaptionskip=\skip45
\belowcaptionskip=\skip46
\c@pti@nb@sid@b@x=\box26
\c@figure=\count86
\c@table=\count87
\bibindent=\dimen102
) (/usr/local/texlive/2012/texmf-dist/tex/latex/base/fontenc.sty
Package: fontenc 2005/09/27 v1.99g Standard LaTeX package

(/usr/local/texlive/2012/texmf-dist/tex/latex/base/t1enc.def
File: t1enc.def 2005/09/27 v1.99g Standard LaTeX file
LaTeX Font Info:    Redeclaring font encoding T1 on input line 43.
))
(/usr/local/texlive/2012/texmf-dist/tex/latex/amsmath/amsmath.sty
Package: amsmath 2013/01/14 v2.14 AMS math features
\@mathmargin=\skip47

For additional information on amsmath, use the `?' option.
(/usr/local/texlive/2012/texmf-dist/tex/latex/amsmath/amstext.sty
Package: amstext 2000/06/29 v2.01

(/usr/local/texlive/2012/texmf-dist/tex/latex/amsmath/amsgen.sty
File: amsgen.sty 1999/11/30 v2.0
\@emptytoks=\toks15
\ex@=\dimen103
))
(/usr/local/texlive/2012/texmf-dist/tex/latex/amsmath/amsbsy.sty
Package: amsbsy 1999/11/29 v1.2d
\pmbraise@=\dimen104
)
(/usr/local/texlive/2012/texmf-dist/tex/latex/amsmath/amsopn.sty
Package: amsopn 1999/12/14 v2.01 operator names
)
\inf@bad=\count88
LaTeX Info: Redefining \frac on input line 210.
\uproot@=\count89
\leftroot@=\count90
LaTeX Info: Redefining \overline on input line 306.
\classnum@=\count91
\DOTSCASE@=\count92
LaTeX Info: Redefining \ldots on input line 378.
LaTeX Info: Redefining \dots on input line 381.
LaTeX Info: Redefining \cdots on input line 466.
\Mathstrutbox@=\box27
\strutbox@=\box28
\big@size=\dimen105
LaTeX Font Info:    Redeclaring font encoding OML on input line 566.
LaTeX Font Info:    Redeclaring font encoding OMS on input line 567.
\macc@depth=\count93
\c@MaxMatrixCols=\count94
\dotsspace@=\muskip10
\c@parentequation=\count95
\dspbrk@lvl=\count96
\tag@help=\toks16
\row@=\count97
\column@=\count98
\maxfields@=\count99
\andhelp@=\toks17
\eqnshift@=\dimen106
\alignsep@=\dimen107
\tagshift@=\dimen108
\tagwidth@=\dimen109
\totwidth@=\dimen110
\lineht@=\dimen111
\@envbody=\toks18
\multlinegap=\skip48
\multlinetaggap=\skip49
\mathdisplay@stack=\toks19
LaTeX Info: Redefining \[ on input line 2665.
LaTeX Info: Redefining \] on input line 2666.
)
(/usr/local/texlive/2012/texmf-dist/tex/latex/amsfonts/amsfonts.sty
Package: amsfonts 2013/01/14 v3.01 Basic AMSFonts support
\symAMSa=\mathgroup4
\symAMSb=\mathgroup5
LaTeX Font Info:    Overwriting math alphabet `\mathfrak' in version `bold'
(Font)                  U/euf/m/n --> U/euf/b/n on input line 106.
)
(/usr/local/texlive/2012/texmf-dist/tex/latex/amsfonts/amssymb.sty
Package: amssymb 2013/01/14 v3.01 AMS font symbols
)
(/usr/local/texlive/2012/texmf-dist/tex/latex/mh/mathtools.sty
Package: mathtools 2013/02/12 v1.13 mathematical typesetting tools

(/usr/local/texlive/2012/texmf-dist/tex/latex/tools/calc.sty
Package: calc 2007/08/22 v4.3 Infix arithmetic (KKT,FJ)
\calc@Acount=\count100
\calc@Bcount=\count101
\calc@Adimen=\dimen112
\calc@Bdimen=\dimen113
\calc@Askip=\skip50
\calc@Bskip=\skip51
LaTeX Info: Redefining \setlength on input line 76.
LaTeX Info: Redefining \addtolength on input line 77.
\calc@Ccount=\count102
\calc@Cskip=\skip52
)
(/usr/local/texlive/2012/texmf-dist/tex/latex/mh/mhsetup.sty
Package: mhsetup 2010/01/21 v1.2a programming setup (MH)
)
LaTeX Info: Thecontrolsequence`\['isalreadyrobust on input line 129.
LaTeX Info: Thecontrolsequence`\]'isalreadyrobust on input line 129.
\g_MT_multlinerow_int=\count103
\l_MT_multwidth_dim=\dimen114
\origjot=\skip53
\l_MT_shortvdotswithinadjustabove_dim=\dimen115
\l_MT_shortvdotswithinadjustbelow_dim=\dimen116
\l_MT_above_intertext_sep=\dimen117
\l_MT_below_intertext_sep=\dimen118
\l_MT_above_shortintertext_sep=\dimen119
\l_MT_below_shortintertext_sep=\dimen120
)
(/usr/local/texlive/2012/texmf-dist/tex/latex/graphics/color.sty
Package: color 2005/11/14 v1.0j Standard LaTeX Color (DPC)

(/usr/local/texlive/2012/texmf-dist/tex/latex/latexconfig/color.cfg
File: color.cfg 2007/01/18 v1.5 color configuration of teTeX/TeXLive
)
Package color Info: Driver file: pdftex.def on input line 130.

(/usr/local/texlive/2012/texmf-dist/tex/latex/pdftex-def/pdftex.def
File: pdftex.def 2011/05/27 v0.06d Graphics/color for pdfTeX

(/usr/local/texlive/2012/texmf-dist/tex/generic/oberdiek/infwarerr.sty
Package: infwarerr 2010/04/08 v1.3 Providing info/warning/error messages (HO)
)
(/usr/local/texlive/2012/texmf-dist/tex/generic/oberdiek/ltxcmds.sty
Package: ltxcmds 2011/11/09 v1.22 LaTeX kernel commands for general use (HO)
)
\Gread@gobject=\count104
))
(/usr/local/texlive/2012/texmf-dist/tex/latex/soul/soul.sty
Package: soul 2003/11/17 v2.4 letterspacing/underlining (mf)
\SOUL@word=\toks20
\SOUL@lasttoken=\toks21
\SOUL@cmds=\toks22
\SOUL@buffer=\toks23
\SOUL@token=\toks24
\SOUL@spaceskip=\skip54
\SOUL@ttwidth=\dimen121
\SOUL@uldp=\dimen122
\SOUL@ulht=\dimen123
)
(/usr/local/texlive/2012/texmf-dist/tex/latex/preprint/fullpage.sty
Package: fullpage 1999/02/23 1.1 (PWD)
\FP@margin=\skip55
)
(/usr/local/texlive/2012/texmf-dist/tex/latex/tools/enumerate.sty
Package: enumerate 1999/03/05 v3.00 enumerate extensions (DPC)
\@enLab=\toks25
)
(/usr/local/texlive/2012/texmf-dist/tex/latex/graphics/graphicx.sty
Package: graphicx 1999/02/16 v1.0f Enhanced LaTeX Graphics (DPC,SPQR)

(/usr/local/texlive/2012/texmf-dist/tex/latex/graphics/graphics.sty
Package: graphics 2009/02/05 v1.0o Standard LaTeX Graphics (DPC,SPQR)

(/usr/local/texlive/2012/texmf-dist/tex/latex/graphics/trig.sty
Package: trig 1999/03/16 v1.09 sin cos tan (DPC)
)
(/usr/local/texlive/2012/texmf-dist/tex/latex/latexconfig/graphics.cfg
File: graphics.cfg 2010/04/23 v1.9 graphics configuration of TeX Live
)
Package graphics Info: Driver file: pdftex.def on input line 91.
)
\Gin@req@height=\dimen124
\Gin@req@width=\dimen125
)
(/usr/local/texlive/2012/texmf-dist/tex/latex/hyperref/hyperref.sty
Package: hyperref 2012/11/06 v6.83m Hypertext links for LaTeX

(/usr/local/texlive/2012/texmf-dist/tex/generic/oberdiek/hobsub-hyperref.sty
Package: hobsub-hyperref 2012/05/28 v1.13 Bundle oberdiek, subset hyperref (HO)


(/usr/local/texlive/2012/texmf-dist/tex/generic/oberdiek/hobsub-generic.sty
Package: hobsub-generic 2012/05/28 v1.13 Bundle oberdiek, subset generic (HO)
Package: hobsub 2012/05/28 v1.13 Construct package bundles (HO)
Package hobsub Info: Skipping package `infwarerr' (already loaded).
Package hobsub Info: Skipping package `ltxcmds' (already loaded).
Package: ifluatex 2010/03/01 v1.3 Provides the ifluatex switch (HO)
Package ifluatex Info: LuaTeX not detected.
Package: ifvtex 2010/03/01 v1.5 Detect VTeX and its facilities (HO)
Package ifvtex Info: VTeX not detected.
Package: intcalc 2007/09/27 v1.1 Expandable calculations with integers (HO)
Package: ifpdf 2011/01/30 v2.3 Provides the ifpdf switch (HO)
Package ifpdf Info: pdfTeX in PDF mode is detected.
Package: etexcmds 2011/02/16 v1.5 Avoid name clashes with e-TeX commands (HO)
Package etexcmds Info: Could not find \expanded.
(etexcmds)             That can mean that you are not using pdfTeX 1.50 or
(etexcmds)             that some package has redefined \expanded.
(etexcmds)             In the latter case, load this package earlier.
Package: kvsetkeys 2012/04/25 v1.16 Key value parser (HO)
Package: kvdefinekeys 2011/04/07 v1.3 Define keys (HO)
Package: pdftexcmds 2011/11/29 v0.20 Utility functions of pdfTeX for LuaTeX (HO
)
Package pdftexcmds Info: LuaTeX not detected.
Package pdftexcmds Info: \pdf@primitive is available.
Package pdftexcmds Info: \pdf@ifprimitive is available.
Package pdftexcmds Info: \pdfdraftmode found.
Package: pdfescape 2011/11/25 v1.13 Implements pdfTeX's escape features (HO)
Package: bigintcalc 2012/04/08 v1.3 Expandable calculations on big integers (HO
)
Package: bitset 2011/01/30 v1.1 Handle bit-vector datatype (HO)
Package: uniquecounter 2011/01/30 v1.2 Provide unlimited unique counter (HO)
)
Package hobsub Info: Skipping package `hobsub' (already loaded).
Package: letltxmacro 2010/09/02 v1.4 Let assignment for LaTeX macros (HO)
Package: hopatch 2012/05/28 v1.2 Wrapper for package hooks (HO)
Package: xcolor-patch 2011/01/30 xcolor patch
Package: atveryend 2011/06/30 v1.8 Hooks at the very end of document (HO)
Package atveryend Info: \enddocument detected (standard20110627).
Package: atbegshi 2011/10/05 v1.16 At begin shipout hook (HO)
Package: refcount 2011/10/16 v3.4 Data extraction from label references (HO)
Package: hycolor 2011/01/30 v1.7 Color options for hyperref/bookmark (HO)
)
(/usr/local/texlive/2012/texmf-dist/tex/generic/ifxetex/ifxetex.sty
Package: ifxetex 2010/09/12 v0.6 Provides ifxetex conditional
)
(/usr/local/texlive/2012/texmf-dist/tex/latex/oberdiek/auxhook.sty
Package: auxhook 2011/03/04 v1.3 Hooks for auxiliary files (HO)
)
(/usr/local/texlive/2012/texmf-dist/tex/latex/oberdiek/kvoptions.sty
Package: kvoptions 2011/06/30 v3.11 Key value format for package options (HO)
)
\@linkdim=\dimen126
\Hy@linkcounter=\count105
\Hy@pagecounter=\count106

(/usr/local/texlive/2012/texmf-dist/tex/latex/hyperref/pd1enc.def
File: pd1enc.def 2012/11/06 v6.83m Hyperref: PDFDocEncoding definition (HO)
)
\Hy@SavedSpaceFactor=\count107

(/usr/local/texlive/2012/texmf-dist/tex/latex/latexconfig/hyperref.cfg
File: hyperref.cfg 2002/06/06 v1.2 hyperref configuration of TeXLive
)
Package hyperref Info: Option `colorlinks' set `true' on input line 4319.
Package hyperref Info: Hyper figures OFF on input line 4443.
Package hyperref Info: Link nesting OFF on input line 4448.
Package hyperref Info: Hyper index ON on input line 4451.
Package hyperref Info: Plain pages OFF on input line 4458.
Package hyperref Info: Backreferencing OFF on input line 4463.
Package hyperref Info: Implicit mode ON; LaTeX internals redefined.
Package hyperref Info: Bookmarks ON on input line 4688.
\c@Hy@tempcnt=\count108

(/usr/local/texlive/2012/texmf-dist/tex/latex/url/url.sty
\Urlmuskip=\muskip11
Package: url 2006/04/12  ver 3.3  Verb mode for urls, etc.
)
LaTeX Info: Redefining \url on input line 5041.
\XeTeXLinkMargin=\dimen127
\Fld@menulength=\count109
\Field@Width=\dimen128
\Fld@charsize=\dimen129
Package hyperref Info: Hyper figures OFF on input line 6295.
Package hyperref Info: Link nesting OFF on input line 6300.
Package hyperref Info: Hyper index ON on input line 6303.
Package hyperref Info: backreferencing OFF on input line 6310.
Package hyperref Info: Link coloring ON on input line 6313.
Package hyperref Info: Link coloring with OCG OFF on input line 6320.
Package hyperref Info: PDF/A mode OFF on input line 6325.
LaTeX Info: Redefining \ref on input line 6365.
LaTeX Info: Redefining \pageref on input line 6369.
\Hy@abspage=\count110
\c@Item=\count111
\c@Hfootnote=\count112
)

Package hyperref Message: Driver (autodetected): hpdftex.

(/usr/local/texlive/2012/texmf-dist/tex/latex/hyperref/hpdftex.def
File: hpdftex.def 2012/11/06 v6.83m Hyperref driver for pdfTeX
\Fld@listcount=\count113
\c@bookmark@seq@number=\count114

(/usr/local/texlive/2012/texmf-dist/tex/latex/oberdiek/rerunfilecheck.sty
Package: rerunfilecheck 2011/04/15 v1.7 Rerun checks for auxiliary files (HO)
Package uniquecounter Info: New unique counter `rerunfilecheck' on input line 2
82.
)
\Hy@SectionHShift=\skip56
)
(/usr/local/texlive/2012/texmf-dist/tex/latex/caption/subcaption.sty
Package: subcaption 2013/02/03 v1.1-62 Sub-captions (AR)

(/usr/local/texlive/2012/texmf-dist/tex/latex/caption/caption.sty
Package: caption 2013/02/03 v3.3-65 Customizing captions (AR)

(/usr/local/texlive/2012/texmf-dist/tex/latex/caption/caption3.sty
Package: caption3 2013/02/03 v1.5-62 caption3 kernel (AR)
\captionmargin=\dimen130
\captionmargin@=\dimen131
\captionwidth=\dimen132
\caption@tempdima=\dimen133
\caption@indent=\dimen134
\caption@parindent=\dimen135
\caption@hangindent=\dimen136
)
Package caption Info: KOMA-Script document class.
\c@ContinuedFloat=\count115
Package caption Info: hyperref package is loaded.
)
\c@subfigure=\count116
\c@subtable=\count117
)
(/usr/local/texlive/2012/../texmf-local/tex/latex/local/deluxetable.sty
Package: deluxetable 
\pt@box=\box29
\pt@width=\dimen137
\pt@line=\count118
\pt@column=\count119
\pt@nlines=\count120
\pt@ncol=\count121
\pt@page=\count122
\pt@tmpcapwidth=\dimen138
)
(/usr/local/texlive/2012/texmf-dist/tex/latex/tools/verbatim.sty
Package: verbatim 2003/08/22 v1.5q LaTeX2e package for verbatim enhancements
\every@verbatim=\toks26
\verbatim@line=\toks27
\verbatim@in@stream=\read1
)
(/usr/local/texlive/2012/texmf-dist/tex/latex/fancyvrb/fancyvrb.sty
Package: fancyvrb 2008/02/07

Style option: `fancyvrb' v2.7a, with DG/SPQR fixes, and firstline=lastline fix 
<2008/02/07> (tvz)
\FV@CodeLineNo=\count123
\FV@InFile=\read2
\FV@TabBox=\box30
\c@FancyVerbLine=\count124
\FV@StepNumber=\count125
\FV@OutFile=\write3
)
(/usr/local/texlive/2012/texmf-dist/tex/latex/listings/listings.sty
\lst@mode=\count126
\lst@gtempboxa=\box31
\lst@token=\toks28
\lst@length=\count127
\lst@currlwidth=\dimen139
\lst@column=\count128
\lst@pos=\count129
\lst@lostspace=\dimen140
\lst@width=\dimen141
\lst@newlines=\count130
\lst@lineno=\count131
\lst@maxwidth=\dimen142

(/usr/local/texlive/2012/texmf-dist/tex/latex/listings/lstmisc.sty
File: lstmisc.sty 2007/02/22 1.4 (Carsten Heinz)
\c@lstnumber=\count132
\lst@skipnumbers=\count133
\lst@framebox=\box32
)
(/usr/local/texlive/2012/texmf-dist/tex/latex/listings/listings.cfg
File: listings.cfg 2007/02/22 1.4 listings configuration
))
Package: listings 2007/02/22 1.4 (Carsten Heinz)

(/usr/local/texlive/2012/texmf-dist/tex/latex/listings/lstlang1.sty
File: lstlang1.sty 2004/09/05 1.3 listings language file
)
(/usr/local/texlive/2012/texmf-dist/tex/latex/listings/lstlang1.sty
File: lstlang1.sty 2004/09/05 1.3 listings language file
)
(/usr/local/texlive/2012/texmf-dist/tex/latex/listings/lstmisc.sty
File: lstmisc.sty 2007/02/22 1.4 (Carsten Heinz)
)
(./sum_to_find_fids.aux)
\openout1 = `sum_to_find_fids.aux'.

LaTeX Font Info:    Checking defaults for OML/cmm/m/it on input line 47.
LaTeX Font Info:    ... okay on input line 47.
LaTeX Font Info:    Checking defaults for T1/cmr/m/n on input line 47.
LaTeX Font Info:    ... okay on input line 47.
LaTeX Font Info:    Checking defaults for OT1/cmr/m/n on input line 47.
LaTeX Font Info:    ... okay on input line 47.
LaTeX Font Info:    Checking defaults for OMS/cmsy/m/n on input line 47.
LaTeX Font Info:    ... okay on input line 47.
LaTeX Font Info:    Checking defaults for OMX/cmex/m/n on input line 47.
LaTeX Font Info:    ... okay on input line 47.
LaTeX Font Info:    Checking defaults for U/cmr/m/n on input line 47.
LaTeX Font Info:    ... okay on input line 47.
LaTeX Font Info:    Checking defaults for PD1/pdf/m/n on input line 47.
LaTeX Font Info:    ... okay on input line 47.

(/usr/local/texlive/2012/texmf-dist/tex/context/base/supp-pdf.mkii
[Loading MPS to PDF converter (version 2006.09.02).]
\scratchcounter=\count134
\scratchdimen=\dimen143
\scratchbox=\box33
\nofMPsegments=\count135
\nofMParguments=\count136
\everyMPshowfont=\toks29
\MPscratchCnt=\count137
\MPscratchDim=\dimen144
\MPnumerator=\count138
\makeMPintoPDFobject=\count139
\everyMPtoPDFconversion=\toks30
) (/usr/local/texlive/2012/texmf-dist/tex/latex/oberdiek/epstopdf-base.sty
Package: epstopdf-base 2010/02/09 v2.5 Base part for package epstopdf

(/usr/local/texlive/2012/texmf-dist/tex/latex/oberdiek/grfext.sty
Package: grfext 2010/08/19 v1.1 Manage graphics extensions (HO)
)
Package grfext Info: Graphics extension search list:
(grfext)             [.png,.pdf,.jpg,.mps,.jpeg,.jbig2,.jb2,.PNG,.PDF,.JPG,.JPE
G,.JBIG2,.JB2,.eps]
(grfext)             \AppendGraphicsExtensions on input line 452.

(/usr/local/texlive/2012/texmf-dist/tex/latex/latexconfig/epstopdf-sys.cfg
File: epstopdf-sys.cfg 2010/07/13 v1.3 Configuration of (r)epstopdf for TeX Liv
e
))
\AtBeginShipoutBox=\box34
Package hyperref Info: Link coloring ON on input line 47.

(/usr/local/texlive/2012/texmf-dist/tex/latex/hyperref/nameref.sty
Package: nameref 2012/10/27 v2.43 Cross-referencing by name of section

(/usr/local/texlive/2012/texmf-dist/tex/generic/oberdiek/gettitlestring.sty
Package: gettitlestring 2010/12/03 v1.4 Cleanup title references (HO)
)
\c@section@level=\count140
)
LaTeX Info: Redefining \ref on input line 47.
LaTeX Info: Redefining \pageref on input line 47.
LaTeX Info: Redefining \nameref on input line 47.

(./sum_to_find_fids.out) (./sum_to_find_fids.out)
\@outlinefile=\write4
\openout4 = `sum_to_find_fids.out'.

Package caption Info: Begin \AtBeginDocument code.
Package caption Info: listings package is loaded.
Package caption Info: End \AtBeginDocument code.
\c@lstlisting=\count141
LaTeX Font Info:    Try loading font information for T1+cmss on input line 50.

(/usr/local/texlive/2012/texmf-dist/tex/latex/base/t1cmss.fd
File: t1cmss.fd 1999/05/25 v2.5h Standard LaTeX font definitions
)
LaTeX Font Info:    Try loading font information for U+msa on input line 50.

(/usr/local/texlive/2012/texmf-dist/tex/latex/amsfonts/umsa.fd
File: umsa.fd 2013/01/14 v3.01 AMS symbols A
)
LaTeX Font Info:    Try loading font information for U+msb on input line 50.

(/usr/local/texlive/2012/texmf-dist/tex/latex/amsfonts/umsb.fd
File: umsb.fd 2013/01/14 v3.01 AMS symbols B
)
(./sum_to_find_fids.toc)
\tf@toc=\write5
\openout5 = `sum_to_find_fids.toc'.

 [1


{/usr/local/texlive/2012/texmf-var/fonts/map/pdftex/updmap/pdftex.map}]
Package epstopdf Info: Source file: <../plots_tables_images/smooth_expl.eps>
(epstopdf)                    date: 2013-06-04 17:23:47
(epstopdf)                    size: 9258 bytes
(epstopdf)             Output file: <../plots_tables_images/smooth_expl-eps-con
verted-to.pdf>
(epstopdf)                    date: 2013-06-06 12:40:34
(epstopdf)                    size: 8326 bytes
(epstopdf)             Command: <epstopdf --outfile=../plots_tables_images/smoo
th_expl-eps-converted-to.pdf ../plots_tables_images/smooth_expl.eps>
(epstopdf)             \includegraphics on input line 63.
Package epstopdf Info: Output file is already uptodate.

<../plots_tables_images/smooth_expl-eps-converted-to.pdf, id=45, 552.0625pt x 3
38.26375pt>
File: ../plots_tables_images/smooth_expl-eps-converted-to.pdf Graphic file (typ
e pdf)
 <use ../plots_tables_images/smooth_expl-eps-converted-to.pdf>
Package pdftex.def Info: ../plots_tables_images/smooth_expl-eps-converted-to.pd
f used on input line 63.
(pdftex.def)             Requested size: 226.48398pt x 138.7716pt.
Package epstopdf Info: Source file: <../plots_tables_images/smoothcomp.eps>
(epstopdf)                    date: 2013-06-04 17:23:47
(epstopdf)                    size: 19837 bytes
(epstopdf)             Output file: <../plots_tables_images/smoothcomp-eps-conv
erted-to.pdf>
(epstopdf)                    date: 2013-06-06 12:40:34
(epstopdf)                    size: 14058 bytes
(epstopdf)             Command: <epstopdf --outfile=../plots_tables_images/smoo
thcomp-eps-converted-to.pdf ../plots_tables_images/smoothcomp.eps>
(epstopdf)             \includegraphics on input line 68.
Package epstopdf Info: Output file is already uptodate.

<../plots_tables_images/smoothcomp-eps-converted-to.pdf, id=46, 552.0625pt x 33
8.26375pt>
File: ../plots_tables_images/smoothcomp-eps-converted-to.pdf Graphic file (type
 pdf)
 <use ../plots_tables_images/smoothcomp-eps-converted-to.pdf>
Package pdftex.def Info: ../plots_tables_images/smoothcomp-eps-converted-to.pdf
 used on input line 68.
(pdftex.def)             Requested size: 226.48398pt x 138.7716pt.

Overfull \hbox (2.22168pt too wide) in paragraph at lines 61--72
[][] [] 
 []

Package epstopdf Info: Source file: <../plots_tables_images/morefid.eps>
(epstopdf)                    date: 2013-06-06 14:13:43
(epstopdf)                    size: 77213 bytes
(epstopdf)             Output file: <../plots_tables_images/morefid-eps-convert
ed-to.pdf>
(epstopdf)                    date: 2013-06-06 14:15:34
(epstopdf)                    size: 39407 bytes
(epstopdf)             Command: <epstopdf --outfile=../plots_tables_images/more
fid-eps-converted-to.pdf ../plots_tables_images/morefid.eps>
(epstopdf)             \includegraphics on input line 92.
Package epstopdf Info: Output file is already uptodate.

<../plots_tables_images/morefid-eps-converted-to.pdf, id=49, 552.0625pt x 338.2
6375pt>
File: ../plots_tables_images/morefid-eps-converted-to.pdf Graphic file (type pd
f)
 <use ../plots_tables_images/morefid-eps-converted-to.pdf>
Package pdftex.def Info: ../plots_tables_images/morefid-eps-converted-to.pdf us
ed on input line 92.
(pdftex.def)             Requested size: 339.72597pt x 208.16774pt.
Package epstopdf Info: Source file: <../plots_tables_images/lessfid.eps>
(epstopdf)                    date: 2013-06-06 14:13:52
(epstopdf)                    size: 77213 bytes
(epstopdf)             Output file: <../plots_tables_images/lessfid-eps-convert
ed-to.pdf>
(epstopdf)                    date: 2013-06-06 14:15:35
(epstopdf)                    size: 39387 bytes
(epstopdf)             Command: <epstopdf --outfile=../plots_tables_images/less
fid-eps-converted-to.pdf ../plots_tables_images/lessfid.eps>
(epstopdf)             \includegraphics on input line 98.
Package epstopdf Info: Output file is already uptodate.

<../plots_tables_images/lessfid-eps-converted-to.pdf, id=50, 552.0625pt x 338.2
6375pt>
File: ../plots_tables_images/lessfid-eps-converted-to.pdf Graphic file (type pd
f)
 <use ../plots_tables_images/lessfid-eps-converted-to.pdf>
Package pdftex.def Info: ../plots_tables_images/lessfid-eps-converted-to.pdf us
ed on input line 98.
(pdftex.def)             Requested size: 339.72597pt x 208.16774pt.

Overfull \hbox (88.60904pt too wide) in paragraph at lines 89--101
[]  []   [] 
 []

[1

 <../plots_tables_images/smooth_expl-eps-converted-to.pdf> <../plots_tables_ima
ges/smoothcomp-eps-converted-to.pdf> <../plots_tables_images/morefid-eps-conver
ted-to.pdf> <../plots_tables_images/lessfid-eps-converted-to.pdf>]
Underfull \hbox (badness 10000) in paragraph at lines 112--113

 []

Package epstopdf Info: Source file: <../plots_tables_images/gfitted.eps>
(epstopdf)                    date: 2013-06-07 12:11:43
(epstopdf)                    size: 77215 bytes
(epstopdf)             Output file: <../plots_tables_images/gfitted-eps-convert
ed-to.pdf>
(epstopdf)                    date: 2013-06-07 12:11:52
(epstopdf)                    size: 39555 bytes
(epstopdf)             Command: <epstopdf --outfile=../plots_tables_images/gfit
ted-eps-converted-to.pdf ../plots_tables_images/gfitted.eps>
(epstopdf)             \includegraphics on input line 116.
Package epstopdf Info: Output file is already uptodate.

<../plots_tables_images/gfitted-eps-converted-to.pdf, id=75, 552.0625pt x 338.2
6375pt>
File: ../plots_tables_images/gfitted-eps-converted-to.pdf Graphic file (type pd
f)
 <use ../plots_tables_images/gfitted-eps-converted-to.pdf>
Package pdftex.def Info: ../plots_tables_images/gfitted-eps-converted-to.pdf us
ed on input line 116.
(pdftex.def)             Requested size: 452.96796pt x 277.5587pt.
Package epstopdf Info: Source file: <../plots_tables_images/gaussfitcomp.eps>
(epstopdf)                    date: 2013-06-07 12:55:27
(epstopdf)                    size: 31192 bytes
(epstopdf)             Output file: <../plots_tables_images/gaussfitcomp-eps-co
nverted-to.pdf>
(epstopdf)                    date: 2013-06-07 12:56:38
(epstopdf)                    size: 15240 bytes
(epstopdf)             Command: <epstopdf --outfile=../plots_tables_images/gaus
sfitcomp-eps-converted-to.pdf ../plots_tables_images/gaussfitcomp.eps>
(epstopdf)             \includegraphics on input line 122.
Package epstopdf Info: Output file is already uptodate.

<../plots_tables_images/gaussfitcomp-eps-converted-to.pdf, id=76, 433.62pt x 50
5.89pt>
File: ../plots_tables_images/gaussfitcomp-eps-converted-to.pdf Graphic file (ty
pe pdf)
 <use ../plots_tables_images/gaussfitcomp-eps-converted-to.pdf>
Package pdftex.def Info: ../plots_tables_images/gaussfitcomp-eps-converted-to.p
df used on input line 122.
(pdftex.def)             Requested size: 452.96796pt x 528.4907pt.
Package epstopdf Info: Source file: <../plots_tables_images/1dsums.eps>
(epstopdf)                    date: 2013-06-10 12:32:18
(epstopdf)                    size: 77213 bytes
(epstopdf)             Output file: <../plots_tables_images/1dsums-eps-converte
d-to.pdf>
(epstopdf)                    date: 2013-06-10 14:19:49
(epstopdf)                    size: 39145 bytes
(epstopdf)             Command: <epstopdf --outfile=../plots_tables_images/1dsu
ms-eps-converted-to.pdf ../plots_tables_images/1dsums.eps>
(epstopdf)             \includegraphics on input line 162.
Package epstopdf Info: Output file is already uptodate.

<../plots_tables_images/1dsums-eps-converted-to.pdf, id=80, 552.0625pt x 338.26
375pt>
File: ../plots_tables_images/1dsums-eps-converted-to.pdf Graphic file (type pdf
)
 <use ../plots_tables_images/1dsums-eps-converted-to.pdf>
Package pdftex.def Info: ../plots_tables_images/1dsums-eps-converted-to.pdf use
d on input line 162.
(pdftex.def)             Requested size: 452.96796pt x 277.5587pt.
LaTeX Font Info:    Try loading font information for T1+cmtt on input line 163.


(/usr/local/texlive/2012/texmf-dist/tex/latex/base/t1cmtt.fd
File: t1cmtt.fd 1999/05/25 v2.5h Standard LaTeX font definitions
)
Package epstopdf Info: Source file: <../plots_tables_images/1d1dcrop_0_0.eps>
(epstopdf)                    date: 2013-06-10 12:38:07
(epstopdf)                    size: 5235 bytes
(epstopdf)             Output file: <../plots_tables_images/1d1dcrop_0_0-eps-co
nverted-to.pdf>
(epstopdf)                    date: 2013-06-10 12:44:35
(epstopdf)                    size: 3297 bytes
(epstopdf)             Command: <epstopdf --outfile=../plots_tables_images/1d1d
crop_0_0-eps-converted-to.pdf ../plots_tables_images/1d1dcrop_0_0.eps>
(epstopdf)             \includegraphics on input line 171.
Package epstopdf Info: Output file is already uptodate.

<../plots_tables_images/1d1dcrop_0_0-eps-converted-to.pdf, id=81, 552.0625pt x 
338.26375pt>
File: ../plots_tables_images/1d1dcrop_0_0-eps-converted-to.pdf Graphic file (ty
pe pdf)
 <use ../plots_tables_images/1d1dcrop_0_0-eps-converted-to.pdf>
Package pdftex.def Info: ../plots_tables_images/1d1dcrop_0_0-eps-converted-to.p
df used on input line 171.
(pdftex.def)             Requested size: 163.06969pt x 99.91597pt.

Overfull \hbox (27.17793pt too wide) in paragraph at lines 171--173
 [][] 
 []

Package epstopdf Info: Source file: <../plots_tables_images/1d1dcrop_0_1.eps>
(epstopdf)                    date: 2013-06-10 12:38:07
(epstopdf)                    size: 5235 bytes
(epstopdf)             Output file: <../plots_tables_images/1d1dcrop_0_1-eps-co
nverted-to.pdf>
(epstopdf)                    date: 2013-06-10 12:44:36
(epstopdf)                    size: 3571 bytes
(epstopdf)             Command: <epstopdf --outfile=../plots_tables_images/1d1d
crop_0_1-eps-converted-to.pdf ../plots_tables_images/1d1dcrop_0_1.eps>
(epstopdf)             \includegraphics on input line 176.
Package epstopdf Info: Output file is already uptodate.

<../plots_tables_images/1d1dcrop_0_1-eps-converted-to.pdf, id=82, 552.0625pt x 
338.26375pt>
File: ../plots_tables_images/1d1dcrop_0_1-eps-converted-to.pdf Graphic file (ty
pe pdf)
 <use ../plots_tables_images/1d1dcrop_0_1-eps-converted-to.pdf>
Package pdftex.def Info: ../plots_tables_images/1d1dcrop_0_1-eps-converted-to.p
df used on input line 176.
(pdftex.def)             Requested size: 163.06969pt x 99.91597pt.

Overfull \hbox (27.17793pt too wide) in paragraph at lines 176--178
 [][] 
 []

Package epstopdf Info: Source file: <../plots_tables_images/1d1dcrop_0_4.eps>
(epstopdf)                    date: 2013-06-10 12:38:07
(epstopdf)                    size: 5235 bytes
(epstopdf)             Output file: <../plots_tables_images/1d1dcrop_0_4-eps-co
nverted-to.pdf>
(epstopdf)                    date: 2013-06-10 12:44:36
(epstopdf)                    size: 4061 bytes
(epstopdf)             Command: <epstopdf --outfile=../plots_tables_images/1d1d
crop_0_4-eps-converted-to.pdf ../plots_tables_images/1d1dcrop_0_4.eps>
(epstopdf)             \includegraphics on input line 182.
Package epstopdf Info: Output file is already uptodate.

<../plots_tables_images/1d1dcrop_0_4-eps-converted-to.pdf, id=83, 552.0625pt x 
338.26375pt>
File: ../plots_tables_images/1d1dcrop_0_4-eps-converted-to.pdf Graphic file (ty
pe pdf)
 <use ../plots_tables_images/1d1dcrop_0_4-eps-converted-to.pdf>
Package pdftex.def Info: ../plots_tables_images/1d1dcrop_0_4-eps-converted-to.p
df used on input line 182.
(pdftex.def)             Requested size: 163.06969pt x 99.91597pt.

Overfull \hbox (27.17793pt too wide) in paragraph at lines 182--184
 [][] 
 []

Package epstopdf Info: Source file: <../plots_tables_images/1d1dcrop_0_8.eps>
(epstopdf)                    date: 2013-06-10 12:38:07
(epstopdf)                    size: 5235 bytes
(epstopdf)             Output file: <../plots_tables_images/1d1dcrop_0_8-eps-co
nverted-to.pdf>
(epstopdf)                    date: 2013-06-10 12:44:36
(epstopdf)                    size: 3607 bytes
(epstopdf)             Command: <epstopdf --outfile=../plots_tables_images/1d1d
crop_0_8-eps-converted-to.pdf ../plots_tables_images/1d1dcrop_0_8.eps>
(epstopdf)             \includegraphics on input line 188.
Package epstopdf Info: Output file is already uptodate.

<../plots_tables_images/1d1dcrop_0_8-eps-converted-to.pdf, id=84, 552.0625pt x 
338.26375pt>
File: ../plots_tables_images/1d1dcrop_0_8-eps-converted-to.pdf Graphic file (ty
pe pdf)
 <use ../plots_tables_images/1d1dcrop_0_8-eps-converted-to.pdf>
Package pdftex.def Info: ../plots_tables_images/1d1dcrop_0_8-eps-converted-to.p
df used on input line 188.
(pdftex.def)             Requested size: 163.06969pt x 99.91597pt.

Overfull \hbox (27.17793pt too wide) in paragraph at lines 188--190
 [][] 
 []

Package epstopdf Info: Source file: <../plots_tables_images/1d1dcrop_0_9.eps>
(epstopdf)                    date: 2013-06-10 12:38:07
(epstopdf)                    size: 5235 bytes
(epstopdf)             Output file: <../plots_tables_images/1d1dcrop_0_9-eps-co
nverted-to.pdf>
(epstopdf)                    date: 2013-06-10 12:44:36
(epstopdf)                    size: 3320 bytes
(epstopdf)             Command: <epstopdf --outfile=../plots_tables_images/1d1d
crop_0_9-eps-converted-to.pdf ../plots_tables_images/1d1dcrop_0_9.eps>
(epstopdf)             \includegraphics on input line 193.
Package epstopdf Info: Output file is already uptodate.

<../plots_tables_images/1d1dcrop_0_9-eps-converted-to.pdf, id=85, 552.0625pt x 
338.26375pt>
File: ../plots_tables_images/1d1dcrop_0_9-eps-converted-to.pdf Graphic file (ty
pe pdf)
 <use ../plots_tables_images/1d1dcrop_0_9-eps-converted-to.pdf>
Package pdftex.def Info: ../plots_tables_images/1d1dcrop_0_9-eps-converted-to.p
df used on input line 193.
(pdftex.def)             Requested size: 163.06969pt x 99.91597pt.

Overfull \hbox (27.17793pt too wide) in paragraph at lines 193--195
 [][] 
 []

Package epstopdf Info: Source file: <../plots_tables_images/1d1dcrop_1_0.eps>
(epstopdf)                    date: 2013-06-10 12:38:07
(epstopdf)                    size: 5235 bytes
(epstopdf)             Output file: <../plots_tables_images/1d1dcrop_1_0-eps-co
nverted-to.pdf>
(epstopdf)                    date: 2013-06-10 12:44:36
(epstopdf)                    size: 3491 bytes
(epstopdf)             Command: <epstopdf --outfile=../plots_tables_images/1d1d
crop_1_0-eps-converted-to.pdf ../plots_tables_images/1d1dcrop_1_0.eps>
(epstopdf)             \includegraphics on input line 199.
Package epstopdf Info: Output file is already uptodate.

<../plots_tables_images/1d1dcrop_1_0-eps-converted-to.pdf, id=86, 552.0625pt x 
338.26375pt>
File: ../plots_tables_images/1d1dcrop_1_0-eps-converted-to.pdf Graphic file (ty
pe pdf)
 <use ../plots_tables_images/1d1dcrop_1_0-eps-converted-to.pdf>
Package pdftex.def Info: ../plots_tables_images/1d1dcrop_1_0-eps-converted-to.p
df used on input line 199.
(pdftex.def)             Requested size: 163.06969pt x 99.91597pt.

Overfull \hbox (27.17793pt too wide) in paragraph at lines 199--201
 [][] 
 []

Package epstopdf Info: Source file: <../plots_tables_images/1d1dcrop_1_1.eps>
(epstopdf)                    date: 2013-06-10 12:38:07
(epstopdf)                    size: 5235 bytes
(epstopdf)             Output file: <../plots_tables_images/1d1dcrop_1_1-eps-co
nverted-to.pdf>
(epstopdf)                    date: 2013-06-10 12:44:36
(epstopdf)                    size: 3869 bytes
(epstopdf)             Command: <epstopdf --outfile=../plots_tables_images/1d1d
crop_1_1-eps-converted-to.pdf ../plots_tables_images/1d1dcrop_1_1.eps>
(epstopdf)             \includegraphics on input line 206.
Package epstopdf Info: Output file is already uptodate.

<../plots_tables_images/1d1dcrop_1_1-eps-converted-to.pdf, id=87, 552.0625pt x 
338.26375pt>
File: ../plots_tables_images/1d1dcrop_1_1-eps-converted-to.pdf Graphic file (ty
pe pdf)
 <use ../plots_tables_images/1d1dcrop_1_1-eps-converted-to.pdf>
Package pdftex.def Info: ../plots_tables_images/1d1dcrop_1_1-eps-converted-to.p
df used on input line 206.
(pdftex.def)             Requested size: 163.06969pt x 99.91597pt.

Overfull \hbox (27.17793pt too wide) in paragraph at lines 206--208
 [][] 
 []

Package epstopdf Info: Source file: <../plots_tables_images/1d1dcrop_1_9.eps>
(epstopdf)                    date: 2013-06-10 12:38:07
(epstopdf)                    size: 5235 bytes
(epstopdf)             Output file: <../plots_tables_images/1d1dcrop_1_9-eps-co
nverted-to.pdf>
(epstopdf)                    date: 2013-06-10 12:44:36
(epstopdf)                    size: 3526 bytes
(epstopdf)             Command: <epstopdf --outfile=../plots_tables_images/1d1d
crop_1_9-eps-converted-to.pdf ../plots_tables_images/1d1dcrop_1_9.eps>
(epstopdf)             \includegraphics on input line 211.
Package epstopdf Info: Output file is already uptodate.

<../plots_tables_images/1d1dcrop_1_9-eps-converted-to.pdf, id=88, 552.0625pt x 
338.26375pt>
File: ../plots_tables_images/1d1dcrop_1_9-eps-converted-to.pdf Graphic file (ty
pe pdf)
 <use ../plots_tables_images/1d1dcrop_1_9-eps-converted-to.pdf>
Package pdftex.def Info: ../plots_tables_images/1d1dcrop_1_9-eps-converted-to.p
df used on input line 211.
(pdftex.def)             Requested size: 163.06969pt x 99.91597pt.

Overfull \hbox (27.17793pt too wide) in paragraph at lines 211--213
 [][] 
 []

Package epstopdf Info: Source file: <../plots_tables_images/1d1dcrop_2_0.eps>
(epstopdf)                    date: 2013-06-10 12:38:07
(epstopdf)                    size: 5235 bytes
(epstopdf)             Output file: <../plots_tables_images/1d1dcrop_2_0-eps-co
nverted-to.pdf>
(epstopdf)                    date: 2013-06-10 12:44:36
(epstopdf)                    size: 3711 bytes
(epstopdf)             Command: <epstopdf --outfile=../plots_tables_images/1d1d
crop_2_0-eps-converted-to.pdf ../plots_tables_images/1d1dcrop_2_0.eps>
(epstopdf)             \includegraphics on input line 217.
Package epstopdf Info: Output file is already uptodate.

<../plots_tables_images/1d1dcrop_2_0-eps-converted-to.pdf, id=89, 552.0625pt x 
338.26375pt>
File: ../plots_tables_images/1d1dcrop_2_0-eps-converted-to.pdf Graphic file (ty
pe pdf)
 <use ../plots_tables_images/1d1dcrop_2_0-eps-converted-to.pdf>
Package pdftex.def Info: ../plots_tables_images/1d1dcrop_2_0-eps-converted-to.p
df used on input line 217.
(pdftex.def)             Requested size: 163.06969pt x 99.91597pt.

Overfull \hbox (27.17793pt too wide) in paragraph at lines 217--219
 [][] 
 []

Package epstopdf Info: Source file: <../plots_tables_images/1d1dcrop_2_5.eps>
(epstopdf)                    date: 2013-06-10 12:38:07
(epstopdf)                    size: 5235 bytes
(epstopdf)             Output file: <../plots_tables_images/1d1dcrop_2_5-eps-co
nverted-to.pdf>
(epstopdf)                    date: 2013-06-10 12:44:37
(epstopdf)                    size: 4133 bytes
(epstopdf)             Command: <epstopdf --outfile=../plots_tables_images/1d1d
crop_2_5-eps-converted-to.pdf ../plots_tables_images/1d1dcrop_2_5.eps>
(epstopdf)             \includegraphics on input line 224.
Package epstopdf Info: Output file is already uptodate.

<../plots_tables_images/1d1dcrop_2_5-eps-converted-to.pdf, id=90, 552.0625pt x 
338.26375pt>
File: ../plots_tables_images/1d1dcrop_2_5-eps-converted-to.pdf Graphic file (ty
pe pdf)
 <use ../plots_tables_images/1d1dcrop_2_5-eps-converted-to.pdf>
Package pdftex.def Info: ../plots_tables_images/1d1dcrop_2_5-eps-converted-to.p
df used on input line 224.
(pdftex.def)             Requested size: 163.06969pt x 99.91597pt.

Overfull \hbox (27.17793pt too wide) in paragraph at lines 224--226
 [][] 
 []

Package epstopdf Info: Source file: <../plots_tables_images/1d1dcrop_2_9.eps>
(epstopdf)                    date: 2013-06-10 12:38:07
(epstopdf)                    size: 5235 bytes
(epstopdf)             Output file: <../plots_tables_images/1d1dcrop_2_9-eps-co
nverted-to.pdf>
(epstopdf)                    date: 2013-06-10 12:44:37
(epstopdf)                    size: 3741 bytes
(epstopdf)             Command: <epstopdf --outfile=../plots_tables_images/1d1d
crop_2_9-eps-converted-to.pdf ../plots_tables_images/1d1dcrop_2_9.eps>
(epstopdf)             \includegraphics on input line 229.
Package epstopdf Info: Output file is already uptodate.

<../plots_tables_images/1d1dcrop_2_9-eps-converted-to.pdf, id=91, 552.0625pt x 
338.26375pt>
File: ../plots_tables_images/1d1dcrop_2_9-eps-converted-to.pdf Graphic file (ty
pe pdf)
 <use ../plots_tables_images/1d1dcrop_2_9-eps-converted-to.pdf>
Package pdftex.def Info: ../plots_tables_images/1d1dcrop_2_9-eps-converted-to.p
df used on input line 229.
(pdftex.def)             Requested size: 163.06969pt x 99.91597pt.

Overfull \hbox (27.17793pt too wide) in paragraph at lines 229--231
 [][] 
 []

Package epstopdf Info: Source file: <../plots_tables_images/1d1dcrop_3_0.eps>
(epstopdf)                    date: 2013-06-10 12:38:07
(epstopdf)                    size: 5235 bytes
(epstopdf)             Output file: <../plots_tables_images/1d1dcrop_3_0-eps-co
nverted-to.pdf>
(epstopdf)                    date: 2013-06-10 12:44:37
(epstopdf)                    size: 3732 bytes
(epstopdf)             Command: <epstopdf --outfile=../plots_tables_images/1d1d
crop_3_0-eps-converted-to.pdf ../plots_tables_images/1d1dcrop_3_0.eps>
(epstopdf)             \includegraphics on input line 235.
Package epstopdf Info: Output file is already uptodate.

<../plots_tables_images/1d1dcrop_3_0-eps-converted-to.pdf, id=92, 552.0625pt x 
338.26375pt>
File: ../plots_tables_images/1d1dcrop_3_0-eps-converted-to.pdf Graphic file (ty
pe pdf)
 <use ../plots_tables_images/1d1dcrop_3_0-eps-converted-to.pdf>
Package pdftex.def Info: ../plots_tables_images/1d1dcrop_3_0-eps-converted-to.p
df used on input line 235.
(pdftex.def)             Requested size: 163.06969pt x 99.91597pt.

Overfull \hbox (27.17793pt too wide) in paragraph at lines 235--237
 [][] 
 []

Package epstopdf Info: Source file: <../plots_tables_images/1d1dcrop_3_2.eps>
(epstopdf)                    date: 2013-06-10 12:38:07
(epstopdf)                    size: 5235 bytes
(epstopdf)             Output file: <../plots_tables_images/1d1dcrop_3_2-eps-co
nverted-to.pdf>
(epstopdf)                    date: 2013-06-10 12:44:37
(epstopdf)                    size: 4101 bytes
(epstopdf)             Command: <epstopdf --outfile=../plots_tables_images/1d1d
crop_3_2-eps-converted-to.pdf ../plots_tables_images/1d1dcrop_3_2.eps>
(epstopdf)             \includegraphics on input line 242.
Package epstopdf Info: Output file is already uptodate.

<../plots_tables_images/1d1dcrop_3_2-eps-converted-to.pdf, id=93, 552.0625pt x 
338.26375pt>
File: ../plots_tables_images/1d1dcrop_3_2-eps-converted-to.pdf Graphic file (ty
pe pdf)
 <use ../plots_tables_images/1d1dcrop_3_2-eps-converted-to.pdf>
Package pdftex.def Info: ../plots_tables_images/1d1dcrop_3_2-eps-converted-to.p
df used on input line 242.
(pdftex.def)             Requested size: 163.06969pt x 99.91597pt.

Overfull \hbox (27.17793pt too wide) in paragraph at lines 242--244
 [][] 
 []

Package epstopdf Info: Source file: <../plots_tables_images/1d1dcrop_4_0.eps>
(epstopdf)                    date: 2013-06-10 12:38:07
(epstopdf)                    size: 5235 bytes
(epstopdf)             Output file: <../plots_tables_images/1d1dcrop_4_0-eps-co
nverted-to.pdf>
(epstopdf)                    date: 2013-06-10 12:44:37
(epstopdf)                    size: 3728 bytes
(epstopdf)             Command: <epstopdf --outfile=../plots_tables_images/1d1d
crop_4_0-eps-converted-to.pdf ../plots_tables_images/1d1dcrop_4_0.eps>
(epstopdf)             \includegraphics on input line 247.
Package epstopdf Info: Output file is already uptodate.

<../plots_tables_images/1d1dcrop_4_0-eps-converted-to.pdf, id=94, 552.0625pt x 
338.26375pt>
File: ../plots_tables_images/1d1dcrop_4_0-eps-converted-to.pdf Graphic file (ty
pe pdf)
 <use ../plots_tables_images/1d1dcrop_4_0-eps-converted-to.pdf>
Package pdftex.def Info: ../plots_tables_images/1d1dcrop_4_0-eps-converted-to.p
df used on input line 247.
(pdftex.def)             Requested size: 163.06969pt x 99.91597pt.

Overfull \hbox (27.17793pt too wide) in paragraph at lines 247--249
 [][] 
 []

Package epstopdf Info: Source file: <../plots_tables_images/1d1dcrop_4_9.eps>
(epstopdf)                    date: 2013-06-10 12:38:07
(epstopdf)                    size: 5235 bytes
(epstopdf)             Output file: <../plots_tables_images/1d1dcrop_4_9-eps-co
nverted-to.pdf>
(epstopdf)                    date: 2013-06-10 12:44:37
(epstopdf)                    size: 3819 bytes
(epstopdf)             Command: <epstopdf --outfile=../plots_tables_images/1d1d
crop_4_9-eps-converted-to.pdf ../plots_tables_images/1d1dcrop_4_9.eps>
(epstopdf)             \includegraphics on input line 253.
Package epstopdf Info: Output file is already uptodate.

<../plots_tables_images/1d1dcrop_4_9-eps-converted-to.pdf, id=95, 552.0625pt x 
338.26375pt>
File: ../plots_tables_images/1d1dcrop_4_9-eps-converted-to.pdf Graphic file (ty
pe pdf)
 <use ../plots_tables_images/1d1dcrop_4_9-eps-converted-to.pdf>
Package pdftex.def Info: ../plots_tables_images/1d1dcrop_4_9-eps-converted-to.p
df used on input line 253.
(pdftex.def)             Requested size: 163.06969pt x 99.91597pt.

Overfull \hbox (27.17793pt too wide) in paragraph at lines 253--255
 [][] 
 []

Package epstopdf Info: Source file: <../plots_tables_images/1d1dcrop_5_0.eps>
(epstopdf)                    date: 2013-06-10 12:38:07
(epstopdf)                    size: 5235 bytes
(epstopdf)             Output file: <../plots_tables_images/1d1dcrop_5_0-eps-co
nverted-to.pdf>
(epstopdf)                    date: 2013-06-10 12:44:37
(epstopdf)                    size: 3717 bytes
(epstopdf)             Command: <epstopdf --outfile=../plots_tables_images/1d1d
crop_5_0-eps-converted-to.pdf ../plots_tables_images/1d1dcrop_5_0.eps>
(epstopdf)             \includegraphics on input line 260.
Package epstopdf Info: Output file is already uptodate.

<../plots_tables_images/1d1dcrop_5_0-eps-converted-to.pdf, id=96, 552.0625pt x 
338.26375pt>
File: ../plots_tables_images/1d1dcrop_5_0-eps-converted-to.pdf Graphic file (ty
pe pdf)
 <use ../plots_tables_images/1d1dcrop_5_0-eps-converted-to.pdf>
Package pdftex.def Info: ../plots_tables_images/1d1dcrop_5_0-eps-converted-to.p
df used on input line 260.
(pdftex.def)             Requested size: 163.06969pt x 99.91597pt.

Overfull \hbox (27.17793pt too wide) in paragraph at lines 260--262
 [][] 
 []

Package epstopdf Info: Source file: <../plots_tables_images/1d1dcrop_5_6.eps>
(epstopdf)                    date: 2013-06-10 12:38:07
(epstopdf)                    size: 5235 bytes
(epstopdf)             Output file: <../plots_tables_images/1d1dcrop_5_6-eps-co
nverted-to.pdf>
(epstopdf)                    date: 2013-06-10 12:44:37
(epstopdf)                    size: 4125 bytes
(epstopdf)             Command: <epstopdf --outfile=../plots_tables_images/1d1d
crop_5_6-eps-converted-to.pdf ../plots_tables_images/1d1dcrop_5_6.eps>
(epstopdf)             \includegraphics on input line 265.
Package epstopdf Info: Output file is already uptodate.

<../plots_tables_images/1d1dcrop_5_6-eps-converted-to.pdf, id=97, 552.0625pt x 
338.26375pt>
File: ../plots_tables_images/1d1dcrop_5_6-eps-converted-to.pdf Graphic file (ty
pe pdf)
 <use ../plots_tables_images/1d1dcrop_5_6-eps-converted-to.pdf>
Package pdftex.def Info: ../plots_tables_images/1d1dcrop_5_6-eps-converted-to.p
df used on input line 265.
(pdftex.def)             Requested size: 163.06969pt x 99.91597pt.

Overfull \hbox (27.17793pt too wide) in paragraph at lines 265--267
 [][] 
 []

Package epstopdf Info: Source file: <../plots_tables_images/1d1dcrop_5_9.eps>
(epstopdf)                    date: 2013-06-10 12:38:07
(epstopdf)                    size: 5235 bytes
(epstopdf)             Output file: <../plots_tables_images/1d1dcrop_5_9-eps-co
nverted-to.pdf>
(epstopdf)                    date: 2013-06-10 12:44:38
(epstopdf)                    size: 3693 bytes
(epstopdf)             Command: <epstopdf --outfile=../plots_tables_images/1d1d
crop_5_9-eps-converted-to.pdf ../plots_tables_images/1d1dcrop_5_9.eps>
(epstopdf)             \includegraphics on input line 271.
Package epstopdf Info: Output file is already uptodate.

<../plots_tables_images/1d1dcrop_5_9-eps-converted-to.pdf, id=98, 552.0625pt x 
338.26375pt>
File: ../plots_tables_images/1d1dcrop_5_9-eps-converted-to.pdf Graphic file (ty
pe pdf)
 <use ../plots_tables_images/1d1dcrop_5_9-eps-converted-to.pdf>
Package pdftex.def Info: ../plots_tables_images/1d1dcrop_5_9-eps-converted-to.p
df used on input line 271.
(pdftex.def)             Requested size: 163.06969pt x 99.91597pt.

Overfull \hbox (27.17793pt too wide) in paragraph at lines 271--273
 [][] 
 []

Package epstopdf Info: Source file: <../plots_tables_images/1d1dcrop_6_0.eps>
(epstopdf)                    date: 2013-06-10 12:38:07
(epstopdf)                    size: 5235 bytes
(epstopdf)             Output file: <../plots_tables_images/1d1dcrop_6_0-eps-co
nverted-to.pdf>
(epstopdf)                    date: 2013-06-10 12:44:38
(epstopdf)                    size: 3594 bytes
(epstopdf)             Command: <epstopdf --outfile=../plots_tables_images/1d1d
crop_6_0-eps-converted-to.pdf ../plots_tables_images/1d1dcrop_6_0.eps>
(epstopdf)             \includegraphics on input line 278.
Package epstopdf Info: Output file is already uptodate.

<../plots_tables_images/1d1dcrop_6_0-eps-converted-to.pdf, id=99, 552.0625pt x 
338.26375pt>
File: ../plots_tables_images/1d1dcrop_6_0-eps-converted-to.pdf Graphic file (ty
pe pdf)
 <use ../plots_tables_images/1d1dcrop_6_0-eps-converted-to.pdf>
Package pdftex.def Info: ../plots_tables_images/1d1dcrop_6_0-eps-converted-to.p
df used on input line 278.
(pdftex.def)             Requested size: 163.06969pt x 99.91597pt.

Overfull \hbox (27.17793pt too wide) in paragraph at lines 278--280
 [][] 
 []

Package epstopdf Info: Source file: <../plots_tables_images/1d1dcrop_6_3.eps>
(epstopdf)                    date: 2013-06-10 12:38:07
(epstopdf)                    size: 5235 bytes
(epstopdf)             Output file: <../plots_tables_images/1d1dcrop_6_3-eps-co
nverted-to.pdf>
(epstopdf)                    date: 2013-06-10 12:44:38
(epstopdf)                    size: 4097 bytes
(epstopdf)             Command: <epstopdf --outfile=../plots_tables_images/1d1d
crop_6_3-eps-converted-to.pdf ../plots_tables_images/1d1dcrop_6_3.eps>
(epstopdf)             \includegraphics on input line 284.
Package epstopdf Info: Output file is already uptodate.

<../plots_tables_images/1d1dcrop_6_3-eps-converted-to.pdf, id=100, 552.0625pt x
 338.26375pt>
File: ../plots_tables_images/1d1dcrop_6_3-eps-converted-to.pdf Graphic file (ty
pe pdf)
 <use ../plots_tables_images/1d1dcrop_6_3-eps-converted-to.pdf>
Package pdftex.def Info: ../plots_tables_images/1d1dcrop_6_3-eps-converted-to.p
df used on input line 284.
(pdftex.def)             Requested size: 163.06969pt x 99.91597pt.

Overfull \hbox (27.17793pt too wide) in paragraph at lines 284--286
 [][] 
 []

Package epstopdf Info: Source file: <../plots_tables_images/1d1dcrop_6_9.eps>
(epstopdf)                    date: 2013-06-10 12:38:07
(epstopdf)                    size: 5235 bytes
(epstopdf)             Output file: <../plots_tables_images/1d1dcrop_6_9-eps-co
nverted-to.pdf>
(epstopdf)                    date: 2013-06-10 12:44:38
(epstopdf)                    size: 3572 bytes
(epstopdf)             Command: <epstopdf --outfile=../plots_tables_images/1d1d
crop_6_9-eps-converted-to.pdf ../plots_tables_images/1d1dcrop_6_9.eps>
(epstopdf)             \includegraphics on input line 289.
Package epstopdf Info: Output file is already uptodate.

<../plots_tables_images/1d1dcrop_6_9-eps-converted-to.pdf, id=101, 552.0625pt x
 338.26375pt>
File: ../plots_tables_images/1d1dcrop_6_9-eps-converted-to.pdf Graphic file (ty
pe pdf)
 <use ../plots_tables_images/1d1dcrop_6_9-eps-converted-to.pdf>
Package pdftex.def Info: ../plots_tables_images/1d1dcrop_6_9-eps-converted-to.p
df used on input line 289.
(pdftex.def)             Requested size: 163.06969pt x 99.91597pt.

Overfull \hbox (27.17793pt too wide) in paragraph at lines 289--291
 [][] 
 []


LaTeX Warning: Float too large for page by 33.32281pt on input line 294.

Package epstopdf Info: Source file: <../plots_tables_images/1d1dsums_0_0.eps>
(epstopdf)                    date: 2013-06-10 17:41:25
(epstopdf)                    size: 10110 bytes
(epstopdf)             Output file: <../plots_tables_images/1d1dsums_0_0-eps-co
nverted-to.pdf>
(epstopdf)                    date: 2013-06-10 17:41:41
(epstopdf)                    size: 7741 bytes
(epstopdf)             Command: <epstopdf --outfile=../plots_tables_images/1d1d
sums_0_0-eps-converted-to.pdf ../plots_tables_images/1d1dsums_0_0.eps>
(epstopdf)             \includegraphics on input line 301.
Package epstopdf Info: Output file is already uptodate.

<../plots_tables_images/1d1dsums_0_0-eps-converted-to.pdf, id=102, 552.0625pt x
 338.26375pt>
File: ../plots_tables_images/1d1dsums_0_0-eps-converted-to.pdf Graphic file (ty
pe pdf)
 <use ../plots_tables_images/1d1dsums_0_0-eps-converted-to.pdf>
Package pdftex.def Info: ../plots_tables_images/1d1dsums_0_0-eps-converted-to.p
df used on input line 301.
(pdftex.def)             Requested size: 135.89175pt x 83.26503pt.
Package epstopdf Info: Source file: <../plots_tables_images/1d1dsums_0_1.eps>
(epstopdf)                    date: 2013-06-10 17:41:25
(epstopdf)                    size: 13219 bytes
(epstopdf)             Output file: <../plots_tables_images/1d1dsums_0_1-eps-co
nverted-to.pdf>
(epstopdf)                    date: 2013-06-10 17:41:41
(epstopdf)                    size: 8476 bytes
(epstopdf)             Command: <epstopdf --outfile=../plots_tables_images/1d1d
sums_0_1-eps-converted-to.pdf ../plots_tables_images/1d1dsums_0_1.eps>
(epstopdf)             \includegraphics on input line 306.
Package epstopdf Info: Output file is already uptodate.

<../plots_tables_images/1d1dsums_0_1-eps-converted-to.pdf, id=103, 552.0625pt x
 338.26375pt>
File: ../plots_tables_images/1d1dsums_0_1-eps-converted-to.pdf Graphic file (ty
pe pdf)
 <use ../plots_tables_images/1d1dsums_0_1-eps-converted-to.pdf>
Package pdftex.def Info: ../plots_tables_images/1d1dsums_0_1-eps-converted-to.p
df used on input line 306.
(pdftex.def)             Requested size: 135.89175pt x 83.26503pt.
Package epstopdf Info: Source file: <../plots_tables_images/1d1dsums_0_4.eps>
(epstopdf)                    date: 2013-06-10 17:41:25
(epstopdf)                    size: 11112 bytes
(epstopdf)             Output file: <../plots_tables_images/1d1dsums_0_4-eps-co
nverted-to.pdf>
(epstopdf)                    date: 2013-06-10 17:41:41
(epstopdf)                    size: 7749 bytes
(epstopdf)             Command: <epstopdf --outfile=../plots_tables_images/1d1d
sums_0_4-eps-converted-to.pdf ../plots_tables_images/1d1dsums_0_4.eps>
(epstopdf)             \includegraphics on input line 312.
Package epstopdf Info: Output file is already uptodate.

<../plots_tables_images/1d1dsums_0_4-eps-converted-to.pdf, id=104, 552.0625pt x
 338.26375pt>
File: ../plots_tables_images/1d1dsums_0_4-eps-converted-to.pdf Graphic file (ty
pe pdf)
 <use ../plots_tables_images/1d1dsums_0_4-eps-converted-to.pdf>
Package pdftex.def Info: ../plots_tables_images/1d1dsums_0_4-eps-converted-to.p
df used on input line 312.
(pdftex.def)             Requested size: 135.89175pt x 83.26503pt.
Package epstopdf Info: Source file: <../plots_tables_images/1d1dsums_0_8.eps>
(epstopdf)                    date: 2013-06-10 17:41:25
(epstopdf)                    size: 13220 bytes
(epstopdf)             Output file: <../plots_tables_images/1d1dsums_0_8-eps-co
nverted-to.pdf>
(epstopdf)                    date: 2013-06-10 17:41:41
(epstopdf)                    size: 8381 bytes
(epstopdf)             Command: <epstopdf --outfile=../plots_tables_images/1d1d
sums_0_8-eps-converted-to.pdf ../plots_tables_images/1d1dsums_0_8.eps>
(epstopdf)             \includegraphics on input line 319.
Package epstopdf Info: Output file is already uptodate.

<../plots_tables_images/1d1dsums_0_8-eps-converted-to.pdf, id=105, 552.0625pt x
 338.26375pt>
File: ../plots_tables_images/1d1dsums_0_8-eps-converted-to.pdf Graphic file (ty
pe pdf)
 <use ../plots_tables_images/1d1dsums_0_8-eps-converted-to.pdf>
Package pdftex.def Info: ../plots_tables_images/1d1dsums_0_8-eps-converted-to.p
df used on input line 319.
(pdftex.def)             Requested size: 135.89175pt x 83.26503pt.
Package epstopdf Info: Source file: <../plots_tables_images/1d1dsums_0_9.eps>
(epstopdf)                    date: 2013-06-10 17:41:25
(epstopdf)                    size: 9222 bytes
(epstopdf)             Output file: <../plots_tables_images/1d1dsums_0_9-eps-co
nverted-to.pdf>
(epstopdf)                    date: 2013-06-10 17:41:41
(epstopdf)                    size: 7233 bytes
(epstopdf)             Command: <epstopdf --outfile=../plots_tables_images/1d1d
sums_0_9-eps-converted-to.pdf ../plots_tables_images/1d1dsums_0_9.eps>
(epstopdf)             \includegraphics on input line 324.
Package epstopdf Info: Output file is already uptodate.

<../plots_tables_images/1d1dsums_0_9-eps-converted-to.pdf, id=106, 552.0625pt x
 338.26375pt>
File: ../plots_tables_images/1d1dsums_0_9-eps-converted-to.pdf Graphic file (ty
pe pdf)
 <use ../plots_tables_images/1d1dsums_0_9-eps-converted-to.pdf>
Package pdftex.def Info: ../plots_tables_images/1d1dsums_0_9-eps-converted-to.p
df used on input line 324.
(pdftex.def)             Requested size: 135.89175pt x 83.26503pt.
Package epstopdf Info: Source file: <../plots_tables_images/1d1dsums_1_0.eps>
(epstopdf)                    date: 2013-06-10 17:41:25
(epstopdf)                    size: 9365 bytes
(epstopdf)             Output file: <../plots_tables_images/1d1dsums_1_0-eps-co
nverted-to.pdf>
(epstopdf)                    date: 2013-06-10 17:41:42
(epstopdf)                    size: 7338 bytes
(epstopdf)             Command: <epstopdf --outfile=../plots_tables_images/1d1d
sums_1_0-eps-converted-to.pdf ../plots_tables_images/1d1dsums_1_0.eps>
(epstopdf)             \includegraphics on input line 330.
Package epstopdf Info: Output file is already uptodate.

<../plots_tables_images/1d1dsums_1_0-eps-converted-to.pdf, id=107, 552.0625pt x
 338.26375pt>
File: ../plots_tables_images/1d1dsums_1_0-eps-converted-to.pdf Graphic file (ty
pe pdf)
 <use ../plots_tables_images/1d1dsums_1_0-eps-converted-to.pdf>
Package pdftex.def Info: ../plots_tables_images/1d1dsums_1_0-eps-converted-to.p
df used on input line 330.
(pdftex.def)             Requested size: 135.89175pt x 83.26503pt.
Package epstopdf Info: Source file: <../plots_tables_images/1d1dsums_1_1.eps>
(epstopdf)                    date: 2013-06-10 17:41:25
(epstopdf)                    size: 9255 bytes
(epstopdf)             Output file: <../plots_tables_images/1d1dsums_1_1-eps-co
nverted-to.pdf>
(epstopdf)                    date: 2013-06-10 17:41:42
(epstopdf)                    size: 7277 bytes
(epstopdf)             Command: <epstopdf --outfile=../plots_tables_images/1d1d
sums_1_1-eps-converted-to.pdf ../plots_tables_images/1d1dsums_1_1.eps>
(epstopdf)             \includegraphics on input line 337.
Package epstopdf Info: Output file is already uptodate.

<../plots_tables_images/1d1dsums_1_1-eps-converted-to.pdf, id=108, 552.0625pt x
 338.26375pt>
File: ../plots_tables_images/1d1dsums_1_1-eps-converted-to.pdf Graphic file (ty
pe pdf)
 <use ../plots_tables_images/1d1dsums_1_1-eps-converted-to.pdf>
Package pdftex.def Info: ../plots_tables_images/1d1dsums_1_1-eps-converted-to.p
df used on input line 337.
(pdftex.def)             Requested size: 135.89175pt x 83.26503pt.
Package epstopdf Info: Source file: <../plots_tables_images/1d1dsums_1_9.eps>
(epstopdf)                    date: 2013-06-10 17:41:25
(epstopdf)                    size: 10441 bytes
(epstopdf)             Output file: <../plots_tables_images/1d1dsums_1_9-eps-co
nverted-to.pdf>
(epstopdf)                    date: 2013-06-10 17:41:42
(epstopdf)                    size: 7546 bytes
(epstopdf)             Command: <epstopdf --outfile=../plots_tables_images/1d1d
sums_1_9-eps-converted-to.pdf ../plots_tables_images/1d1dsums_1_9.eps>
(epstopdf)             \includegraphics on input line 342.
Package epstopdf Info: Output file is already uptodate.

<../plots_tables_images/1d1dsums_1_9-eps-converted-to.pdf, id=109, 552.0625pt x
 338.26375pt>
File: ../plots_tables_images/1d1dsums_1_9-eps-converted-to.pdf Graphic file (ty
pe pdf)
 <use ../plots_tables_images/1d1dsums_1_9-eps-converted-to.pdf>
Package pdftex.def Info: ../plots_tables_images/1d1dsums_1_9-eps-converted-to.p
df used on input line 342.
(pdftex.def)             Requested size: 135.89175pt x 83.26503pt.
Package epstopdf Info: Source file: <../plots_tables_images/1d1dsums_2_0.eps>
(epstopdf)                    date: 2013-06-10 17:41:25
(epstopdf)                    size: 13221 bytes
(epstopdf)             Output file: <../plots_tables_images/1d1dsums_2_0-eps-co
nverted-to.pdf>
(epstopdf)                    date: 2013-06-10 17:41:42
(epstopdf)                    size: 8397 bytes
(epstopdf)             Command: <epstopdf --outfile=../plots_tables_images/1d1d
sums_2_0-eps-converted-to.pdf ../plots_tables_images/1d1dsums_2_0.eps>
(epstopdf)             \includegraphics on input line 348.
Package epstopdf Info: Output file is already uptodate.

<../plots_tables_images/1d1dsums_2_0-eps-converted-to.pdf, id=110, 552.0625pt x
 338.26375pt>
File: ../plots_tables_images/1d1dsums_2_0-eps-converted-to.pdf Graphic file (ty
pe pdf)
 <use ../plots_tables_images/1d1dsums_2_0-eps-converted-to.pdf>
Package pdftex.def Info: ../plots_tables_images/1d1dsums_2_0-eps-converted-to.p
df used on input line 348.
(pdftex.def)             Requested size: 135.89175pt x 83.26503pt.
Package epstopdf Info: Source file: <../plots_tables_images/1d1dsums_2_5.eps>
(epstopdf)                    date: 2013-06-10 17:41:25
(epstopdf)                    size: 11112 bytes
(epstopdf)             Output file: <../plots_tables_images/1d1dsums_2_5-eps-co
nverted-to.pdf>
(epstopdf)                    date: 2013-06-10 17:41:42
(epstopdf)                    size: 7744 bytes
(epstopdf)             Command: <epstopdf --outfile=../plots_tables_images/1d1d
sums_2_5-eps-converted-to.pdf ../plots_tables_images/1d1dsums_2_5.eps>
(epstopdf)             \includegraphics on input line 355.
Package epstopdf Info: Output file is already uptodate.

<../plots_tables_images/1d1dsums_2_5-eps-converted-to.pdf, id=111, 552.0625pt x
 338.26375pt>
File: ../plots_tables_images/1d1dsums_2_5-eps-converted-to.pdf Graphic file (ty
pe pdf)
 <use ../plots_tables_images/1d1dsums_2_5-eps-converted-to.pdf>
Package pdftex.def Info: ../plots_tables_images/1d1dsums_2_5-eps-converted-to.p
df used on input line 355.
(pdftex.def)             Requested size: 135.89175pt x 83.26503pt.
Package epstopdf Info: Source file: <../plots_tables_images/1d1dsums_2_9.eps>
(epstopdf)                    date: 2013-06-10 17:41:25
(epstopdf)                    size: 10503 bytes
(epstopdf)             Output file: <../plots_tables_images/1d1dsums_2_9-eps-co
nverted-to.pdf>
(epstopdf)                    date: 2013-06-10 17:41:42
(epstopdf)                    size: 7559 bytes
(epstopdf)             Command: <epstopdf --outfile=../plots_tables_images/1d1d
sums_2_9-eps-converted-to.pdf ../plots_tables_images/1d1dsums_2_9.eps>
(epstopdf)             \includegraphics on input line 360.
Package epstopdf Info: Output file is already uptodate.

<../plots_tables_images/1d1dsums_2_9-eps-converted-to.pdf, id=112, 552.0625pt x
 338.26375pt>
File: ../plots_tables_images/1d1dsums_2_9-eps-converted-to.pdf Graphic file (ty
pe pdf)
 <use ../plots_tables_images/1d1dsums_2_9-eps-converted-to.pdf>
Package pdftex.def Info: ../plots_tables_images/1d1dsums_2_9-eps-converted-to.p
df used on input line 360.
(pdftex.def)             Requested size: 135.89175pt x 83.26503pt.
Package epstopdf Info: Source file: <../plots_tables_images/1d1dsums_3_0.eps>
(epstopdf)                    date: 2013-06-10 17:41:25
(epstopdf)                    size: 10501 bytes
(epstopdf)             Output file: <../plots_tables_images/1d1dsums_3_0-eps-co
nverted-to.pdf>
(epstopdf)                    date: 2013-06-10 17:41:43
(epstopdf)                    size: 7571 bytes
(epstopdf)             Command: <epstopdf --outfile=../plots_tables_images/1d1d
sums_3_0-eps-converted-to.pdf ../plots_tables_images/1d1dsums_3_0.eps>
(epstopdf)             \includegraphics on input line 366.
Package epstopdf Info: Output file is already uptodate.

<../plots_tables_images/1d1dsums_3_0-eps-converted-to.pdf, id=113, 552.0625pt x
 338.26375pt>
File: ../plots_tables_images/1d1dsums_3_0-eps-converted-to.pdf Graphic file (ty
pe pdf)
 <use ../plots_tables_images/1d1dsums_3_0-eps-converted-to.pdf>
Package pdftex.def Info: ../plots_tables_images/1d1dsums_3_0-eps-converted-to.p
df used on input line 366.
(pdftex.def)             Requested size: 135.89175pt x 83.26503pt.
Package epstopdf Info: Source file: <../plots_tables_images/1d1dsums_3_2.eps>
(epstopdf)                    date: 2013-06-10 17:41:25
(epstopdf)                    size: 11115 bytes
(epstopdf)             Output file: <../plots_tables_images/1d1dsums_3_2-eps-co
nverted-to.pdf>
(epstopdf)                    date: 2013-06-10 17:41:43
(epstopdf)                    size: 7741 bytes
(epstopdf)             Command: <epstopdf --outfile=../plots_tables_images/1d1d
sums_3_2-eps-converted-to.pdf ../plots_tables_images/1d1dsums_3_2.eps>
(epstopdf)             \includegraphics on input line 373.
Package epstopdf Info: Output file is already uptodate.

<../plots_tables_images/1d1dsums_3_2-eps-converted-to.pdf, id=114, 552.0625pt x
 338.26375pt>
File: ../plots_tables_images/1d1dsums_3_2-eps-converted-to.pdf Graphic file (ty
pe pdf)
 <use ../plots_tables_images/1d1dsums_3_2-eps-converted-to.pdf>
Package pdftex.def Info: ../plots_tables_images/1d1dsums_3_2-eps-converted-to.p
df used on input line 373.
(pdftex.def)             Requested size: 135.89175pt x 83.26503pt.
Package epstopdf Info: Source file: <../plots_tables_images/1d1dsums_4_0.eps>
(epstopdf)                    date: 2013-06-10 17:41:25
(epstopdf)                    size: 13765 bytes
(epstopdf)             Output file: <../plots_tables_images/1d1dsums_4_0-eps-co
nverted-to.pdf>
(epstopdf)                    date: 2013-06-10 17:41:43
(epstopdf)                    size: 8544 bytes
(epstopdf)             Command: <epstopdf --outfile=../plots_tables_images/1d1d
sums_4_0-eps-converted-to.pdf ../plots_tables_images/1d1dsums_4_0.eps>
(epstopdf)             \includegraphics on input line 378.
Package epstopdf Info: Output file is already uptodate.

<../plots_tables_images/1d1dsums_4_0-eps-converted-to.pdf, id=115, 552.0625pt x
 338.26375pt>
File: ../plots_tables_images/1d1dsums_4_0-eps-converted-to.pdf Graphic file (ty
pe pdf)
 <use ../plots_tables_images/1d1dsums_4_0-eps-converted-to.pdf>
Package pdftex.def Info: ../plots_tables_images/1d1dsums_4_0-eps-converted-to.p
df used on input line 378.
(pdftex.def)             Requested size: 135.89175pt x 83.26503pt.
Package epstopdf Info: Source file: <../plots_tables_images/1d1dsums_4_9.eps>
(epstopdf)                    date: 2013-06-10 17:41:25
(epstopdf)                    size: 9251 bytes
(epstopdf)             Output file: <../plots_tables_images/1d1dsums_4_9-eps-co
nverted-to.pdf>
(epstopdf)                    date: 2013-06-10 17:41:43
(epstopdf)                    size: 7274 bytes
(epstopdf)             Command: <epstopdf --outfile=../plots_tables_images/1d1d
sums_4_9-eps-converted-to.pdf ../plots_tables_images/1d1dsums_4_9.eps>
(epstopdf)             \includegraphics on input line 384.
Package epstopdf Info: Output file is already uptodate.

<../plots_tables_images/1d1dsums_4_9-eps-converted-to.pdf, id=116, 552.0625pt x
 338.26375pt>
File: ../plots_tables_images/1d1dsums_4_9-eps-converted-to.pdf Graphic file (ty
pe pdf)
 <use ../plots_tables_images/1d1dsums_4_9-eps-converted-to.pdf>
Package pdftex.def Info: ../plots_tables_images/1d1dsums_4_9-eps-converted-to.p
df used on input line 384.
(pdftex.def)             Requested size: 135.89175pt x 83.26503pt.
Package epstopdf Info: Source file: <../plots_tables_images/1d1dsums_5_0.eps>
(epstopdf)                    date: 2013-06-10 17:41:25
(epstopdf)                    size: 12685 bytes
(epstopdf)             Output file: <../plots_tables_images/1d1dsums_5_0-eps-co
nverted-to.pdf>
(epstopdf)                    date: 2013-06-10 17:41:43
(epstopdf)                    size: 8186 bytes
(epstopdf)             Command: <epstopdf --outfile=../plots_tables_images/1d1d
sums_5_0-eps-converted-to.pdf ../plots_tables_images/1d1dsums_5_0.eps>
(epstopdf)             \includegraphics on input line 391.
Package epstopdf Info: Output file is already uptodate.

<../plots_tables_images/1d1dsums_5_0-eps-converted-to.pdf, id=117, 552.0625pt x
 338.26375pt>
File: ../plots_tables_images/1d1dsums_5_0-eps-converted-to.pdf Graphic file (ty
pe pdf)
 <use ../plots_tables_images/1d1dsums_5_0-eps-converted-to.pdf>
Package pdftex.def Info: ../plots_tables_images/1d1dsums_5_0-eps-converted-to.p
df used on input line 391.
(pdftex.def)             Requested size: 135.89175pt x 83.26503pt.
Package epstopdf Info: Source file: <../plots_tables_images/1d1dsums_5_6.eps>
(epstopdf)                    date: 2013-06-10 17:41:25
(epstopdf)                    size: 12201 bytes
(epstopdf)             Output file: <../plots_tables_images/1d1dsums_5_6-eps-co
nverted-to.pdf>
(epstopdf)                    date: 2013-06-10 17:41:43
(epstopdf)                    size: 8049 bytes
(epstopdf)             Command: <epstopdf --outfile=../plots_tables_images/1d1d
sums_5_6-eps-converted-to.pdf ../plots_tables_images/1d1dsums_5_6.eps>
(epstopdf)             \includegraphics on input line 396.
Package epstopdf Info: Output file is already uptodate.

<../plots_tables_images/1d1dsums_5_6-eps-converted-to.pdf, id=118, 552.0625pt x
 338.26375pt>
File: ../plots_tables_images/1d1dsums_5_6-eps-converted-to.pdf Graphic file (ty
pe pdf)
 <use ../plots_tables_images/1d1dsums_5_6-eps-converted-to.pdf>
Package pdftex.def Info: ../plots_tables_images/1d1dsums_5_6-eps-converted-to.p
df used on input line 396.
(pdftex.def)             Requested size: 135.89175pt x 83.26503pt.
Package epstopdf Info: Source file: <../plots_tables_images/1d1dsums_5_9.eps>
(epstopdf)                    date: 2013-06-10 17:41:25
(epstopdf)                    size: 10758 bytes
(epstopdf)             Output file: <../plots_tables_images/1d1dsums_5_9-eps-co
nverted-to.pdf>
(epstopdf)                    date: 2013-06-10 17:41:44
(epstopdf)                    size: 7764 bytes
(epstopdf)             Command: <epstopdf --outfile=../plots_tables_images/1d1d
sums_5_9-eps-converted-to.pdf ../plots_tables_images/1d1dsums_5_9.eps>
(epstopdf)             \includegraphics on input line 402.
Package epstopdf Info: Output file is already uptodate.

<../plots_tables_images/1d1dsums_5_9-eps-converted-to.pdf, id=119, 552.0625pt x
 338.26375pt>
File: ../plots_tables_images/1d1dsums_5_9-eps-converted-to.pdf Graphic file (ty
pe pdf)
 <use ../plots_tables_images/1d1dsums_5_9-eps-converted-to.pdf>
Package pdftex.def Info: ../plots_tables_images/1d1dsums_5_9-eps-converted-to.p
df used on input line 402.
(pdftex.def)             Requested size: 135.89175pt x 83.26503pt.
Package epstopdf Info: Source file: <../plots_tables_images/1d1dsums_6_0.eps>
(epstopdf)                    date: 2013-06-10 17:41:25
(epstopdf)                    size: 9506 bytes
(epstopdf)             Output file: <../plots_tables_images/1d1dsums_6_0-eps-co
nverted-to.pdf>
(epstopdf)                    date: 2013-06-10 17:41:44
(epstopdf)                    size: 7293 bytes
(epstopdf)             Command: <epstopdf --outfile=../plots_tables_images/1d1d
sums_6_0-eps-converted-to.pdf ../plots_tables_images/1d1dsums_6_0.eps>
(epstopdf)             \includegraphics on input line 409.
Package epstopdf Info: Output file is already uptodate.

<../plots_tables_images/1d1dsums_6_0-eps-converted-to.pdf, id=120, 552.0625pt x
 338.26375pt>
File: ../plots_tables_images/1d1dsums_6_0-eps-converted-to.pdf Graphic file (ty
pe pdf)
 <use ../plots_tables_images/1d1dsums_6_0-eps-converted-to.pdf>
Package pdftex.def Info: ../plots_tables_images/1d1dsums_6_0-eps-converted-to.p
df used on input line 409.
(pdftex.def)             Requested size: 135.89175pt x 83.26503pt.
Package epstopdf Info: Source file: <../plots_tables_images/1d1dsums_6_3.eps>
(epstopdf)                    date: 2013-06-10 17:41:25
(epstopdf)                    size: 11110 bytes
(epstopdf)             Output file: <../plots_tables_images/1d1dsums_6_3-eps-co
nverted-to.pdf>
(epstopdf)                    date: 2013-06-10 17:41:44
(epstopdf)                    size: 7759 bytes
(epstopdf)             Command: <epstopdf --outfile=../plots_tables_images/1d1d
sums_6_3-eps-converted-to.pdf ../plots_tables_images/1d1dsums_6_3.eps>
(epstopdf)             \includegraphics on input line 415.
Package epstopdf Info: Output file is already uptodate.

<../plots_tables_images/1d1dsums_6_3-eps-converted-to.pdf, id=121, 552.0625pt x
 338.26375pt>
File: ../plots_tables_images/1d1dsums_6_3-eps-converted-to.pdf Graphic file (ty
pe pdf)
 <use ../plots_tables_images/1d1dsums_6_3-eps-converted-to.pdf>
Package pdftex.def Info: ../plots_tables_images/1d1dsums_6_3-eps-converted-to.p
df used on input line 415.
(pdftex.def)             Requested size: 135.89175pt x 83.26503pt.
Package epstopdf Info: Source file: <../plots_tables_images/1d1dsums_6_9.eps>
(epstopdf)                    date: 2013-06-10 17:41:25
(epstopdf)                    size: 10754 bytes
(epstopdf)             Output file: <../plots_tables_images/1d1dsums_6_9-eps-co
nverted-to.pdf>
(epstopdf)                    date: 2013-06-10 17:41:44
(epstopdf)                    size: 7622 bytes
(epstopdf)             Command: <epstopdf --outfile=../plots_tables_images/1d1d
sums_6_9-eps-converted-to.pdf ../plots_tables_images/1d1dsums_6_9.eps>
(epstopdf)             \includegraphics on input line 420.
Package epstopdf Info: Output file is already uptodate.

<../plots_tables_images/1d1dsums_6_9-eps-converted-to.pdf, id=122, 552.0625pt x
 338.26375pt>
File: ../plots_tables_images/1d1dsums_6_9-eps-converted-to.pdf Graphic file (ty
pe pdf)
 <use ../plots_tables_images/1d1dsums_6_9-eps-converted-to.pdf>
Package pdftex.def Info: ../plots_tables_images/1d1dsums_6_9-eps-converted-to.p
df used on input line 420.
(pdftex.def)             Requested size: 135.89175pt x 83.26503pt.


LaTeX Warning: Float too large for page by 15.48883pt on input line 425.

Table 1 has been set to width 416.35788pt
[2 <../plots_tables_images/gfitted-eps-converted-to.pdf>] [3 <../plots_tables_i
mages/gaussfitcomp-eps-converted-to.pdf>]
LaTeX Font Info:    Try loading font information for OMS+cmss on input line 488
.
LaTeX Font Info:    No file OMScmss.fd. on input line 488.


LaTeX Font Warning: Font shape `OMS/cmss/m/n' undefined
(Font)              using `OMS/cmsy/m/n' instead
(Font)              for symbol `textasteriskcentered' on input line 488.

Package atveryend Info: Empty hook `BeforeClearDocument' on input line 501.
[4 <../plots_tables_images/1dsums-eps-converted-to.pdf>] [5 <../plots_tables_im
ages/1d1dcrop_0_0-eps-converted-to.pdf> <../plots_tables_images/1d1dcrop_0_1-ep
s-converted-to.pdf> <../plots_tables_images/1d1dcrop_0_4-eps-converted-to.pdf> 
<../plots_tables_images/1d1dcrop_0_8-eps-converted-to.pdf> <../plots_tables_ima
ges/1d1dcrop_0_9-eps-converted-to.pdf> <../plots_tables_images/1d1dcrop_1_0-eps
-converted-to.pdf> <../plots_tables_images/1d1dcrop_1_1-eps-converted-to.pdf> <
../plots_tables_images/1d1dcrop_1_9-eps-converted-to.pdf> <../plots_tables_imag
es/1d1dcrop_2_0-eps-converted-to.pdf> <../plots_tables_images/1d1dcrop_2_5-eps-
converted-to.pdf> <../plots_tables_images/1d1dcrop_2_9-eps-converted-to.pdf> <.
./plots_tables_images/1d1dcrop_3_0-eps-converted-to.pdf> <../plots_tables_image
s/1d1dcrop_3_2-eps-converted-to.pdf> <../plots_tables_images/1d1dcrop_4_0-eps-c
onverted-to.pdf> <../plots_tables_images/1d1dcrop_4_9-eps-converted-to.pdf> <..
/plots_tables_images/1d1dcrop_5_0-eps-converted-to.pdf> <../plots_tables_images
/1d1dcrop_5_6-eps-converted-to.pdf> <../plots_tables_images/1d1dcrop_5_9-eps-co
nverted-to.pdf> <../plots_tables_images/1d1dcrop_6_0-eps-converted-to.pdf> <../
plots_tables_images/1d1dcrop_6_3-eps-converted-to.pdf> <../plots_tables_images/
1d1dcrop_6_9-eps-converted-to.pdf>] [6 <../plots_tables_images/1d1dsums_0_0-eps
-converted-to.pdf> <../plots_tables_images/1d1dsums_0_1-eps-converted-to.pdf> <
../plots_tables_images/1d1dsums_0_4-eps-converted-to.pdf> <../plots_tables_imag
es/1d1dsums_0_8-eps-converted-to.pdf> <../plots_tables_images/1d1dsums_0_9-eps-
converted-to.pdf> <../plots_tables_images/1d1dsums_1_0-eps-converted-to.pdf> <.
./plots_tables_images/1d1dsums_1_1-eps-converted-to.pdf> <../plots_tables_image
s/1d1dsums_1_9-eps-converted-to.pdf> <../plots_tables_images/1d1dsums_2_0-eps-c
onverted-to.pdf> <../plots_tables_images/1d1dsums_2_5-eps-converted-to.pdf> <..
/plots_tables_images/1d1dsums_2_9-eps-converted-to.pdf> <../plots_tables_images
/1d1dsums_3_0-eps-converted-to.pdf> <../plots_tables_images/1d1dsums_3_2-eps-co
nverted-to.pdf> <../plots_tables_images/1d1dsums_4_0-eps-converted-to.pdf> <../
plots_tables_images/1d1dsums_4_9-eps-converted-to.pdf> <../plots_tables_images/
1d1dsums_5_0-eps-converted-to.pdf> <../plots_tables_images/1d1dsums_5_6-eps-con
verted-to.pdf> <../plots_tables_images/1d1dsums_5_9-eps-converted-to.pdf> <../p
lots_tables_images/1d1dsums_6_0-eps-converted-to.pdf> <../plots_tables_images/1
d1dsums_6_3-eps-converted-to.pdf> <../plots_tables_images/1d1dsums_6_9-eps-conv
erted-to.pdf>]
Package atveryend Info: Empty hook `AfterLastShipout' on input line 501.
 (./sum_to_find_fids.aux)
Package atveryend Info: Executing hook `AtVeryEndDocument' on input line 501.
Package atveryend Info: Executing hook `AtEndAfterFileList' on input line 501.
Package rerunfilecheck Info: File `sum_to_find_fids.out' has not changed.
(rerunfilecheck)             Checksum: A29773DF785ECB68E75107140757CB60;362.


LaTeX Font Warning: Some font shapes were not available, defaults substituted.

Package atveryend Info: Empty hook `AtVeryVeryEnd' on input line 501.
 ) 
Here is how much of TeX's memory you used:
 11448 strings out of 493481
 183829 string characters out of 3140966
 336616 words of memory out of 3000000
 14514 multiletter control sequences out of 15000+200000
 18721 words of font info for 52 fonts, out of 3000000 for 9000
 957 hyphenation exceptions out of 8191
 48i,9n,58p,606b,1280s stack positions out of 5000i,500n,10000p,200000b,50000s
{/usr/local/texlive/2012/texmf-dist/fonts/enc/dvips/cm-super/cm-super-t1.enc}
</usr/local/texlive/2012/texmf-dist/fonts/type1/public/amsfonts/cm/cmmi10.pfb><
/usr/local/texlive/2012/texmf-dist/fonts/type1/public/amsfonts/cm/cmr10.pfb></u
sr/local/texlive/2012/texmf-dist/fonts/type1/public/amsfonts/cm/cmr7.pfb></usr/
local/texlive/2012/texmf-dist/fonts/type1/public/amsfonts/cm/cmsy8.pfb></usr/lo
cal/texlive/2012/texmf-dist/fonts/type1/public/cm-super/sfrm0700.pfb></usr/loca
l/texlive/2012/texmf-dist/fonts/type1/public/cm-super/sfrm0800.pfb></usr/local/
texlive/2012/texmf-dist/fonts/type1/public/cm-super/sfrm0900.pfb></usr/local/te
xlive/2012/texmf-dist/fonts/type1/public/cm-super/sfrm1000.pfb></usr/local/texl
ive/2012/texmf-dist/fonts/type1/public/cm-super/sfrm1440.pfb></usr/local/texliv
e/2012/texmf-dist/fonts/type1/public/cm-super/sfss0800.pfb></usr/local/texlive/
2012/texmf-dist/fonts/type1/public/cm-super/sfsx1000.pfb></usr/local/texlive/20
12/texmf-dist/fonts/type1/public/cm-super/sfsx1200.pfb></usr/local/texlive/2012
/texmf-dist/fonts/type1/public/cm-super/sfsx1440.pfb></usr/local/texlive/2012/t
exmf-dist/fonts/type1/public/cm-super/sfsx2074.pfb></usr/local/texlive/2012/tex
mf-dist/fonts/type1/public/cm-super/sftt1000.pfb>
Output written on sum_to_find_fids.pdf (7 pages, 550836 bytes).
PDF statistics:
 416 PDF objects out of 1000 (max. 8388607)
 310 compressed objects within 4 object streams
 34 named destinations out of 1000 (max. 500000)
 294 words of extra memory for PDF output out of 10000 (max. 10000000)

